#
# There is insufficient memory for the Java Runtime Environment to continue.
# Native memory allocation (mmap) failed to map 50331648 bytes for G1 virtual space
# Possible reasons:
#   The system is out of physical RAM or swap space
#   The process is running with CompressedOops enabled, and the Java Heap may be blocking the growth of the native heap
# Possible solutions:
#   Reduce memory load on the system
#   Increase physical memory or swap space
#   Check if swap backing store is full
#   Decrease Java heap size (-Xmx/-Xms)
#   Decrease number of Java threads
#   Decrease Java thread stack sizes (-Xss)
#   Set larger code cache with -XX:ReservedCodeCacheSize=
#   JVM is running with Unscaled Compressed Oops mode in which the Java heap is
#     placed in the first 4GB address space. The Java Heap base address is the
#     maximum limit for the native heap growth. Please use -XX:HeapBaseMinAddress
#     to set the Java Heap base and to place the Java Heap above 4GB virtual address.
# This output file may be truncated or incomplete.
#
#  Out of Memory Error (os_windows.cpp:3466), pid=4156, tid=2548
#
# JRE version: OpenJDK Runtime Environment (16.0.1+9) (build 16.0.1+9-24)
# Java VM: OpenJDK 64-Bit Server VM (16.0.1+9-24, mixed mode, tiered, compressed oops, compressed class ptrs, g1 gc, windows-amd64)
# No core dump will be written. Minidumps are not enabled by default on client versions of Windows
#

---------------  S U M M A R Y ------------

Command Line: -Dfile.encoding=UTF-8 -XX:+ShowCodeDetailsInExceptionMessages org.genration.blogPessoal.BlogPessoalApplication

Host: Intel(R) Core(TM) i5-7200U CPU @ 2.50GHz, 4 cores, 7G,  Windows 10 , 64 bit Build 19041 (10.0.19041.1202)
Time: Thu Oct 14 13:19:51 2021 Hora oficial do Brasil elapsed time: 5.397767 seconds (0d 0h 0m 5s)

---------------  T H R E A D  ---------------

Current thread (0x0000011b414a26d0):  VMThread "VM Thread" [stack: 0x000000015e100000,0x000000015e200000] [id=2548]

Stack: [0x000000015e100000,0x000000015e200000]
Native frames: (J=compiled Java code, j=interpreted, Vv=VM code, C=native code)
V  [jvm.dll+0x6687ca]
V  [jvm.dll+0x7ca3c9]
V  [jvm.dll+0x7cbb53]
V  [jvm.dll+0x7cc1b3]
V  [jvm.dll+0x242ea5]
V  [jvm.dll+0x665589]
V  [jvm.dll+0x65a175]
V  [jvm.dll+0x2fc5ab]
V  [jvm.dll+0x3037a6]
V  [jvm.dll+0x352fee]
V  [jvm.dll+0x35321f]
V  [jvm.dll+0x2d3618]
V  [jvm.dll+0x2d11a5]
V  [jvm.dll+0x2d07dc]
V  [jvm.dll+0x3158c2]
V  [jvm.dll+0x7d05eb]
V  [jvm.dll+0x7d12e4]
V  [jvm.dll+0x7d17e9]
V  [jvm.dll+0x7d1aa4]
V  [jvm.dll+0x7d1b70]
V  [jvm.dll+0x779b4a]
V  [jvm.dll+0x667666]
C  [ucrtbase.dll+0x21bb2]
C  [KERNEL32.DLL+0x17034]
C  [ntdll.dll+0x52651]

VM_Operation (0x000000015f5fc030): G1CollectForAllocation, mode: safepoint, requested by thread 0x0000011b42c94c90


---------------  P R O C E S S  ---------------

Threads class SMR info:
_java_thread_list=0x0000011b436b8c20, length=15, elements={
0x0000011b27f59730, 0x0000011b414a78a0, 0x0000011b414aae60, 0x0000011b414e74f0,
0x0000011b41503a20, 0x0000011b42000c10, 0x0000011b42001cc0, 0x0000011b42006320,
0x0000011b42008440, 0x0000011b42025130, 0x0000011b42166c80, 0x0000011b42189d40,
0x0000011b42acafd0, 0x0000011b43092200, 0x0000011b42c94c90
}

Java Threads: ( => current thread )
  0x0000011b27f59730 JavaThread "main" [_thread_blocked, id=14112, stack(0x000000015db00000,0x000000015dc00000)]
  0x0000011b414a78a0 JavaThread "Reference Handler" daemon [_thread_blocked, id=13052, stack(0x000000015e200000,0x000000015e300000)]
  0x0000011b414aae60 JavaThread "Finalizer" daemon [_thread_blocked, id=7908, stack(0x000000015e300000,0x000000015e400000)]
  0x0000011b414e74f0 JavaThread "Signal Dispatcher" daemon [_thread_blocked, id=4500, stack(0x000000015e400000,0x000000015e500000)]
  0x0000011b41503a20 JavaThread "Attach Listener" daemon [_thread_blocked, id=448, stack(0x000000015e500000,0x000000015e600000)]
  0x0000011b42000c10 JavaThread "Service Thread" daemon [_thread_blocked, id=268, stack(0x000000015e600000,0x000000015e700000)]
  0x0000011b42001cc0 JavaThread "Monitor Deflation Thread" daemon [_thread_blocked, id=3720, stack(0x000000015e700000,0x000000015e800000)]
  0x0000011b42006320 JavaThread "C2 CompilerThread0" daemon [_thread_in_native, id=2784, stack(0x000000015e800000,0x000000015e900000)]
  0x0000011b42008440 JavaThread "C1 CompilerThread0" daemon [_thread_blocked, id=5544, stack(0x000000015e900000,0x000000015ea00000)]
  0x0000011b42025130 JavaThread "Sweeper thread" daemon [_thread_blocked, id=3296, stack(0x000000015ea00000,0x000000015eb00000)]
  0x0000011b42166c80 JavaThread "Notification Thread" daemon [_thread_blocked, id=3772, stack(0x000000015eb00000,0x000000015ec00000)]
  0x0000011b42189d40 JavaThread "Common-Cleaner" daemon [_thread_blocked, id=12196, stack(0x000000015ed00000,0x000000015ee00000)]
  0x0000011b42acafd0 JavaThread "C2 CompilerThread1" daemon [_thread_in_native, id=11452, stack(0x000000015ee00000,0x000000015ef00000)]
  0x0000011b43092200 JavaThread "Thread-0" [_thread_blocked, id=3908, stack(0x000000015f400000,0x000000015f500000)]
  0x0000011b42c94c90 JavaThread "restartedMain" [_thread_blocked, id=9220, stack(0x000000015f500000,0x000000015f600000)]

Other Threads:
=>0x0000011b414a26d0 VMThread "VM Thread" [stack: 0x000000015e100000,0x000000015e200000] [id=2548]
  0x0000011b4216b5c0 WatcherThread [stack: 0x000000015ec00000,0x000000015ed00000] [id=14284]
  0x0000011b27f99cb0 GCTaskThread "GC Thread#0" [stack: 0x000000015dc00000,0x000000015dd00000] [id=808]
  0x0000011b42cc2cc0 GCTaskThread "GC Thread#1" [stack: 0x000000015ef00000,0x000000015f000000] [id=2900]
  0x0000011b42cc2fd0 GCTaskThread "GC Thread#2" [stack: 0x000000015f000000,0x000000015f100000] [id=13892]
  0x0000011b42cba8e0 GCTaskThread "GC Thread#3" [stack: 0x000000015f100000,0x000000015f200000] [id=4680]
  0x0000011b27fab220 ConcurrentGCThread "G1 Main Marker" [stack: 0x000000015dd00000,0x000000015de00000] [id=6824]
  0x0000011b27facca0 ConcurrentGCThread "G1 Conc#0" [stack: 0x000000015de00000,0x000000015df00000] [id=2252]
  0x0000011b28024fb0 ConcurrentGCThread "G1 Refine#0" [stack: 0x000000015df00000,0x000000015e000000] [id=756]
  0x0000011b42e786f0 ConcurrentGCThread "G1 Refine#1" [stack: 0x000000015f200000,0x000000015f300000] [id=7228]
  0x0000011b42cc3af0 ConcurrentGCThread "G1 Refine#2" [stack: 0x000000015f300000,0x000000015f400000] [id=8900]
  0x0000011b28025a30 ConcurrentGCThread "G1 Service" [stack: 0x000000015e000000,0x000000015e100000] [id=4580]

Threads with active compile tasks:
C2 CompilerThread0     5426 3878       4       org.springframework.beans.factory.support.AbstractAutowireCapableBeanFactory::predictBeanType (126 bytes)
C2 CompilerThread1     5426 3841       4       org.springframework.beans.factory.support.AbstractBeanFactory::isTypeMatch (607 bytes)

VM state: at safepoint (normal execution)

VM Mutex/Monitor currently owned by a thread:  ([mutex/lock_event])
[0x0000011b27f55ca0] Threads_lock - owner thread: 0x0000011b414a26d0
[0x0000011b27f55790] Heap_lock - owner thread: 0x0000011b42c94c90

Heap address: 0x0000000081c00000, size: 2020 MB, Compressed Oops mode: 32-bit

CDS disabled.
Compressed class space mapped at: 0x0000000100000000-0x0000000140000000, reserved size: 1073741824
Narrow klass base: 0x0000000000000000, Narrow klass shift: 3, Narrow klass range: 0x140000000

GC Precious Log:
 CPUs: 4 total, 4 available
 Memory: 8073M
 Large Page Support: Disabled
 NUMA Support: Disabled
 Compressed Oops: Enabled (32-bit)
 Heap Region Size: 1M
 Heap Min Capacity: 8M
 Heap Initial Capacity: 128M
 Heap Max Capacity: 2020M
 Pre-touch: Disabled
 Parallel Workers: 4
 Concurrent Workers: 1
 Concurrent Refinement Workers: 4
 Periodic GC: Disabled

Heap:
 garbage-first heap   total 81920K, used 19144K [0x0000000081c00000, 0x0000000100000000)
  region size 1024K, 1 young (1024K), 1 survivors (1024K)
 Metaspace       used 39663K, committed 40064K, reserved 1089536K
  class space    used 4688K, committed 4864K, reserved 1048576K

Heap Regions: E=young(eden), S=young(survivor), O=old, HS=humongous(starts), HC=humongous(continues), CS=collection set, F=free, OA=open archive, CA=closed archive, TAMS=top-at-mark-start (previous, next)
|   0|0x0000000081c00000, 0x0000000081d00000, 0x0000000081d00000|100%|HS|  |TAMS 0x0000000081d00000, 0x0000000081c00000| Complete 
|   1|0x0000000081d00000, 0x0000000081e00000, 0x0000000081e00000|100%| O|  |TAMS 0x0000000081e00000, 0x0000000081d00000| Untracked 
|   2|0x0000000081e00000, 0x0000000081f00000, 0x0000000081f00000|100%| O|  |TAMS 0x0000000081f00000, 0x0000000081e00000| Untracked 
|   3|0x0000000081f00000, 0x0000000082000000, 0x0000000082000000|100%| O|  |TAMS 0x0000000082000000, 0x0000000081f00000| Untracked 
|   4|0x0000000082000000, 0x0000000082100000, 0x0000000082100000|100%| O|  |TAMS 0x0000000082100000, 0x0000000082000000| Untracked 
|   5|0x0000000082100000, 0x0000000082200000, 0x0000000082200000|100%| O|  |TAMS 0x0000000082200000, 0x0000000082100000| Untracked 
|   6|0x0000000082200000, 0x0000000082285c00, 0x0000000082300000| 52%| O|  |TAMS 0x0000000082285c00, 0x0000000082200000| Untracked 
|   7|0x0000000082300000, 0x0000000082400000, 0x0000000082400000|100%| O|  |TAMS 0x0000000082400000, 0x0000000082300000| Untracked 
|   8|0x0000000082400000, 0x0000000082500000, 0x0000000082500000|100%| O|  |TAMS 0x0000000082500000, 0x0000000082400000| Untracked 
|   9|0x0000000082500000, 0x0000000082600000, 0x0000000082600000|100%| O|  |TAMS 0x0000000082600000, 0x0000000082500000| Untracked 
|  10|0x0000000082600000, 0x0000000082700000, 0x0000000082700000|100%| O|  |TAMS 0x0000000082700000, 0x0000000082600000| Untracked 
|  11|0x0000000082700000, 0x0000000082800000, 0x0000000082800000|100%| O|  |TAMS 0x00000000827df200, 0x0000000082700000| Untracked 
|  12|0x0000000082800000, 0x0000000082900000, 0x0000000082900000|100%| O|  |TAMS 0x0000000082800000, 0x0000000082800000| Untracked 
|  13|0x0000000082900000, 0x0000000082a00000, 0x0000000082a00000|100%| O|  |TAMS 0x0000000082900000, 0x0000000082900000| Untracked 
|  14|0x0000000082a00000, 0x0000000082b00000, 0x0000000082b00000|100%| O|  |TAMS 0x0000000082a00000, 0x0000000082a00000| Untracked 
|  15|0x0000000082b00000, 0x0000000082c00000, 0x0000000082c00000|100%| O|  |TAMS 0x0000000082b00000, 0x0000000082b00000| Untracked 
|  16|0x0000000082c00000, 0x0000000082d00000, 0x0000000082d00000|100%| O|  |TAMS 0x0000000082c00000, 0x0000000082c00000| Untracked 
|  17|0x0000000082d00000, 0x0000000082e00000, 0x0000000082e00000|100%| O|  |TAMS 0x0000000082d00000, 0x0000000082d00000| Untracked 
|  18|0x0000000082e00000, 0x0000000082e5a400, 0x0000000082f00000| 35%| O|  |TAMS 0x0000000082e00000, 0x0000000082e00000| Untracked 
|  19|0x0000000082f00000, 0x0000000082f00000, 0x0000000083000000|  0%| F|  |TAMS 0x0000000082f00000, 0x0000000082f00000| Untracked 
|  20|0x0000000083000000, 0x0000000083000000, 0x0000000083100000|  0%| F|  |TAMS 0x0000000083000000, 0x0000000083000000| Untracked 
|  21|0x0000000083100000, 0x0000000083100000, 0x0000000083200000|  0%| F|  |TAMS 0x0000000083100000, 0x0000000083100000| Untracked 
|  22|0x0000000083200000, 0x0000000083200000, 0x0000000083300000|  0%| F|  |TAMS 0x0000000083200000, 0x0000000083200000| Untracked 
|  23|0x0000000083300000, 0x0000000083300000, 0x0000000083400000|  0%| F|  |TAMS 0x0000000083300000, 0x0000000083300000| Untracked 
|  24|0x0000000083400000, 0x0000000083400000, 0x0000000083500000|  0%| F|  |TAMS 0x0000000083400000, 0x0000000083400000| Untracked 
|  25|0x0000000083500000, 0x0000000083500000, 0x0000000083600000|  0%| F|  |TAMS 0x0000000083500000, 0x0000000083500000| Untracked 
|  26|0x0000000083600000, 0x0000000083600000, 0x0000000083700000|  0%| F|  |TAMS 0x0000000083600000, 0x0000000083600000| Untracked 
|  27|0x0000000083700000, 0x00000000837d2380, 0x0000000083800000| 82%| S|CS|TAMS 0x0000000083700000, 0x0000000083700000| Complete 
|  28|0x0000000083800000, 0x0000000083800000, 0x0000000083900000|  0%| F|  |TAMS 0x0000000083800000, 0x0000000083800000| Untracked 
|  29|0x0000000083900000, 0x0000000083900000, 0x0000000083a00000|  0%| F|  |TAMS 0x0000000083900000, 0x0000000083900000| Untracked 
|  30|0x0000000083a00000, 0x0000000083a00000, 0x0000000083b00000|  0%| F|  |TAMS 0x0000000083a00000, 0x0000000083a00000| Untracked 
|  31|0x0000000083b00000, 0x0000000083b00000, 0x0000000083c00000|  0%| F|  |TAMS 0x0000000083b00000, 0x0000000083b00000| Untracked 
|  32|0x0000000083c00000, 0x0000000083c00000, 0x0000000083d00000|  0%| F|  |TAMS 0x0000000083c00000, 0x0000000083c00000| Untracked 
|  33|0x0000000083d00000, 0x0000000083d00000, 0x0000000083e00000|  0%| F|  |TAMS 0x0000000083d00000, 0x0000000083d00000| Untracked 
|  34|0x0000000083e00000, 0x0000000083e00000, 0x0000000083f00000|  0%| F|  |TAMS 0x0000000083e00000, 0x0000000083e00000| Untracked 
|  35|0x0000000083f00000, 0x0000000083f00000, 0x0000000084000000|  0%| F|  |TAMS 0x0000000083f00000, 0x0000000083f00000| Untracked 
|  36|0x0000000084000000, 0x0000000084000000, 0x0000000084100000|  0%| F|  |TAMS 0x0000000084000000, 0x0000000084000000| Untracked 
|  37|0x0000000084100000, 0x0000000084100000, 0x0000000084200000|  0%| F|  |TAMS 0x0000000084100000, 0x0000000084100000| Untracked 
|  38|0x0000000084200000, 0x0000000084200000, 0x0000000084300000|  0%| F|  |TAMS 0x0000000084200000, 0x0000000084200000| Untracked 
|  39|0x0000000084300000, 0x0000000084300000, 0x0000000084400000|  0%| F|  |TAMS 0x0000000084300000, 0x0000000084300000| Untracked 
|  40|0x0000000084400000, 0x0000000084400000, 0x0000000084500000|  0%| F|  |TAMS 0x0000000084400000, 0x0000000084400000| Untracked 
|  41|0x0000000084500000, 0x0000000084500000, 0x0000000084600000|  0%| F|  |TAMS 0x0000000084500000, 0x0000000084500000| Untracked 
|  42|0x0000000084600000, 0x0000000084600000, 0x0000000084700000|  0%| F|  |TAMS 0x0000000084600000, 0x0000000084600000| Untracked 
|  43|0x0000000084700000, 0x0000000084700000, 0x0000000084800000|  0%| F|  |TAMS 0x0000000084700000, 0x0000000084700000| Untracked 
|  44|0x0000000084800000, 0x0000000084800000, 0x0000000084900000|  0%| F|  |TAMS 0x0000000084800000, 0x0000000084800000| Untracked 
|  45|0x0000000084900000, 0x0000000084900000, 0x0000000084a00000|  0%| F|  |TAMS 0x0000000084900000, 0x0000000084900000| Untracked 
|  46|0x0000000084a00000, 0x0000000084a00000, 0x0000000084b00000|  0%| F|  |TAMS 0x0000000084a00000, 0x0000000084a00000| Untracked 
|  47|0x0000000084b00000, 0x0000000084b00000, 0x0000000084c00000|  0%| F|  |TAMS 0x0000000084b00000, 0x0000000084b00000| Untracked 
|  48|0x0000000084c00000, 0x0000000084c00000, 0x0000000084d00000|  0%| F|  |TAMS 0x0000000084c00000, 0x0000000084c00000| Untracked 
|  49|0x0000000084d00000, 0x0000000084d00000, 0x0000000084e00000|  0%| F|  |TAMS 0x0000000084d00000, 0x0000000084d00000| Untracked 
|  50|0x0000000084e00000, 0x0000000084e00000, 0x0000000084f00000|  0%| F|  |TAMS 0x0000000084e00000, 0x0000000084e00000| Untracked 
|  51|0x0000000084f00000, 0x0000000084f00000, 0x0000000085000000|  0%| F|  |TAMS 0x0000000084f00000, 0x0000000084f00000| Untracked 
|  52|0x0000000085000000, 0x0000000085000000, 0x0000000085100000|  0%| F|  |TAMS 0x0000000085000000, 0x0000000085000000| Untracked 
|  53|0x0000000085100000, 0x0000000085100000, 0x0000000085200000|  0%| F|  |TAMS 0x0000000085100000, 0x0000000085100000| Untracked 
|  54|0x0000000085200000, 0x0000000085200000, 0x0000000085300000|  0%| F|  |TAMS 0x0000000085200000, 0x0000000085200000| Untracked 
|  55|0x0000000085300000, 0x0000000085300000, 0x0000000085400000|  0%| F|  |TAMS 0x0000000085300000, 0x0000000085300000| Untracked 
|  56|0x0000000085400000, 0x0000000085400000, 0x0000000085500000|  0%| F|  |TAMS 0x0000000085400000, 0x0000000085400000| Untracked 
|  57|0x0000000085500000, 0x0000000085500000, 0x0000000085600000|  0%| F|  |TAMS 0x0000000085500000, 0x0000000085500000| Untracked 
|  58|0x0000000085600000, 0x0000000085600000, 0x0000000085700000|  0%| F|  |TAMS 0x0000000085600000, 0x0000000085600000| Untracked 
|  59|0x0000000085700000, 0x0000000085700000, 0x0000000085800000|  0%| F|  |TAMS 0x0000000085700000, 0x0000000085700000| Untracked 
|  60|0x0000000085800000, 0x0000000085800000, 0x0000000085900000|  0%| F|  |TAMS 0x0000000085800000, 0x0000000085800000| Untracked 
|  61|0x0000000085900000, 0x0000000085900000, 0x0000000085a00000|  0%| F|  |TAMS 0x0000000085900000, 0x0000000085900000| Untracked 
|  62|0x0000000085a00000, 0x0000000085a00000, 0x0000000085b00000|  0%| F|  |TAMS 0x0000000085a00000, 0x0000000085a00000| Untracked 
|  63|0x0000000085b00000, 0x0000000085b00000, 0x0000000085c00000|  0%| F|  |TAMS 0x0000000085b00000, 0x0000000085b00000| Untracked 
|  64|0x0000000085c00000, 0x0000000085c00000, 0x0000000085d00000|  0%| F|  |TAMS 0x0000000085c00000, 0x0000000085c00000| Untracked 
|  65|0x0000000085d00000, 0x0000000085d00000, 0x0000000085e00000|  0%| F|  |TAMS 0x0000000085d00000, 0x0000000085d00000| Untracked 
|  66|0x0000000085e00000, 0x0000000085e00000, 0x0000000085f00000|  0%| F|  |TAMS 0x0000000085e00000, 0x0000000085e00000| Untracked 
|  67|0x0000000085f00000, 0x0000000085f00000, 0x0000000086000000|  0%| F|  |TAMS 0x0000000085f00000, 0x0000000085f00000| Untracked 
|  68|0x0000000086000000, 0x0000000086000000, 0x0000000086100000|  0%| F|  |TAMS 0x0000000086000000, 0x0000000086000000| Untracked 
|  69|0x0000000086100000, 0x0000000086100000, 0x0000000086200000|  0%| F|  |TAMS 0x0000000086100000, 0x0000000086100000| Untracked 
|  70|0x0000000086200000, 0x0000000086200000, 0x0000000086300000|  0%| F|  |TAMS 0x0000000086200000, 0x0000000086200000| Untracked 
|  71|0x0000000086300000, 0x0000000086300000, 0x0000000086400000|  0%| F|  |TAMS 0x0000000086300000, 0x0000000086300000| Untracked 
|  72|0x0000000086400000, 0x0000000086400000, 0x0000000086500000|  0%| F|  |TAMS 0x0000000086400000, 0x0000000086400000| Untracked 
|  73|0x0000000086500000, 0x0000000086500000, 0x0000000086600000|  0%| F|  |TAMS 0x0000000086500000, 0x0000000086500000| Untracked 
|  74|0x0000000086600000, 0x0000000086600000, 0x0000000086700000|  0%| F|  |TAMS 0x0000000086600000, 0x0000000086600000| Untracked 
|  75|0x0000000086700000, 0x0000000086700000, 0x0000000086800000|  0%| F|  |TAMS 0x0000000086700000, 0x0000000086700000| Untracked 
|  76|0x0000000086800000, 0x0000000086800000, 0x0000000086900000|  0%| F|  |TAMS 0x0000000086800000, 0x0000000086800000| Untracked 
|  77|0x0000000086900000, 0x0000000086900000, 0x0000000086a00000|  0%| F|  |TAMS 0x0000000086900000, 0x0000000086900000| Untracked 
|  78|0x0000000086a00000, 0x0000000086a00000, 0x0000000086b00000|  0%| F|  |TAMS 0x0000000086a00000, 0x0000000086a00000| Untracked 
| 127|0x0000000089b00000, 0x0000000089b00000, 0x0000000089c00000|  0%| F|  |TAMS 0x0000000089b00000, 0x0000000089b00000| Untracked 

Card table byte_map: [0x0000011b3a8c0000,0x0000011b3acc0000] _byte_map_base: 0x0000011b3a4b2000

Marking Bits (Prev, Next): (CMBitMap*) 0x0000011b27f9a3b0, (CMBitMap*) 0x0000011b27f9a3f0
 Prev Bits: [0x0000011b3b0c0000, 0x0000011b3d050000)
 Next Bits: [0x0000011b3d050000, 0x0000011b3efe0000)

Polling page: 0x0000011b25d50000

Metaspace:

Usage:
  Non-class:     34.15 MB used.
      Class:      4.58 MB used.
       Both:     38.73 MB used.

Virtual space:
  Non-class space:       40.00 MB reserved,      34.38 MB ( 86%) committed,  5 nodes.
      Class space:        1.00 GB reserved,       4.75 MB ( <1%) committed,  1 nodes.
              Both:        1.04 GB reserved,      39.12 MB (  4%) committed. 

Chunk freelists:
   Non-Class:  880.00 KB
       Class:  3.11 MB
        Both:  3.97 MB

MaxMetaspaceSize: 17179869184.00 GB
CompressedClassSpaceSize: 1.00 GB
 - commit_granule_bytes: 65536.
 - commit_granule_words: 8192.
 - virtual_space_node_default_size: 1048576.
 - enlarge_chunks_in_place: 1.
 - new_chunks_are_fully_committed: 0.
 - uncommit_free_chunks: 1.
 - use_allocation_guard: 0.
 - handle_deallocations: 1.


Internal statistics:

num_allocs_failed_limit: 6.
num_arena_births: 336.
num_arena_deaths: 0.
num_vsnodes_births: 6.
num_vsnodes_deaths: 0.
num_space_committed: 626.
num_space_uncommitted: 0.
num_chunks_returned_to_freelist: 6.
num_chunks_taken_from_freelist: 1465.
num_chunk_merges: 6.
num_chunk_splits: 981.
num_chunks_enlarged: 731.
num_purges: 0.

CodeHeap 'non-profiled nmethods': size=120000Kb used=1921Kb max_used=1921Kb free=118078Kb
 bounds [0x0000011b32f90000, 0x0000011b33200000, 0x0000011b3a4c0000]
CodeHeap 'profiled nmethods': size=120000Kb used=8710Kb max_used=8710Kb free=111289Kb
 bounds [0x0000011b2ba60000, 0x0000011b2c2f0000, 0x0000011b32f90000]
CodeHeap 'non-nmethods': size=5760Kb used=1188Kb max_used=1257Kb free=4571Kb
 bounds [0x0000011b2b4c0000, 0x0000011b2b730000, 0x0000011b2ba60000]
 total_blobs=4510 nmethods=4033 adapters=389
 compilation: enabled
              stopped_count=0, restarted_count=0
 full_count=0

Compilation events (20 events):
Event: 5.375 Thread 0x0000011b42008440 4065       1       java.util.zip.ZipEntry::getName (5 bytes)
Event: 5.376 Thread 0x0000011b42008440 nmethod 4065 0x0000011b33170490 code [0x0000011b33170620, 0x0000011b331706f8]
Event: 5.377 Thread 0x0000011b42008440 4066       2       java.util.zip.ZipInputStream::ensureOpen (18 bytes)
Event: 5.377 Thread 0x0000011b42008440 nmethod 4066 0x0000011b2c2dd190 code [0x0000011b2c2dd340, 0x0000011b2c2dd508]
Event: 5.378 Thread 0x0000011b42008440 4067       2       java.io.PushbackInputStream::ensureOpen (18 bytes)
Event: 5.378 Thread 0x0000011b42008440 nmethod 4067 0x0000011b2c2dd610 code [0x0000011b2c2dd7c0, 0x0000011b2c2dd988]
Event: 5.380 Thread 0x0000011b42008440 4068       2       java.io.PushbackInputStream::read (145 bytes)
Event: 5.381 Thread 0x0000011b42008440 nmethod 4068 0x0000011b2c2dda90 code [0x0000011b2c2ddca0, 0x0000011b2c2de208]
Event: 5.381 Thread 0x0000011b42008440 4069   !   2       java.util.zip.InflaterInputStream::read (138 bytes)
Event: 5.383 Thread 0x0000011b42008440 nmethod 4069 0x0000011b2c2de490 code [0x0000011b2c2de700, 0x0000011b2c2def98]
Event: 5.383 Thread 0x0000011b42008440 4070       2       java.io.FileInputStream::read (8 bytes)
Event: 5.383 Thread 0x0000011b42008440 nmethod 4070 0x0000011b2c2df510 code [0x0000011b2c2df6c0, 0x0000011b2c2df7e8]
Event: 5.386 Thread 0x0000011b42008440 4071       2       java.util.zip.ZipInputStream::readFully (44 bytes)
Event: 5.387 Thread 0x0000011b42008440 nmethod 4071 0x0000011b2c2df890 code [0x0000011b2c2dfa40, 0x0000011b2c2dfc78]
Event: 5.388 Thread 0x0000011b42008440 4072       2       java.util.jar.JarEntry::<init> (6 bytes)
Event: 5.388 Thread 0x0000011b42008440 nmethod 4072 0x0000011b2c2dfd90 code [0x0000011b2c2dff40, 0x0000011b2c2e0068]
Event: 5.389 Thread 0x0000011b42008440 4073       2       java.util.jar.JarInputStream::read (48 bytes)
Event: 5.389 Thread 0x0000011b42008440 nmethod 4073 0x0000011b2c2e0110 code [0x0000011b2c2e02c0, 0x0000011b2c2e0478]
Event: 5.389 Thread 0x0000011b42008440 4074       2       java.util.zip.ZipInputStream::read (304 bytes)
Event: 5.391 Thread 0x0000011b42008440 nmethod 4074 0x0000011b2c2e0590 code [0x0000011b2c2e08a0, 0x0000011b2c2e12f8]

GC Heap History (20 events):
Event: 0.913 GC heap after
{Heap after GC invocations=3 (full 0):
 garbage-first heap   total 131072K, used 7257K [0x0000000081c00000, 0x0000000100000000)
  region size 1024K, 1 young (1024K), 1 survivors (1024K)
 Metaspace       used 11799K, committed 11968K, reserved 1064960K
  class space    used 1111K, committed 1216K, reserved 1048576K
}
Event: 1.773 GC heap before
{Heap before GC invocations=3 (full 0):
 garbage-first heap   total 131072K, used 54361K [0x0000000081c00000, 0x0000000100000000)
  region size 1024K, 49 young (50176K), 1 survivors (1024K)
 Metaspace       used 21081K, committed 21248K, reserved 1073152K
  class space    used 2344K, committed 2432K, reserved 1048576K
}
Event: 1.778 GC heap after
{Heap after GC invocations=4 (full 0):
 garbage-first heap   total 131072K, used 9451K [0x0000000081c00000, 0x0000000100000000)
  region size 1024K, 3 young (3072K), 3 survivors (3072K)
 Metaspace       used 21081K, committed 21248K, reserved 1073152K
  class space    used 2344K, committed 2432K, reserved 1048576K
}
Event: 2.151 GC heap before
{Heap before GC invocations=5 (full 0):
 garbage-first heap   total 37888K, used 36075K [0x0000000081c00000, 0x0000000100000000)
  region size 1024K, 30 young (30720K), 3 survivors (3072K)
 Metaspace       used 24284K, committed 24512K, reserved 1073152K
  class space    used 2766K, committed 2880K, reserved 1048576K
}
Event: 2.158 GC heap after
{Heap after GC invocations=6 (full 0):
 garbage-first heap   total 41984K, used 10775K [0x0000000081c00000, 0x0000000100000000)
  region size 1024K, 4 young (4096K), 4 survivors (4096K)
 Metaspace       used 24284K, committed 24512K, reserved 1073152K
  class space    used 2766K, committed 2880K, reserved 1048576K
}
Event: 2.162 GC heap before
{Heap before GC invocations=6 (full 0):
 garbage-first heap   total 41984K, used 28183K [0x0000000081c00000, 0x0000000100000000)
  region size 1024K, 22 young (22528K), 4 survivors (4096K)
 Metaspace       used 24335K, committed 24576K, reserved 1073152K
  class space    used 2769K, committed 2880K, reserved 1048576K
}
Event: 2.167 GC heap after
{Heap after GC invocations=7 (full 0):
 garbage-first heap   total 55296K, used 10712K [0x0000000081c00000, 0x0000000100000000)
  region size 1024K, 2 young (2048K), 2 survivors (2048K)
 Metaspace       used 24335K, committed 24576K, reserved 1073152K
  class space    used 2769K, committed 2880K, reserved 1048576K
}
Event: 2.498 GC heap before
{Heap before GC invocations=7 (full 0):
 garbage-first heap   total 55296K, used 38360K [0x0000000081c00000, 0x0000000100000000)
  region size 1024K, 30 young (30720K), 2 survivors (2048K)
 Metaspace       used 28110K, committed 28352K, reserved 1081344K
  class space    used 3209K, committed 3328K, reserved 1048576K
}
Event: 2.503 GC heap after
{Heap after GC invocations=8 (full 0):
 garbage-first heap   total 55296K, used 11815K [0x0000000081c00000, 0x0000000100000000)
  region size 1024K, 3 young (3072K), 3 survivors (3072K)
 Metaspace       used 28110K, committed 28352K, reserved 1081344K
  class space    used 3209K, committed 3328K, reserved 1048576K
}
Event: 3.093 GC heap before
{Heap before GC invocations=8 (full 0):
 garbage-first heap   total 55296K, used 39463K [0x0000000081c00000, 0x0000000100000000)
  region size 1024K, 31 young (31744K), 3 survivors (3072K)
 Metaspace       used 29204K, committed 29504K, reserved 1081344K
  class space    used 3328K, committed 3456K, reserved 1048576K
}
Event: 3.098 GC heap after
{Heap after GC invocations=9 (full 0):
 garbage-first heap   total 55296K, used 13255K [0x0000000081c00000, 0x0000000100000000)
  region size 1024K, 3 young (3072K), 3 survivors (3072K)
 Metaspace       used 29204K, committed 29504K, reserved 1081344K
  class space    used 3328K, committed 3456K, reserved 1048576K
}
Event: 3.836 GC heap before
{Heap before GC invocations=9 (full 0):
 garbage-first heap   total 55296K, used 41927K [0x0000000081c00000, 0x0000000100000000)
  region size 1024K, 31 young (31744K), 3 survivors (3072K)
 Metaspace       used 32784K, committed 33088K, reserved 1081344K
  class space    used 3803K, committed 3968K, reserved 1048576K
}
Event: 3.841 GC heap after
{Heap after GC invocations=10 (full 0):
 garbage-first heap   total 55296K, used 15096K [0x0000000081c00000, 0x0000000100000000)
  region size 1024K, 4 young (4096K), 4 survivors (4096K)
 Metaspace       used 32784K, committed 33088K, reserved 1081344K
  class space    used 3803K, committed 3968K, reserved 1048576K
}
Event: 4.655 GC heap before
{Heap before GC invocations=10 (full 0):
 garbage-first heap   total 55296K, used 28408K [0x0000000081c00000, 0x0000000100000000)
  region size 1024K, 18 young (18432K), 4 survivors (4096K)
 Metaspace       used 35211K, committed 35520K, reserved 1081344K
  class space    used 4120K, committed 4288K, reserved 1048576K
}
Event: 4.661 GC heap after
{Heap after GC invocations=11 (full 0):
 garbage-first heap   total 55296K, used 16468K [0x0000000081c00000, 0x0000000100000000)
  region size 1024K, 4 young (4096K), 4 survivors (4096K)
 Metaspace       used 35211K, committed 35520K, reserved 1081344K
  class space    used 4120K, committed 4288K, reserved 1048576K
}
Event: 5.272 GC heap before
{Heap before GC invocations=12 (full 0):
 garbage-first heap   total 55296K, used 40020K [0x0000000081c00000, 0x0000000100000000)
  region size 1024K, 28 young (28672K), 4 survivors (4096K)
 Metaspace       used 38929K, committed 39296K, reserved 1089536K
  class space    used 4625K, committed 4800K, reserved 1048576K
}
Event: 5.278 GC heap after
{Heap after GC invocations=13 (full 0):
 garbage-first heap   total 55296K, used 18434K [0x0000000081c00000, 0x0000000100000000)
  region size 1024K, 4 young (4096K), 4 survivors (4096K)
 Metaspace       used 38929K, committed 39296K, reserved 1089536K
  class space    used 4625K, committed 4800K, reserved 1048576K
}
Event: 5.283 GC heap before
{Heap before GC invocations=13 (full 0):
 garbage-first heap   total 55296K, used 40962K [0x0000000081c00000, 0x0000000100000000)
  region size 1024K, 27 young (27648K), 4 survivors (4096K)
 Metaspace       used 38929K, committed 39296K, reserved 1089536K
  class space    used 4625K, committed 4800K, reserved 1048576K
}
Event: 5.288 GC heap after
{Heap after GC invocations=14 (full 0):
 garbage-first heap   total 55296K, used 18791K [0x0000000081c00000, 0x0000000100000000)
  region size 1024K, 3 young (3072K), 3 survivors (3072K)
 Metaspace       used 38929K, committed 39296K, reserved 1089536K
  class space    used 4625K, committed 4800K, reserved 1048576K
}
Event: 5.391 GC heap before
{Heap before GC invocations=14 (full 0):
 garbage-first heap   total 55296K, used 41319K [0x0000000081c00000, 0x0000000100000000)
  region size 1024K, 26 young (26624K), 3 survivors (3072K)
 Metaspace       used 39663K, committed 40064K, reserved 1089536K
  class space    used 4688K, committed 4864K, reserved 1048576K
}

Deoptimization events (20 events):
Event: 5.361 Thread 0x0000011b42c94c90 Uncommon trap: trap_request=0xfffffff4 fr.pc=0x0000011b33072f8c relative=0x000000000000618c
Event: 5.361 Thread 0x0000011b42c94c90 Uncommon trap: reason=null_check action=make_not_entrant pc=0x0000011b33072f8c method=java.net.URL.getURLStreamHandler(Ljava/lang/String;)Ljava/net/URLStreamHandler; @ 7 c2
Event: 5.361 Thread 0x0000011b42c94c90 DEOPT PACKING pc=0x0000011b33072f8c sp=0x000000015f5fc5f0
Event: 5.361 Thread 0x0000011b42c94c90 DEOPT UNPACKING pc=0x0000011b2b50d72e sp=0x000000015f5fc518 mode 2
Event: 5.367 Thread 0x0000011b42c94c90 Uncommon trap: trap_request=0xffffffde fr.pc=0x0000011b33082d5c relative=0x0000000000001afc
Event: 5.367 Thread 0x0000011b42c94c90 Uncommon trap: reason=class_check action=maybe_recompile pc=0x0000011b33082d5c method=java.util.zip.InflaterInputStream.read([BII)I @ 100 c2
Event: 5.367 Thread 0x0000011b42c94c90 DEOPT PACKING pc=0x0000011b33082d5c sp=0x000000015f5fc860
Event: 5.367 Thread 0x0000011b42c94c90 DEOPT UNPACKING pc=0x0000011b2b50d72e sp=0x000000015f5fc8b0 mode 2
Event: 5.367 Thread 0x0000011b42c94c90 Uncommon trap: trap_request=0xffffffde fr.pc=0x0000011b33082d5c relative=0x0000000000001afc
Event: 5.367 Thread 0x0000011b42c94c90 Uncommon trap: reason=class_check action=maybe_recompile pc=0x0000011b33082d5c method=java.util.zip.InflaterInputStream.read([BII)I @ 100 c2
Event: 5.367 Thread 0x0000011b42c94c90 DEOPT PACKING pc=0x0000011b33082d5c sp=0x000000015f5fc6a0
Event: 5.367 Thread 0x0000011b42c94c90 DEOPT UNPACKING pc=0x0000011b2b50d72e sp=0x000000015f5fc6f0 mode 2
Event: 5.369 Thread 0x0000011b42c94c90 Uncommon trap: trap_request=0xffffffde fr.pc=0x0000011b33082d5c relative=0x0000000000001afc
Event: 5.369 Thread 0x0000011b42c94c90 Uncommon trap: reason=class_check action=maybe_recompile pc=0x0000011b33082d5c method=java.util.zip.InflaterInputStream.read([BII)I @ 100 c2
Event: 5.369 Thread 0x0000011b42c94c90 DEOPT PACKING pc=0x0000011b33082d5c sp=0x000000015f5fc860
Event: 5.369 Thread 0x0000011b42c94c90 DEOPT UNPACKING pc=0x0000011b2b50d72e sp=0x000000015f5fc8b0 mode 2
Event: 5.369 Thread 0x0000011b42c94c90 Uncommon trap: trap_request=0xffffffde fr.pc=0x0000011b33082d5c relative=0x0000000000001afc
Event: 5.369 Thread 0x0000011b42c94c90 Uncommon trap: reason=class_check action=maybe_recompile pc=0x0000011b33082d5c method=java.util.zip.InflaterInputStream.read([BII)I @ 100 c2
Event: 5.369 Thread 0x0000011b42c94c90 DEOPT PACKING pc=0x0000011b33082d5c sp=0x000000015f5fc6a0
Event: 5.369 Thread 0x0000011b42c94c90 DEOPT UNPACKING pc=0x0000011b2b50d72e sp=0x000000015f5fc6f0 mode 2

Classes unloaded (0 events):
No events

Classes redefined (0 events):
No events

Internal exceptions (20 events):
Event: 4.719 Thread 0x0000011b42c94c90 Exception <a 'java/lang/ClassNotFoundException'{0x0000000086a0e618}: org/springframework/beans/factory/BeanClassLoaderAwareCustomizer> (0x0000000086a0e618) 
thrown [t:\workspace\open\src\hotspot\share\classfile\systemDictionary.cpp, line 256]
Event: 4.720 Thread 0x0000011b42c94c90 Exception <a 'java/lang/ClassNotFoundException'{0x0000000086a132f0}: org/springframework/beans/factory/AwareCustomizer> (0x0000000086a132f0) 
thrown [t:\workspace\open\src\hotspot\share\classfile\systemDictionary.cpp, line 256]
Event: 4.720 Thread 0x0000011b42c94c90 Exception <a 'java/lang/ClassNotFoundException'{0x0000000086a17440}: org/springframework/aop/framework/AopInfrastructureBeanCustomizer> (0x0000000086a17440) 
thrown [t:\workspace\open\src\hotspot\share\classfile\systemDictionary.cpp, line 256]
Event: 4.744 Thread 0x0000011b42c94c90 Exception <a 'java/lang/ClassNotFoundException'{0x0000000086ae66d8}: java/lang/ObjectCustomizer> (0x0000000086ae66d8) 
thrown [t:\workspace\open\src\hotspot\share\classfile\systemDictionary.cpp, line 256]
Event: 4.745 Thread 0x0000011b42c94c90 Exception <a 'java/lang/ClassNotFoundException'{0x0000000086aeee48}: org/springframework/transaction/annotation/AbstractTransactionManagementConfigurationCustomizer> (0x0000000086aeee48) 
thrown [t:\workspace\open\src\hotspot\share\classfile\systemDictionary.cpp, line 256]
Event: 4.746 Thread 0x0000011b42c94c90 Exception <a 'java/lang/ClassNotFoundException'{0x0000000086af60d8}: org/springframework/transaction/annotation/ProxyTransactionManagementConfigurationCustomizer> (0x0000000086af60d8) 
thrown [t:\workspace\open\src\hotspot\share\classfile\systemDictionary.cpp, line 256]
Event: 4.747 Thread 0x0000011b42c94c90 Exception <a 'java/lang/ClassNotFoundException'{0x0000000086afe968}: org/springframework/context/annotation/ImportAwareCustomizer> (0x0000000086afe968) 
thrown [t:\workspace\open\src\hotspot\share\classfile\systemDictionary.cpp, line 256]
Event: 4.748 Thread 0x0000011b42c94c90 Exception <a 'java/lang/ClassNotFoundException'{0x00000000869046f8}: org/springframework/beans/factory/AwareCustomizer> (0x00000000869046f8) 
thrown [t:\workspace\open\src\hotspot\share\classfile\systemDictionary.cpp, line 256]
Event: 4.902 Thread 0x0000011b42c94c90 Implicit null exception at 0x0000011b330f7f60 to 0x0000011b330f8170
Event: 4.927 Thread 0x0000011b42c94c90 Exception <a 'java/lang/NoSuchMethodError'{0x0000000084afe300}: 'void java.lang.invoke.DirectMethodHandle$Holder.invokeInterface(java.lang.Object, java.lang.Object, int)'> (0x0000000084afe300) 
thrown [t:\workspace\open\src\hotspot\share\interpreter\linkResolver.cpp, line 790]
Event: 4.929 Thread 0x0000011b42c94c90 Exception <a 'java/lang/NoSuchMethodError'{0x00000000849191b0}: 'int java.lang.invoke.DirectMethodHandle$Holder.invokeVirtual(java.lang.Object, java.lang.Object)'> (0x00000000849191b0) 
thrown [t:\workspace\open\src\hotspot\share\interpreter\linkResolver.cpp, line 790]
Event: 4.934 Thread 0x0000011b42c94c90 Exception <a 'java/lang/IncompatibleClassChangeError'{0x0000000084954798}: Found class java.lang.Object, but interface was expected> (0x0000000084954798) 
thrown [t:\workspace\open\src\hotspot\share\interpreter\linkResolver.cpp, line 857]
Event: 4.934 Thread 0x0000011b42c94c90 Exception <a 'java/lang/NoSuchMethodError'{0x0000000084959bd0}: 'void java.lang.invoke.DirectMethodHandle$Holder.invokeStatic(java.lang.Object, int, java.lang.Object)'> (0x0000000084959bd0) 
thrown [t:\workspace\open\src\hotspot\share\interpreter\linkResolver.cpp, line 790]
Event: 4.940 Thread 0x0000011b42c94c90 Exception <a 'java/lang/NoSuchMethodError'{0x0000000084990508}: 'int java.lang.invoke.DirectMethodHandle$Holder.invokeSpecial(java.lang.Object, java.lang.Object, int)'> (0x0000000084990508) 
thrown [t:\workspace\open\src\hotspot\share\interpreter\linkResolver.cpp, line 790]
Event: 5.038 Thread 0x0000011b42c94c90 Exception <a 'java/lang/NoSuchMethodError'{0x0000000084538860}: 'java.lang.Object java.lang.invoke.DirectMethodHandle$Holder.invokeStaticInit(java.lang.Object, int, int, int, int)'> (0x0000000084538860) 
thrown [t:\workspace\open\src\hotspot\share\interpreter\linkResolver.cpp, line 790]
Event: 5.118 Thread 0x0000011b42c94c90 Exception <a 'java/lang/NoSuchMethodError'{0x00000000845a6d38}: 'java.lang.Object java.lang.invoke.DirectMethodHandle$Holder.invokeStaticInit(java.lang.Object, java.lang.Object, int, int, int, int)'> (0x00000000845a6d38) 
thrown [t:\workspace\open\src\hotspot\share\interpreter\linkResolver.cpp, line 790]
Event: 5.300 Thread 0x0000011b42c94c90 Exception <a 'sun/nio/fs/WindowsException'{0x00000000843195b0}> (0x00000000843195b0) 
thrown [t:\workspace\open\src\hotspot\share\prims\jni.cpp, line 579]
Event: 5.301 Thread 0x0000011b42c94c90 Exception <a 'sun/nio/fs/WindowsException'{0x000000008431f420}> (0x000000008431f420) 
thrown [t:\workspace\open\src\hotspot\share\prims\jni.cpp, line 579]
Event: 5.301 Thread 0x0000011b42c94c90 Exception <a 'sun/nio/fs/WindowsException'{0x000000008431fb18}> (0x000000008431fb18) 
thrown [t:\workspace\open\src\hotspot\share\prims\jni.cpp, line 579]
Event: 5.361 Thread 0x0000011b42c94c90 Implicit null exception at 0x0000011b3306eab4 to 0x0000011b33072f7c

Events (20 events):
Event: 5.354 loading class sun/util/resources/OpenListResourceBundle done
Event: 5.354 loading class sun/util/resources/TimeZoneNamesBundle done
Event: 5.354 loading class sun/util/resources/cldr/TimeZoneNames done
Event: 5.354 loading class sun/util/resources/cldr/TimeZoneNames_en
Event: 5.355 loading class sun/util/resources/cldr/TimeZoneNames_en done
Event: 5.355 loading class sun/util/resources/cldr/TimeZoneNames_en_US
Event: 5.355 loading class sun/util/resources/cldr/TimeZoneNames_en_US done
Event: 5.356 loading class sun/util/resources/TimeZoneNames
Event: 5.357 loading class sun/util/resources/TimeZoneNames done
Event: 5.357 loading class sun/util/resources/TimeZoneNames_en
Event: 5.357 loading class sun/util/resources/TimeZoneNames_en done
Event: 5.366 loading class java/util/jar/JarInputStream
Event: 5.366 loading class java/util/zip/ZipInputStream
Event: 5.366 loading class java/util/zip/ZipInputStream done
Event: 5.366 loading class java/util/jar/JarInputStream done
Event: 5.366 loading class java/io/PushbackInputStream
Event: 5.367 loading class java/io/PushbackInputStream done
Event: 5.367 loading class sun/security/util/ManifestEntryVerifier
Event: 5.367 loading class sun/security/util/ManifestEntryVerifier done
Event: 5.391 Executing  VM operation: G1CollectForAllocation


Dynamic libraries:
0x00007ff6c2a50000 - 0x00007ff6c2a5e000 	C:\eclipse\plugins\org.eclipse.justj.openjdk.hotspot.jre.full.win32.x86_64_16.0.1.v20210528-1205\jre\bin\javaw.exe
0x00007ffb65470000 - 0x00007ffb65665000 	C:\Windows\SYSTEM32\ntdll.dll
0x00007ffb647c0000 - 0x00007ffb6487e000 	C:\Windows\System32\KERNEL32.DLL
0x00007ffb62f90000 - 0x00007ffb63259000 	C:\Windows\System32\KERNELBASE.dll
0x00007ffb62b90000 - 0x00007ffb62c90000 	C:\Windows\System32\ucrtbase.dll
0x00007ffb3ef40000 - 0x00007ffb3ef59000 	C:\eclipse\plugins\org.eclipse.justj.openjdk.hotspot.jre.full.win32.x86_64_16.0.1.v20210528-1205\jre\bin\VCRUNTIME140.dll
0x00007ffb47ea0000 - 0x00007ffb47eb8000 	C:\eclipse\plugins\org.eclipse.justj.openjdk.hotspot.jre.full.win32.x86_64_16.0.1.v20210528-1205\jre\bin\jli.dll
0x00007ffb63fd0000 - 0x00007ffb64171000 	C:\Windows\System32\USER32.dll
0x00007ffb62f30000 - 0x00007ffb62f52000 	C:\Windows\System32\win32u.dll
0x00007ffb64180000 - 0x00007ffb641ab000 	C:\Windows\System32\GDI32.dll
0x00007ffb51270000 - 0x00007ffb5150a000 	C:\Windows\WinSxS\amd64_microsoft.windows.common-controls_6595b64144ccf1df_6.0.19041.1110_none_60b5254171f9507e\COMCTL32.dll
0x00007ffb63260000 - 0x00007ffb6336b000 	C:\Windows\System32\gdi32full.dll
0x00007ffb63370000 - 0x00007ffb6340d000 	C:\Windows\System32\msvcp_win.dll
0x00007ffb64a00000 - 0x00007ffb64a9e000 	C:\Windows\System32\msvcrt.dll
0x00007ffb649d0000 - 0x00007ffb64a00000 	C:\Windows\System32\IMM32.DLL
0x00007ffb53770000 - 0x00007ffb5377c000 	C:\eclipse\plugins\org.eclipse.justj.openjdk.hotspot.jre.full.win32.x86_64_16.0.1.v20210528-1205\jre\bin\vcruntime140_1.dll
0x00007ffb2cc90000 - 0x00007ffb2cd21000 	C:\eclipse\plugins\org.eclipse.justj.openjdk.hotspot.jre.full.win32.x86_64_16.0.1.v20210528-1205\jre\bin\msvcp140.dll
0x00007ffb27380000 - 0x00007ffb27f2b000 	C:\eclipse\plugins\org.eclipse.justj.openjdk.hotspot.jre.full.win32.x86_64_16.0.1.v20210528-1205\jre\bin\server\jvm.dll
0x00007ffb634c0000 - 0x00007ffb6356c000 	C:\Windows\System32\ADVAPI32.dll
0x00007ffb63a00000 - 0x00007ffb63a9b000 	C:\Windows\System32\sechost.dll
0x00007ffb644d0000 - 0x00007ffb645fa000 	C:\Windows\System32\RPCRT4.dll
0x00007ffb647b0000 - 0x00007ffb647b8000 	C:\Windows\System32\PSAPI.DLL
0x00007ffb4c270000 - 0x00007ffb4c279000 	C:\Windows\SYSTEM32\WSOCK32.dll
0x00007ffb64900000 - 0x00007ffb6496b000 	C:\Windows\System32\WS2_32.dll
0x00007ffb4f3f0000 - 0x00007ffb4f417000 	C:\Windows\SYSTEM32\WINMM.dll
0x00007ffb5cf60000 - 0x00007ffb5cf6a000 	C:\Windows\SYSTEM32\VERSION.dll
0x00007ffb61440000 - 0x00007ffb61452000 	C:\Windows\SYSTEM32\kernel.appcore.dll
0x00007ffb5edb0000 - 0x00007ffb5edba000 	C:\eclipse\plugins\org.eclipse.justj.openjdk.hotspot.jre.full.win32.x86_64_16.0.1.v20210528-1205\jre\bin\jimage.dll
0x00007ffb60980000 - 0x00007ffb60b64000 	C:\Windows\SYSTEM32\DBGHELP.DLL
0x00007ffb4b060000 - 0x00007ffb4b08c000 	C:\Windows\SYSTEM32\dbgcore.DLL
0x00007ffb62c90000 - 0x00007ffb62d13000 	C:\Windows\System32\bcryptPrimitives.dll
0x00007ffb51b20000 - 0x00007ffb51b45000 	C:\eclipse\plugins\org.eclipse.justj.openjdk.hotspot.jre.full.win32.x86_64_16.0.1.v20210528-1205\jre\bin\java.dll
0x00007ffb5d640000 - 0x00007ffb5d658000 	C:\eclipse\plugins\org.eclipse.justj.openjdk.hotspot.jre.full.win32.x86_64_16.0.1.v20210528-1205\jre\bin\zip.dll
0x00007ffb64aa0000 - 0x00007ffb651df000 	C:\Windows\System32\SHELL32.dll
0x00007ffb60b90000 - 0x00007ffb61320000 	C:\Windows\SYSTEM32\windows.storage.dll
0x00007ffb63be0000 - 0x00007ffb63f35000 	C:\Windows\System32\combase.dll
0x00007ffb62510000 - 0x00007ffb6253c000 	C:\Windows\SYSTEM32\Wldp.dll
0x00007ffb651e0000 - 0x00007ffb6528e000 	C:\Windows\System32\SHCORE.dll
0x00007ffb64880000 - 0x00007ffb648d5000 	C:\Windows\System32\shlwapi.dll
0x00007ffb62ad0000 - 0x00007ffb62aef000 	C:\Windows\SYSTEM32\profapi.dll
0x00007ffb5d5a0000 - 0x00007ffb5d5b9000 	C:\eclipse\plugins\org.eclipse.justj.openjdk.hotspot.jre.full.win32.x86_64_16.0.1.v20210528-1205\jre\bin\net.dll
0x00007ffb50b00000 - 0x00007ffb50c08000 	C:\Windows\SYSTEM32\WINHTTP.dll
0x00007ffb62270000 - 0x00007ffb622da000 	C:\Windows\system32\mswsock.dll
0x00007ffb5a250000 - 0x00007ffb5a263000 	C:\eclipse\plugins\org.eclipse.justj.openjdk.hotspot.jre.full.win32.x86_64_16.0.1.v20210528-1205\jre\bin\nio.dll
0x00007ffb5e2c0000 - 0x00007ffb5e2d0000 	C:\eclipse\plugins\org.eclipse.justj.openjdk.hotspot.jre.full.win32.x86_64_16.0.1.v20210528-1205\jre\bin\verify.dll
0x00007ffb5d070000 - 0x00007ffb5d079000 	C:\eclipse\plugins\org.eclipse.justj.openjdk.hotspot.jre.full.win32.x86_64_16.0.1.v20210528-1205\jre\bin\management.dll
0x00007ffb53c10000 - 0x00007ffb53c1b000 	C:\eclipse\plugins\org.eclipse.justj.openjdk.hotspot.jre.full.win32.x86_64_16.0.1.v20210528-1205\jre\bin\management_ext.dll
0x00007ffb3e7a0000 - 0x00007ffb3e7b7000 	C:\Windows\system32\napinsp.dll
0x00007ffb3e780000 - 0x00007ffb3e79b000 	C:\Windows\system32\pnrpnsp.dll
0x00007ffb3e730000 - 0x00007ffb3e745000 	C:\Windows\system32\wshbth.dll
0x00007ffb5e180000 - 0x00007ffb5e19d000 	C:\Windows\system32\NLAapi.dll
0x00007ffb61f60000 - 0x00007ffb61f9b000 	C:\Windows\SYSTEM32\IPHLPAPI.DLL
0x00007ffb61fa0000 - 0x00007ffb6206c000 	C:\Windows\SYSTEM32\DNSAPI.dll
0x00007ffb63570000 - 0x00007ffb63578000 	C:\Windows\System32\NSI.dll
0x00007ffb3e710000 - 0x00007ffb3e722000 	C:\Windows\System32\winrnr.dll
0x00007ffb50650000 - 0x00007ffb5065a000 	C:\Windows\System32\rasadhlp.dll
0x00007ffb50690000 - 0x00007ffb5070f000 	C:\Windows\System32\fwpuclnt.dll
0x00007ffb62f60000 - 0x00007ffb62f87000 	C:\Windows\System32\bcrypt.dll
0x00007ffb62460000 - 0x00007ffb62478000 	C:\Windows\SYSTEM32\CRYPTSP.dll
0x00007ffb61bf0000 - 0x00007ffb61c24000 	C:\Windows\system32\rsaenh.dll
0x00007ffb62a50000 - 0x00007ffb62a7e000 	C:\Windows\SYSTEM32\USERENV.dll
0x00007ffb62480000 - 0x00007ffb6248c000 	C:\Windows\SYSTEM32\CRYPTBASE.dll
0x00007ffb5a5f0000 - 0x00007ffb5a607000 	C:\Windows\SYSTEM32\dhcpcsvc6.DLL
0x00007ffb5a780000 - 0x00007ffb5a79d000 	C:\Windows\SYSTEM32\dhcpcsvc.DLL

dbghelp: loaded successfully - version: 4.0.5 - missing functions: none
symbol engine: initialized successfully - sym options: 0x614 - pdb path: .;C:\eclipse\plugins\org.eclipse.justj.openjdk.hotspot.jre.full.win32.x86_64_16.0.1.v20210528-1205\jre\bin;C:\Windows\SYSTEM32;C:\Windows\WinSxS\amd64_microsoft.windows.common-controls_6595b64144ccf1df_6.0.19041.1110_none_60b5254171f9507e;C:\eclipse\plugins\org.eclipse.justj.openjdk.hotspot.jre.full.win32.x86_64_16.0.1.v20210528-1205\jre\bin\server

VM Arguments:
jvm_args: -Dfile.encoding=UTF-8 -XX:+ShowCodeDetailsInExceptionMessages 
java_command: org.genration.blogPessoal.BlogPessoalApplication
java_class_path (initial): C:\Users\usuario\Desktop\Blog-Pessoal\blogPessoal\target\classes;C:\Users\usuario\.m2\repository\io\springfox\springfox-boot-starter\3.0.0\springfox-boot-starter-3.0.0.jar;C:\Users\usuario\.m2\repository\io\springfox\springfox-oas\3.0.0\springfox-oas-3.0.0.jar;C:\Users\usuario\.m2\repository\io\swagger\core\v3\swagger-annotations\2.1.2\swagger-annotations-2.1.2.jar;C:\Users\usuario\.m2\repository\io\swagger\core\v3\swagger-models\2.1.2\swagger-models-2.1.2.jar;C:\Users\usuario\.m2\repository\com\fasterxml\jackson\core\jackson-annotations\2.12.5\jackson-annotations-2.12.5.jar;C:\Users\usuario\.m2\repository\io\springfox\springfox-spi\3.0.0\springfox-spi-3.0.0.jar;C:\Users\usuario\.m2\repository\io\springfox\springfox-schema\3.0.0\springfox-schema-3.0.0.jar;C:\Users\usuario\.m2\repository\io\springfox\springfox-core\3.0.0\springfox-core-3.0.0.jar;C:\Users\usuario\.m2\repository\io\springfox\springfox-spring-web\3.0.0\springfox-spring-web-3.0.0.jar;C:\Users\usuario\.m2\repository\io\github\classgraph\classgraph\4.8.83\classgraph-4.8.83.jar;C:\Users\usuario\.m2\repository\io\springfox\springfox-spring-webmvc\3.0.0\springfox-spring-webmvc-3.0.0.jar;C:\Users\usuario\.m2\repository\io\springfox\springfox-spring-webflux\3.0.0\springfox-spring-webflux-3.0.0.jar;C:\Users\usuario\.m2\repository\io\springfox\springfox-swagger-common\3.0.0\springfox-swagger-common-3.0.0.jar;C:\Users\usuario\.m2\repository\org\mapstruct\mapstruct\1.3.1.Final\mapstruct-1.3.1.Final.jar;C:\Users\usuario\.m2\repository\io\springfox\springfox-data-rest\3.0.0\springfox-data-rest-3.0.0.jar;C:\Users\usuario\.m2\repository\io\springfox\springfox-bean-validators\3.0.0\springfox-bean-validators-3.0.0.jar;C:\Users\usuario\.m2\repository\io\springfox\springfox-swagger2\3.0.0\springfox-swagger2-3.0.0.jar;C:\Users\usuario\.m2\repository\io\swagger\swagger-annotations\1.5.20\swagger-annotations-1.5.20.jar;C:\Users\usuario\.m2\repository\io\swagger\swagger-models\1.5.20\swagger-models
Launcher Type: SUN_STANDARD

[Global flags]
     intx CICompilerCount                          = 3                                         {product} {ergonomic}
     uint ConcGCThreads                            = 1                                         {product} {ergonomic}
     uint G1ConcRefinementThreads                  = 4                                         {product} {ergonomic}
   size_t G1HeapRegionSize                         = 1048576                                   {product} {ergonomic}
    uintx GCDrainStackTargetSize                   = 64                                        {product} {ergonomic}
   size_t InitialHeapSize                          = 134217728                                 {product} {ergonomic}
   size_t MarkStackSize                            = 4194304                                   {product} {ergonomic}
   size_t MaxHeapSize                              = 2118123520                                {product} {ergonomic}
   size_t MaxNewSize                               = 1270874112                                {product} {ergonomic}
   size_t MinHeapDeltaBytes                        = 1048576                                   {product} {ergonomic}
   size_t MinHeapSize                              = 8388608                                   {product} {ergonomic}
    uintx NonNMethodCodeHeapSize                   = 5832780                                {pd product} {ergonomic}
    uintx NonProfiledCodeHeapSize                  = 122912730                              {pd product} {ergonomic}
    uintx ProfiledCodeHeapSize                     = 122912730                              {pd product} {ergonomic}
    uintx ReservedCodeCacheSize                    = 251658240                              {pd product} {ergonomic}
     bool SegmentedCodeCache                       = true                                      {product} {ergonomic}
     bool ShowCodeDetailsInExceptionMessages       = true                                   {manageable} {command line}
   size_t SoftMaxHeapSize                          = 2118123520                             {manageable} {ergonomic}
     bool UseCompressedClassPointers               = true                           {product lp64_product} {ergonomic}
     bool UseCompressedOops                        = true                           {product lp64_product} {ergonomic}
     bool UseG1GC                                  = true                                      {product} {ergonomic}
     bool UseLargePagesIndividualAllocation        = false                                  {pd product} {ergonomic}

Logging:
Log output configuration:
 #0: stdout all=warning uptime,level,tags
 #1: stderr all=off uptime,level,tags

Environment Variables:
JAVA_HOME=C:\Program Files\Java\zulu11.50.19-ca-jdk11.0.12-win_x64
PATH=C:/eclipse//plugins/org.eclipse.justj.openjdk.hotspot.jre.full.win32.x86_64_16.0.1.v20210528-1205/jre/bin/server;C:/eclipse//plugins/org.eclipse.justj.openjdk.hotspot.jre.full.win32.x86_64_16.0.1.v20210528-1205/jre/bin;C:\Program Files\Java\zulu11.50.19-ca-jdk11.0.12-win_x64\bin;C:\Program Files\Common Files\Oracle\Java\javapath;C:\Windows\system32;C:\Windows;C:\Windows\System32\Wbem;C:\Windows\System32\WindowsPowerShell\v1.0\;C:\Windows\System32\OpenSSH\;C:\Program Files (x86)\Intel\Intel(R) Management Engine Components\DAL;C:\Program Files\Intel\Intel(R) Management Engine Components\DAL;C:\Program Files\Git\cmd;C:\ProgramData\UNIVALI\Portugol Studio;C:\Users\usuario\AppData\Local\Microsoft\WindowsApps;;C:\Users\usuario\AppData\Local\Programs\Microsoft VS Code\bin;C:\eclipse;
USERNAME=usuario
OS=Windows_NT
PROCESSOR_IDENTIFIER=Intel64 Family 6 Model 142 Stepping 9, GenuineIntel



---------------  S Y S T E M  ---------------

OS:
 Windows 10 , 64 bit Build 19041 (10.0.19041.1202)
OS uptime: 15 days 4:50 hours

CPU: total 4 (initial active 4) (2 cores per cpu, 2 threads per core) family 6 model 142 stepping 9 microcode 0xea, cx8, cmov, fxsr, ht, mmx, 3dnowpref, sse, sse2, sse3, ssse3, sse4.1, sse4.2, popcnt, lzcnt, tsc, tscinvbit, avx, avx2, aes, erms, clmul, bmi1, bmi2, adx, fma, vzeroupper, clflush, clflushopt

Memory: 4k page, system-wide physical 8073M (1147M free)
TotalPageFile size 12169M (AvailPageFile size 33M)
current process WorkingSet (physical memory assigned to process): 220M, peak: 225M
current process commit charge ("private bytes"): 277M, peak: 324M

vm_info: OpenJDK 64-Bit Server VM (16.0.1+9-24) for windows-amd64 JRE (16.0.1+9-24), built on Mar 26 2021 19:30:07 by "mach5one" with MS VC++ 16.7 (VS2019)

END.
