#
# There is insufficient memory for the Java Runtime Environment to continue.
# Native memory allocation (malloc) failed to allocate 716816 bytes for Chunk::new
# Possible reasons:
#   The system is out of physical RAM or swap space
#   The process is running with CompressedOops enabled, and the Java Heap may be blocking the growth of the native heap
# Possible solutions:
#   Reduce memory load on the system
#   Increase physical memory or swap space
#   Check if swap backing store is full
#   Decrease Java heap size (-Xmx/-Xms)
#   Decrease number of Java threads
#   Decrease Java thread stack sizes (-Xss)
#   Set larger code cache with -XX:ReservedCodeCacheSize=
#   JVM is running with Unscaled Compressed Oops mode in which the Java heap is
#     placed in the first 4GB address space. The Java Heap base address is the
#     maximum limit for the native heap growth. Please use -XX:HeapBaseMinAddress
#     to set the Java Heap base and to place the Java Heap above 4GB virtual address.
# This output file may be truncated or incomplete.
#
#  Out of Memory Error (arena.cpp:195), pid=5720, tid=2184
#
# JRE version: OpenJDK Runtime Environment (16.0.1+9) (build 16.0.1+9-24)
# Java VM: OpenJDK 64-Bit Server VM (16.0.1+9-24, mixed mode, tiered, compressed oops, compressed class ptrs, g1 gc, windows-amd64)
# No core dump will be written. Minidumps are not enabled by default on client versions of Windows
#

---------------  S U M M A R Y ------------

Command Line: -Dfile.encoding=UTF-8 -XX:+ShowCodeDetailsInExceptionMessages org.genration.blogPessoal.BlogPessoalApplication

Host: Intel(R) Core(TM) i5-7200U CPU @ 2.50GHz, 4 cores, 7G,  Windows 10 , 64 bit Build 19041 (10.0.19041.1202)
Time: Thu Oct 14 12:21:53 2021 Hora oficial do Brasil elapsed time: 2.188114 seconds (0d 0h 0m 2s)

---------------  T H R E A D  ---------------

Current thread (0x0000018ab0920080):  JavaThread "C2 CompilerThread0" daemon [_thread_in_native, id=2184, stack(0x0000006da5500000,0x0000006da5600000)]


Current CompileTask:
C2:   2188 1519       4       org.springframework.boot.context.properties.source.ConfigurationPropertyName$ElementsParser::parse (234 bytes)

Stack: [0x0000006da5500000,0x0000006da5600000]
Native frames: (J=compiled Java code, j=interpreted, Vv=VM code, C=native code)
V  [jvm.dll+0x6687ca]
V  [jvm.dll+0x7ca3c9]
V  [jvm.dll+0x7cbb53]
V  [jvm.dll+0x7cc1b3]
V  [jvm.dll+0x242ea5]
V  [jvm.dll+0xadeca]
V  [jvm.dll+0xae5ac]
V  [jvm.dll+0x35aed2]
V  [jvm.dll+0x3253d1]
V  [jvm.dll+0x32487a]
V  [jvm.dll+0x215f3c]
V  [jvm.dll+0x215350]
V  [jvm.dll+0x1a1d9b]
V  [jvm.dll+0x2253a8]
V  [jvm.dll+0x2233ec]
V  [jvm.dll+0x780002]
V  [jvm.dll+0x779b4a]
V  [jvm.dll+0x667666]
C  [ucrtbase.dll+0x21bb2]
C  [KERNEL32.DLL+0x17034]
C  [ntdll.dll+0x52651]


---------------  P R O C E S S  ---------------

Threads class SMR info:
_java_thread_list=0x0000018ab22711c0, length=15, elements={
0x0000018a949f98c0, 0x0000018aafe85850, 0x0000018aafe86f30, 0x0000018aafedc3b0,
0x0000018aafedfcf0, 0x0000018aafee0600, 0x0000018aafee0f10, 0x0000018ab0920080,
0x0000018aafeed430, 0x0000018aafeee130, 0x0000018ab0a8f4b0, 0x0000018ab0ab7b30,
0x0000018ab15107d0, 0x0000018ab2086640, 0x0000018ab21ed080
}

Java Threads: ( => current thread )
  0x0000018a949f98c0 JavaThread "main" [_thread_blocked, id=5700, stack(0x0000006da4800000,0x0000006da4900000)]
  0x0000018aafe85850 JavaThread "Reference Handler" daemon [_thread_blocked, id=6560, stack(0x0000006da4f00000,0x0000006da5000000)]
  0x0000018aafe86f30 JavaThread "Finalizer" daemon [_thread_blocked, id=2800, stack(0x0000006da5000000,0x0000006da5100000)]
  0x0000018aafedc3b0 JavaThread "Signal Dispatcher" daemon [_thread_blocked, id=9488, stack(0x0000006da5100000,0x0000006da5200000)]
  0x0000018aafedfcf0 JavaThread "Attach Listener" daemon [_thread_blocked, id=5296, stack(0x0000006da5200000,0x0000006da5300000)]
  0x0000018aafee0600 JavaThread "Service Thread" daemon [_thread_blocked, id=4464, stack(0x0000006da5300000,0x0000006da5400000)]
  0x0000018aafee0f10 JavaThread "Monitor Deflation Thread" daemon [_thread_blocked, id=9344, stack(0x0000006da5400000,0x0000006da5500000)]
=>0x0000018ab0920080 JavaThread "C2 CompilerThread0" daemon [_thread_in_native, id=2184, stack(0x0000006da5500000,0x0000006da5600000)]
  0x0000018aafeed430 JavaThread "C1 CompilerThread0" daemon [_thread_in_vm, id=9748, stack(0x0000006da5600000,0x0000006da5700000)]
  0x0000018aafeee130 JavaThread "Sweeper thread" daemon [_thread_blocked, id=7880, stack(0x0000006da5700000,0x0000006da5800000)]
  0x0000018ab0a8f4b0 JavaThread "Notification Thread" daemon [_thread_blocked, id=13812, stack(0x0000006da5800000,0x0000006da5900000)]
  0x0000018ab0ab7b30 JavaThread "Common-Cleaner" daemon [_thread_blocked, id=7280, stack(0x0000006da5a00000,0x0000006da5b00000)]
  0x0000018ab15107d0 JavaThread "Thread-0" [_thread_blocked, id=14060, stack(0x0000006da5b00000,0x0000006da5c00000)]
  0x0000018ab2086640 JavaThread "restartedMain" [_thread_in_Java, id=4892, stack(0x0000006da6000000,0x0000006da6100000)]
  0x0000018ab21ed080 JavaThread "C2 CompilerThread1" daemon [_thread_blocked, id=7920, stack(0x0000006da6100000,0x0000006da6200000)]

Other Threads:
  0x0000018aafe82690 VMThread "VM Thread" [stack: 0x0000006da4e00000,0x0000006da4f00000] [id=12984]
  0x0000018ab0a909e0 WatcherThread [stack: 0x0000006da5900000,0x0000006da5a00000] [id=12920]
  0x0000018a94a38ee0 GCTaskThread "GC Thread#0" [stack: 0x0000006da4900000,0x0000006da4a00000] [id=604]
  0x0000018ab14ee2d0 GCTaskThread "GC Thread#1" [stack: 0x0000006da5c00000,0x0000006da5d00000] [id=11224]
  0x0000018ab13b4bc0 GCTaskThread "GC Thread#2" [stack: 0x0000006da5d00000,0x0000006da5e00000] [id=3444]
  0x0000018ab14788e0 GCTaskThread "GC Thread#3" [stack: 0x0000006da5e00000,0x0000006da5f00000] [id=1244]
  0x0000018a94a4ab30 ConcurrentGCThread "G1 Main Marker" [stack: 0x0000006da4a00000,0x0000006da4b00000] [id=7796]
  0x0000018a94a4b4a0 ConcurrentGCThread "G1 Conc#0" [stack: 0x0000006da4b00000,0x0000006da4c00000] [id=14168]
  0x0000018a94ac5320 ConcurrentGCThread "G1 Refine#0" [stack: 0x0000006da4c00000,0x0000006da4d00000] [id=2340]
  0x0000018ab13b52e0 ConcurrentGCThread "G1 Refine#1" [stack: 0x0000006da5f00000,0x0000006da6000000] [id=816]
  0x0000018a94ac6440 ConcurrentGCThread "G1 Service" [stack: 0x0000006da4d00000,0x0000006da4e00000] [id=12188]

Threads with active compile tasks:
C2 CompilerThread0     2219 1519       4       org.springframework.boot.context.properties.source.ConfigurationPropertyName$ElementsParser::parse (234 bytes)
C1 CompilerThread0     2219 1590       3       org.springframework.boot.context.properties.source.SoftReferenceConfigurationPropertyCache::get (67 bytes)
C2 CompilerThread1     2219 1592       4       java.lang.Character::toLowerCase (6 bytes)

VM state: not at safepoint (normal execution)

VM Mutex/Monitor currently owned by a thread: None

Heap address: 0x0000000081c00000, size: 2020 MB, Compressed Oops mode: 32-bit

CDS disabled.
Compressed class space mapped at: 0x0000000100000000-0x0000000140000000, reserved size: 1073741824
Narrow klass base: 0x0000000000000000, Narrow klass shift: 3, Narrow klass range: 0x140000000

GC Precious Log:
 CPUs: 4 total, 4 available
 Memory: 8073M
 Large Page Support: Disabled
 NUMA Support: Disabled
 Compressed Oops: Enabled (32-bit)
 Heap Region Size: 1M
 Heap Min Capacity: 8M
 Heap Initial Capacity: 128M
 Heap Max Capacity: 2020M
 Pre-touch: Disabled
 Parallel Workers: 4
 Concurrent Workers: 1
 Concurrent Refinement Workers: 4
 Periodic GC: Disabled

Heap:
 garbage-first heap   total 131072K, used 37807K [0x0000000081c00000, 0x0000000100000000)
  region size 1024K, 33 young (33792K), 1 survivors (1024K)
 Metaspace       used 16609K, committed 16896K, reserved 1064960K
  class space    used 1693K, committed 1856K, reserved 1048576K

Heap Regions: E=young(eden), S=young(survivor), O=old, HS=humongous(starts), HC=humongous(continues), CS=collection set, F=free, OA=open archive, CA=closed archive, TAMS=top-at-mark-start (previous, next)
|   0|0x0000000081c00000, 0x0000000081d00000, 0x0000000081d00000|100%|HS|  |TAMS 0x0000000081c00000, 0x0000000081c00000| Complete 
|   1|0x0000000081d00000, 0x0000000081e00000, 0x0000000081e00000|100%| O|  |TAMS 0x0000000081d00000, 0x0000000081d00000| Untracked 
|   2|0x0000000081e00000, 0x0000000081f00000, 0x0000000081f00000|100%| O|  |TAMS 0x0000000081e00000, 0x0000000081e00000| Untracked 
|   3|0x0000000081f00000, 0x0000000082000000, 0x0000000082000000|100%| O|  |TAMS 0x0000000081f00000, 0x0000000081f00000| Untracked 
|   4|0x0000000082000000, 0x0000000082100000, 0x0000000082100000|100%| O|  |TAMS 0x0000000082000000, 0x0000000082000000| Untracked 
|   5|0x0000000082100000, 0x0000000082200000, 0x0000000082200000|100%| O|  |TAMS 0x0000000082100000, 0x0000000082100000| Untracked 
|   6|0x0000000082200000, 0x000000008225fc00, 0x0000000082300000| 37%| O|  |TAMS 0x0000000082200000, 0x0000000082200000| Untracked 
|   7|0x0000000082300000, 0x0000000082300000, 0x0000000082400000|  0%| F|  |TAMS 0x0000000082300000, 0x0000000082300000| Untracked 
|   8|0x0000000082400000, 0x0000000082400000, 0x0000000082500000|  0%| F|  |TAMS 0x0000000082400000, 0x0000000082400000| Untracked 
|   9|0x0000000082500000, 0x0000000082500000, 0x0000000082600000|  0%| F|  |TAMS 0x0000000082500000, 0x0000000082500000| Untracked 
|  10|0x0000000082600000, 0x0000000082600000, 0x0000000082700000|  0%| F|  |TAMS 0x0000000082600000, 0x0000000082600000| Untracked 
|  11|0x0000000082700000, 0x0000000082700000, 0x0000000082800000|  0%| F|  |TAMS 0x0000000082700000, 0x0000000082700000| Untracked 
|  12|0x0000000082800000, 0x0000000082800000, 0x0000000082900000|  0%| F|  |TAMS 0x0000000082800000, 0x0000000082800000| Untracked 
|  13|0x0000000082900000, 0x0000000082900000, 0x0000000082a00000|  0%| F|  |TAMS 0x0000000082900000, 0x0000000082900000| Untracked 
|  14|0x0000000082a00000, 0x0000000082a00000, 0x0000000082b00000|  0%| F|  |TAMS 0x0000000082a00000, 0x0000000082a00000| Untracked 
|  15|0x0000000082b00000, 0x0000000082b00000, 0x0000000082c00000|  0%| F|  |TAMS 0x0000000082b00000, 0x0000000082b00000| Untracked 
|  16|0x0000000082c00000, 0x0000000082c00000, 0x0000000082d00000|  0%| F|  |TAMS 0x0000000082c00000, 0x0000000082c00000| Untracked 
|  17|0x0000000082d00000, 0x0000000082d00000, 0x0000000082e00000|  0%| F|  |TAMS 0x0000000082d00000, 0x0000000082d00000| Untracked 
|  18|0x0000000082e00000, 0x0000000082e00000, 0x0000000082f00000|  0%| F|  |TAMS 0x0000000082e00000, 0x0000000082e00000| Untracked 
|  19|0x0000000082f00000, 0x0000000082f00000, 0x0000000083000000|  0%| F|  |TAMS 0x0000000082f00000, 0x0000000082f00000| Untracked 
|  20|0x0000000083000000, 0x0000000083000000, 0x0000000083100000|  0%| F|  |TAMS 0x0000000083000000, 0x0000000083000000| Untracked 
|  21|0x0000000083100000, 0x0000000083100000, 0x0000000083200000|  0%| F|  |TAMS 0x0000000083100000, 0x0000000083100000| Untracked 
|  22|0x0000000083200000, 0x0000000083200000, 0x0000000083300000|  0%| F|  |TAMS 0x0000000083200000, 0x0000000083200000| Untracked 
|  23|0x0000000083300000, 0x0000000083300000, 0x0000000083400000|  0%| F|  |TAMS 0x0000000083300000, 0x0000000083300000| Untracked 
|  24|0x0000000083400000, 0x0000000083400000, 0x0000000083500000|  0%| F|  |TAMS 0x0000000083400000, 0x0000000083400000| Untracked 
|  25|0x0000000083500000, 0x0000000083500000, 0x0000000083600000|  0%| F|  |TAMS 0x0000000083500000, 0x0000000083500000| Untracked 
|  26|0x0000000083600000, 0x0000000083600000, 0x0000000083700000|  0%| F|  |TAMS 0x0000000083600000, 0x0000000083600000| Untracked 
|  27|0x0000000083700000, 0x0000000083700000, 0x0000000083800000|  0%| F|  |TAMS 0x0000000083700000, 0x0000000083700000| Untracked 
|  28|0x0000000083800000, 0x0000000083800000, 0x0000000083900000|  0%| F|  |TAMS 0x0000000083800000, 0x0000000083800000| Untracked 
|  29|0x0000000083900000, 0x0000000083900000, 0x0000000083a00000|  0%| F|  |TAMS 0x0000000083900000, 0x0000000083900000| Untracked 
|  30|0x0000000083a00000, 0x0000000083a00000, 0x0000000083b00000|  0%| F|  |TAMS 0x0000000083a00000, 0x0000000083a00000| Untracked 
|  31|0x0000000083b00000, 0x0000000083b00000, 0x0000000083c00000|  0%| F|  |TAMS 0x0000000083b00000, 0x0000000083b00000| Untracked 
|  32|0x0000000083c00000, 0x0000000083c00000, 0x0000000083d00000|  0%| F|  |TAMS 0x0000000083c00000, 0x0000000083c00000| Untracked 
|  33|0x0000000083d00000, 0x0000000083d00000, 0x0000000083e00000|  0%| F|  |TAMS 0x0000000083d00000, 0x0000000083d00000| Untracked 
|  34|0x0000000083e00000, 0x0000000083e00000, 0x0000000083f00000|  0%| F|  |TAMS 0x0000000083e00000, 0x0000000083e00000| Untracked 
|  35|0x0000000083f00000, 0x0000000083f00000, 0x0000000084000000|  0%| F|  |TAMS 0x0000000083f00000, 0x0000000083f00000| Untracked 
|  36|0x0000000084000000, 0x0000000084000000, 0x0000000084100000|  0%| F|  |TAMS 0x0000000084000000, 0x0000000084000000| Untracked 
|  37|0x0000000084100000, 0x0000000084100000, 0x0000000084200000|  0%| F|  |TAMS 0x0000000084100000, 0x0000000084100000| Untracked 
|  38|0x0000000084200000, 0x0000000084200000, 0x0000000084300000|  0%| F|  |TAMS 0x0000000084200000, 0x0000000084200000| Untracked 
|  39|0x0000000084300000, 0x0000000084300000, 0x0000000084400000|  0%| F|  |TAMS 0x0000000084300000, 0x0000000084300000| Untracked 
|  40|0x0000000084400000, 0x0000000084400000, 0x0000000084500000|  0%| F|  |TAMS 0x0000000084400000, 0x0000000084400000| Untracked 
|  41|0x0000000084500000, 0x0000000084500000, 0x0000000084600000|  0%| F|  |TAMS 0x0000000084500000, 0x0000000084500000| Untracked 
|  42|0x0000000084600000, 0x0000000084600000, 0x0000000084700000|  0%| F|  |TAMS 0x0000000084600000, 0x0000000084600000| Untracked 
|  43|0x0000000084700000, 0x0000000084700000, 0x0000000084800000|  0%| F|  |TAMS 0x0000000084700000, 0x0000000084700000| Untracked 
|  44|0x0000000084800000, 0x0000000084800000, 0x0000000084900000|  0%| F|  |TAMS 0x0000000084800000, 0x0000000084800000| Untracked 
|  45|0x0000000084900000, 0x0000000084900000, 0x0000000084a00000|  0%| F|  |TAMS 0x0000000084900000, 0x0000000084900000| Untracked 
|  46|0x0000000084a00000, 0x0000000084a00000, 0x0000000084b00000|  0%| F|  |TAMS 0x0000000084a00000, 0x0000000084a00000| Untracked 
|  47|0x0000000084b00000, 0x0000000084b00000, 0x0000000084c00000|  0%| F|  |TAMS 0x0000000084b00000, 0x0000000084b00000| Untracked 
|  48|0x0000000084c00000, 0x0000000084c00000, 0x0000000084d00000|  0%| F|  |TAMS 0x0000000084c00000, 0x0000000084c00000| Untracked 
|  49|0x0000000084d00000, 0x0000000084d00000, 0x0000000084e00000|  0%| F|  |TAMS 0x0000000084d00000, 0x0000000084d00000| Untracked 
|  50|0x0000000084e00000, 0x0000000084e00000, 0x0000000084f00000|  0%| F|  |TAMS 0x0000000084e00000, 0x0000000084e00000| Untracked 
|  51|0x0000000084f00000, 0x0000000084f00000, 0x0000000085000000|  0%| F|  |TAMS 0x0000000084f00000, 0x0000000084f00000| Untracked 
|  52|0x0000000085000000, 0x0000000085000000, 0x0000000085100000|  0%| F|  |TAMS 0x0000000085000000, 0x0000000085000000| Untracked 
|  53|0x0000000085100000, 0x0000000085100000, 0x0000000085200000|  0%| F|  |TAMS 0x0000000085100000, 0x0000000085100000| Untracked 
|  54|0x0000000085200000, 0x0000000085200000, 0x0000000085300000|  0%| F|  |TAMS 0x0000000085200000, 0x0000000085200000| Untracked 
|  55|0x0000000085300000, 0x0000000085300000, 0x0000000085400000|  0%| F|  |TAMS 0x0000000085300000, 0x0000000085300000| Untracked 
|  56|0x0000000085400000, 0x0000000085400000, 0x0000000085500000|  0%| F|  |TAMS 0x0000000085400000, 0x0000000085400000| Untracked 
|  57|0x0000000085500000, 0x0000000085500000, 0x0000000085600000|  0%| F|  |TAMS 0x0000000085500000, 0x0000000085500000| Untracked 
|  58|0x0000000085600000, 0x0000000085600000, 0x0000000085700000|  0%| F|  |TAMS 0x0000000085600000, 0x0000000085600000| Untracked 
|  59|0x0000000085700000, 0x0000000085700000, 0x0000000085800000|  0%| F|  |TAMS 0x0000000085700000, 0x0000000085700000| Untracked 
|  60|0x0000000085800000, 0x0000000085800000, 0x0000000085900000|  0%| F|  |TAMS 0x0000000085800000, 0x0000000085800000| Untracked 
|  61|0x0000000085900000, 0x0000000085900000, 0x0000000085a00000|  0%| F|  |TAMS 0x0000000085900000, 0x0000000085900000| Untracked 
|  62|0x0000000085a00000, 0x0000000085a00000, 0x0000000085b00000|  0%| F|  |TAMS 0x0000000085a00000, 0x0000000085a00000| Untracked 
|  63|0x0000000085b00000, 0x0000000085b00000, 0x0000000085c00000|  0%| F|  |TAMS 0x0000000085b00000, 0x0000000085b00000| Untracked 
|  64|0x0000000085c00000, 0x0000000085c00000, 0x0000000085d00000|  0%| F|  |TAMS 0x0000000085c00000, 0x0000000085c00000| Untracked 
|  65|0x0000000085d00000, 0x0000000085d00000, 0x0000000085e00000|  0%| F|  |TAMS 0x0000000085d00000, 0x0000000085d00000| Untracked 
|  66|0x0000000085e00000, 0x0000000085e00000, 0x0000000085f00000|  0%| F|  |TAMS 0x0000000085e00000, 0x0000000085e00000| Untracked 
|  67|0x0000000085f00000, 0x0000000085f00000, 0x0000000086000000|  0%| F|  |TAMS 0x0000000085f00000, 0x0000000085f00000| Untracked 
|  68|0x0000000086000000, 0x0000000086000000, 0x0000000086100000|  0%| F|  |TAMS 0x0000000086000000, 0x0000000086000000| Untracked 
|  69|0x0000000086100000, 0x0000000086100000, 0x0000000086200000|  0%| F|  |TAMS 0x0000000086100000, 0x0000000086100000| Untracked 
|  70|0x0000000086200000, 0x0000000086200000, 0x0000000086300000|  0%| F|  |TAMS 0x0000000086200000, 0x0000000086200000| Untracked 
|  71|0x0000000086300000, 0x0000000086300000, 0x0000000086400000|  0%| F|  |TAMS 0x0000000086300000, 0x0000000086300000| Untracked 
|  72|0x0000000086400000, 0x0000000086400000, 0x0000000086500000|  0%| F|  |TAMS 0x0000000086400000, 0x0000000086400000| Untracked 
|  73|0x0000000086500000, 0x0000000086500000, 0x0000000086600000|  0%| F|  |TAMS 0x0000000086500000, 0x0000000086500000| Untracked 
|  74|0x0000000086600000, 0x0000000086600000, 0x0000000086700000|  0%| F|  |TAMS 0x0000000086600000, 0x0000000086600000| Untracked 
|  75|0x0000000086700000, 0x0000000086700000, 0x0000000086800000|  0%| F|  |TAMS 0x0000000086700000, 0x0000000086700000| Untracked 
|  76|0x0000000086800000, 0x0000000086800000, 0x0000000086900000|  0%| F|  |TAMS 0x0000000086800000, 0x0000000086800000| Untracked 
|  77|0x0000000086900000, 0x0000000086900000, 0x0000000086a00000|  0%| F|  |TAMS 0x0000000086900000, 0x0000000086900000| Untracked 
|  78|0x0000000086a00000, 0x0000000086a00000, 0x0000000086b00000|  0%| F|  |TAMS 0x0000000086a00000, 0x0000000086a00000| Untracked 
|  79|0x0000000086b00000, 0x0000000086b00000, 0x0000000086c00000|  0%| F|  |TAMS 0x0000000086b00000, 0x0000000086b00000| Untracked 
|  80|0x0000000086c00000, 0x0000000086c00000, 0x0000000086d00000|  0%| F|  |TAMS 0x0000000086c00000, 0x0000000086c00000| Untracked 
|  81|0x0000000086d00000, 0x0000000086d00000, 0x0000000086e00000|  0%| F|  |TAMS 0x0000000086d00000, 0x0000000086d00000| Untracked 
|  82|0x0000000086e00000, 0x0000000086e00000, 0x0000000086f00000|  0%| F|  |TAMS 0x0000000086e00000, 0x0000000086e00000| Untracked 
|  83|0x0000000086f00000, 0x0000000086f00000, 0x0000000087000000|  0%| F|  |TAMS 0x0000000086f00000, 0x0000000086f00000| Untracked 
|  84|0x0000000087000000, 0x0000000087000000, 0x0000000087100000|  0%| F|  |TAMS 0x0000000087000000, 0x0000000087000000| Untracked 
|  85|0x0000000087100000, 0x0000000087100000, 0x0000000087200000|  0%| F|  |TAMS 0x0000000087100000, 0x0000000087100000| Untracked 
|  86|0x0000000087200000, 0x0000000087200000, 0x0000000087300000|  0%| F|  |TAMS 0x0000000087200000, 0x0000000087200000| Untracked 
|  87|0x0000000087300000, 0x0000000087300000, 0x0000000087400000|  0%| F|  |TAMS 0x0000000087300000, 0x0000000087300000| Untracked 
|  88|0x0000000087400000, 0x0000000087400000, 0x0000000087500000|  0%| F|  |TAMS 0x0000000087400000, 0x0000000087400000| Untracked 
|  89|0x0000000087500000, 0x0000000087500000, 0x0000000087600000|  0%| F|  |TAMS 0x0000000087500000, 0x0000000087500000| Untracked 
|  90|0x0000000087600000, 0x0000000087600000, 0x0000000087700000|  0%| F|  |TAMS 0x0000000087600000, 0x0000000087600000| Untracked 
|  91|0x0000000087700000, 0x0000000087700000, 0x0000000087800000|  0%| F|  |TAMS 0x0000000087700000, 0x0000000087700000| Untracked 
|  92|0x0000000087800000, 0x0000000087800000, 0x0000000087900000|  0%| F|  |TAMS 0x0000000087800000, 0x0000000087800000| Untracked 
|  93|0x0000000087900000, 0x0000000087900000, 0x0000000087a00000|  0%| F|  |TAMS 0x0000000087900000, 0x0000000087900000| Untracked 
|  94|0x0000000087a00000, 0x0000000087a00000, 0x0000000087b00000|  0%| F|  |TAMS 0x0000000087a00000, 0x0000000087a00000| Untracked 
|  95|0x0000000087b00000, 0x0000000087c00000, 0x0000000087c00000|100%| E|  |TAMS 0x0000000087b00000, 0x0000000087b00000| Complete 
|  96|0x0000000087c00000, 0x0000000087d00000, 0x0000000087d00000|100%| E|CS|TAMS 0x0000000087c00000, 0x0000000087c00000| Complete 
|  97|0x0000000087d00000, 0x0000000087e00000, 0x0000000087e00000|100%| E|CS|TAMS 0x0000000087d00000, 0x0000000087d00000| Complete 
|  98|0x0000000087e00000, 0x0000000087f00000, 0x0000000087f00000|100%| E|CS|TAMS 0x0000000087e00000, 0x0000000087e00000| Complete 
|  99|0x0000000087f00000, 0x0000000088000000, 0x0000000088000000|100%| E|CS|TAMS 0x0000000087f00000, 0x0000000087f00000| Complete 
| 100|0x0000000088000000, 0x0000000088100000, 0x0000000088100000|100%| E|CS|TAMS 0x0000000088000000, 0x0000000088000000| Complete 
| 101|0x0000000088100000, 0x0000000088200000, 0x0000000088200000|100%| E|CS|TAMS 0x0000000088100000, 0x0000000088100000| Complete 
| 102|0x0000000088200000, 0x0000000088300000, 0x0000000088300000|100%| E|CS|TAMS 0x0000000088200000, 0x0000000088200000| Complete 
| 103|0x0000000088300000, 0x0000000088400000, 0x0000000088400000|100%| E|CS|TAMS 0x0000000088300000, 0x0000000088300000| Complete 
| 104|0x0000000088400000, 0x000000008848c328, 0x0000000088500000| 54%| S|CS|TAMS 0x0000000088400000, 0x0000000088400000| Complete 
| 105|0x0000000088500000, 0x0000000088600000, 0x0000000088600000|100%| E|CS|TAMS 0x0000000088500000, 0x0000000088500000| Complete 
| 106|0x0000000088600000, 0x0000000088700000, 0x0000000088700000|100%| E|CS|TAMS 0x0000000088600000, 0x0000000088600000| Complete 
| 107|0x0000000088700000, 0x0000000088800000, 0x0000000088800000|100%| E|CS|TAMS 0x0000000088700000, 0x0000000088700000| Complete 
| 108|0x0000000088800000, 0x0000000088900000, 0x0000000088900000|100%| E|CS|TAMS 0x0000000088800000, 0x0000000088800000| Complete 
| 109|0x0000000088900000, 0x0000000088a00000, 0x0000000088a00000|100%| E|CS|TAMS 0x0000000088900000, 0x0000000088900000| Complete 
| 110|0x0000000088a00000, 0x0000000088b00000, 0x0000000088b00000|100%| E|CS|TAMS 0x0000000088a00000, 0x0000000088a00000| Complete 
| 111|0x0000000088b00000, 0x0000000088c00000, 0x0000000088c00000|100%| E|CS|TAMS 0x0000000088b00000, 0x0000000088b00000| Complete 
| 112|0x0000000088c00000, 0x0000000088d00000, 0x0000000088d00000|100%| E|CS|TAMS 0x0000000088c00000, 0x0000000088c00000| Complete 
| 113|0x0000000088d00000, 0x0000000088e00000, 0x0000000088e00000|100%| E|CS|TAMS 0x0000000088d00000, 0x0000000088d00000| Complete 
| 114|0x0000000088e00000, 0x0000000088f00000, 0x0000000088f00000|100%| E|CS|TAMS 0x0000000088e00000, 0x0000000088e00000| Complete 
| 115|0x0000000088f00000, 0x0000000089000000, 0x0000000089000000|100%| E|CS|TAMS 0x0000000088f00000, 0x0000000088f00000| Complete 
| 116|0x0000000089000000, 0x0000000089100000, 0x0000000089100000|100%| E|CS|TAMS 0x0000000089000000, 0x0000000089000000| Complete 
| 117|0x0000000089100000, 0x0000000089200000, 0x0000000089200000|100%| E|CS|TAMS 0x0000000089100000, 0x0000000089100000| Complete 
| 118|0x0000000089200000, 0x0000000089300000, 0x0000000089300000|100%| E|CS|TAMS 0x0000000089200000, 0x0000000089200000| Complete 
| 119|0x0000000089300000, 0x0000000089400000, 0x0000000089400000|100%| E|CS|TAMS 0x0000000089300000, 0x0000000089300000| Complete 
| 120|0x0000000089400000, 0x0000000089500000, 0x0000000089500000|100%| E|CS|TAMS 0x0000000089400000, 0x0000000089400000| Complete 
| 121|0x0000000089500000, 0x0000000089600000, 0x0000000089600000|100%| E|CS|TAMS 0x0000000089500000, 0x0000000089500000| Complete 
| 122|0x0000000089600000, 0x0000000089700000, 0x0000000089700000|100%| E|  |TAMS 0x0000000089600000, 0x0000000089600000| Complete 
| 123|0x0000000089700000, 0x0000000089800000, 0x0000000089800000|100%| E|CS|TAMS 0x0000000089700000, 0x0000000089700000| Complete 
| 124|0x0000000089800000, 0x0000000089900000, 0x0000000089900000|100%| E|CS|TAMS 0x0000000089800000, 0x0000000089800000| Complete 
| 125|0x0000000089900000, 0x0000000089a00000, 0x0000000089a00000|100%| E|CS|TAMS 0x0000000089900000, 0x0000000089900000| Complete 
| 126|0x0000000089a00000, 0x0000000089b00000, 0x0000000089b00000|100%| E|CS|TAMS 0x0000000089a00000, 0x0000000089a00000| Complete 
| 127|0x0000000089b00000, 0x0000000089c00000, 0x0000000089c00000|100%| E|CS|TAMS 0x0000000089b00000, 0x0000000089b00000| Complete 

Card table byte_map: [0x0000018aa9190000,0x0000018aa9590000] _byte_map_base: 0x0000018aa8d82000

Marking Bits (Prev, Next): (CMBitMap*) 0x0000018a94a394d0, (CMBitMap*) 0x0000018a94a39510
 Prev Bits: [0x0000018aa9990000, 0x0000018aab920000)
 Next Bits: [0x0000018aab920000, 0x0000018aad8b0000)

Polling page: 0x0000018a94880000

Metaspace:

Usage:
  Non-class:     14.60 MB used.
      Class:      1.66 MB used.
       Both:     16.26 MB used.

Virtual space:
  Non-class space:       16.00 MB reserved,      14.69 MB ( 92%) committed,  2 nodes.
      Class space:        1.00 GB reserved,       1.81 MB ( <1%) committed,  1 nodes.
              Both:        1.02 GB reserved,      16.50 MB (  2%) committed. 

Chunk freelists:
   Non-Class:  546.00 KB
       Class:  2.04 MB
        Both:  2.57 MB

MaxMetaspaceSize: 17179869184.00 GB
CompressedClassSpaceSize: 1.00 GB
 - commit_granule_bytes: 65536.
 - commit_granule_words: 8192.
 - virtual_space_node_default_size: 1048576.
 - enlarge_chunks_in_place: 1.
 - new_chunks_are_fully_committed: 0.
 - uncommit_free_chunks: 1.
 - use_allocation_guard: 0.
 - handle_deallocations: 1.


Internal statistics:

num_allocs_failed_limit: 0.
num_arena_births: 160.
num_arena_deaths: 0.
num_vsnodes_births: 3.
num_vsnodes_deaths: 0.
num_space_committed: 264.
num_space_uncommitted: 0.
num_chunks_returned_to_freelist: 0.
num_chunks_taken_from_freelist: 403.
num_chunk_merges: 0.
num_chunk_splits: 238.
num_chunks_enlarged: 166.
num_purges: 0.

CodeHeap 'non-profiled nmethods': size=120000Kb used=587Kb max_used=587Kb free=119412Kb
 bounds [0x0000018aa1240000, 0x0000018aa14b0000, 0x0000018aa8770000]
CodeHeap 'profiled nmethods': size=120000Kb used=3011Kb max_used=3011Kb free=116988Kb
 bounds [0x0000018a99d10000, 0x0000018a9a010000, 0x0000018aa1240000]
CodeHeap 'non-nmethods': size=5760Kb used=1156Kb max_used=1181Kb free=4603Kb
 bounds [0x0000018a99770000, 0x0000018a999e0000, 0x0000018a99d10000]
 total_blobs=2032 nmethods=1593 adapters=352
 compilation: enabled
              stopped_count=0, restarted_count=0
 full_count=0

Compilation events (20 events):
Event: 2.153 Thread 0x0000018aafeed430 nmethod 1536 0x0000018a99fdf290 code [0x0000018a99fdf420, 0x0000018a99fdf538]
Event: 2.178 Thread 0x0000018aafeed430 1537   !   3       java.util.concurrent.ConcurrentHashMap::putVal (432 bytes)
Event: 2.181 Thread 0x0000018aafeed430 nmethod 1537 0x0000018a99fdf610 code [0x0000018a99fdf980, 0x0000018a99fe14c8]
Event: 2.181 Thread 0x0000018aafeed430 1538       3       jdk.internal.reflect.ReflectionFactory::copyMethod (11 bytes)
Event: 2.181 Thread 0x0000018aafeed430 nmethod 1538 0x0000018a99fe1e90 code [0x0000018a99fe2040, 0x0000018a99fe2228]
Event: 2.181 Thread 0x0000018aafeed430 1539       3       java.lang.reflect.ReflectAccess::copyMethod (5 bytes)
Event: 2.181 Thread 0x0000018aafeed430 nmethod 1539 0x0000018a99fe2390 code [0x0000018a99fe2540, 0x0000018a99fe2688]
Event: 2.181 Thread 0x0000018aafeed430 1544       3       java.lang.invoke.MemberName::isMethod (8 bytes)
Event: 2.181 Thread 0x0000018ab21ed080 nmethod 1530 0x0000018aa12ccf10 code [0x0000018aa12cd160, 0x0000018aa12ce4a8]
Event: 2.182 Thread 0x0000018aafeed430 nmethod 1544 0x0000018a99fe2790 code [0x0000018a99fe2940, 0x0000018a99fe2b78]
Event: 2.183 Thread 0x0000018aafeed430 1547       3       java.lang.invoke.LambdaFormBuffer::ownedCount (7 bytes)
Event: 2.183 Thread 0x0000018aafeed430 nmethod 1547 0x0000018a99fe2c90 code [0x0000018a99fe2e20, 0x0000018a99fe2f38]
Event: 2.183 Thread 0x0000018aafeed430 1548       3       java.lang.invoke.LambdaForm::normalize (322 bytes)
Event: 2.185 Thread 0x0000018aafeed430 nmethod 1548 0x0000018a99fe3010 code [0x0000018a99fe32e0, 0x0000018a99fe4598]
Event: 2.185 Thread 0x0000018aafeed430 1549       3       java.lang.invoke.MemberName::<init> (50 bytes)
Event: 2.185 Thread 0x0000018aafeed430 nmethod 1549 0x0000018a99fe4c10 code [0x0000018a99fe4e00, 0x0000018a99fe5118]
Event: 2.185 Thread 0x0000018aafeed430 1554       3       java.lang.invoke.LambdaForm::useCount (90 bytes)
Event: 2.186 Thread 0x0000018aafeed430 nmethod 1554 0x0000018a99fe5290 code [0x0000018a99fe5460, 0x0000018a99fe5838]
Event: 2.186 Thread 0x0000018aafeed430 1553       3       java.lang.invoke.InvokerBytecodeGenerator::storeInsnOpcode (87 bytes)
Event: 2.186 Thread 0x0000018aafeed430 nmethod 1553 0x0000018a99fe5a10 code [0x0000018a99fe5c80, 0x0000018a99fe6618]

GC Heap History (6 events):
Event: 1.077 GC heap before
{Heap before GC invocations=0 (full 0):
 garbage-first heap   total 131072K, used 13312K [0x0000000081c00000, 0x0000000100000000)
  region size 1024K, 13 young (13312K), 0 survivors (0K)
 Metaspace       used 9942K, committed 10112K, reserved 1064960K
  class space    used 874K, committed 960K, reserved 1048576K
}
Event: 1.084 GC heap after
{Heap after GC invocations=1 (full 0):
 garbage-first heap   total 131072K, used 6624K [0x0000000081c00000, 0x0000000100000000)
  region size 1024K, 2 young (2048K), 2 survivors (2048K)
 Metaspace       used 9942K, committed 10112K, reserved 1064960K
  class space    used 874K, committed 960K, reserved 1048576K
}
Event: 1.415 GC heap before
{Heap before GC invocations=1 (full 0):
 garbage-first heap   total 131072K, used 13792K [0x0000000081c00000, 0x0000000100000000)
  region size 1024K, 10 young (10240K), 2 survivors (2048K)
 Metaspace       used 11814K, committed 12032K, reserved 1064960K
  class space    used 1111K, committed 1216K, reserved 1048576K
}
Event: 1.419 GC heap after
{Heap after GC invocations=2 (full 0):
 garbage-first heap   total 131072K, used 6960K [0x0000000081c00000, 0x0000000100000000)
  region size 1024K, 1 young (1024K), 1 survivors (1024K)
 Metaspace       used 11814K, committed 12032K, reserved 1064960K
  class space    used 1111K, committed 1216K, reserved 1048576K
}
Event: 1.444 GC heap before
{Heap before GC invocations=2 (full 0):
 garbage-first heap   total 131072K, used 28464K [0x0000000081c00000, 0x0000000100000000)
  region size 1024K, 23 young (23552K), 1 survivors (1024K)
 Metaspace       used 11814K, committed 12032K, reserved 1064960K
  class space    used 1111K, committed 1216K, reserved 1048576K
}
Event: 1.446 GC heap after
{Heap after GC invocations=3 (full 0):
 garbage-first heap   total 131072K, used 7087K [0x0000000081c00000, 0x0000000100000000)
  region size 1024K, 1 young (1024K), 1 survivors (1024K)
 Metaspace       used 11814K, committed 12032K, reserved 1064960K
  class space    used 1111K, committed 1216K, reserved 1048576K
}

Deoptimization events (20 events):
Event: 1.790 Thread 0x0000018ab2086640 DEOPT PACKING pc=0x0000018aa12779b8 sp=0x0000006da60fd400
Event: 1.791 Thread 0x0000018ab2086640 DEOPT UNPACKING pc=0x0000018a997bd72e sp=0x0000006da60fd398 mode 2
Event: 2.005 Thread 0x0000018ab2086640 DEOPT PACKING pc=0x0000018a99e1a1f5 sp=0x0000006da60fca30
Event: 2.005 Thread 0x0000018ab2086640 DEOPT UNPACKING pc=0x0000018a997bdece sp=0x0000006da60fbeb8 mode 0
Event: 2.108 Thread 0x0000018ab2086640 Uncommon trap: trap_request=0xffffffc6 fr.pc=0x0000018aa1291b50 relative=0x0000000000000470
Event: 2.108 Thread 0x0000018ab2086640 Uncommon trap: reason=bimorphic_or_optimized_type_check action=maybe_recompile pc=0x0000018aa1291b50 method=java.util.HashMap.getNode(Ljava/lang/Object;)Ljava/util/HashMap$Node; @ 63 c2
Event: 2.108 Thread 0x0000018ab2086640 DEOPT PACKING pc=0x0000018aa1291b50 sp=0x0000006da60fda70
Event: 2.108 Thread 0x0000018ab2086640 DEOPT UNPACKING pc=0x0000018a997bd72e sp=0x0000006da60fd9e8 mode 2
Event: 2.108 Thread 0x0000018ab2086640 Uncommon trap: trap_request=0xffffffc6 fr.pc=0x0000018aa1291b50 relative=0x0000000000000470
Event: 2.108 Thread 0x0000018ab2086640 Uncommon trap: reason=bimorphic_or_optimized_type_check action=maybe_recompile pc=0x0000018aa1291b50 method=java.util.HashMap.getNode(Ljava/lang/Object;)Ljava/util/HashMap$Node; @ 63 c2
Event: 2.108 Thread 0x0000018ab2086640 DEOPT PACKING pc=0x0000018aa1291b50 sp=0x0000006da60fda70
Event: 2.108 Thread 0x0000018ab2086640 DEOPT UNPACKING pc=0x0000018a997bd72e sp=0x0000006da60fd9e8 mode 2
Event: 2.115 Thread 0x0000018ab2086640 Uncommon trap: trap_request=0xffffffc6 fr.pc=0x0000018aa1291b50 relative=0x0000000000000470
Event: 2.115 Thread 0x0000018ab2086640 Uncommon trap: reason=bimorphic_or_optimized_type_check action=maybe_recompile pc=0x0000018aa1291b50 method=java.util.HashMap.getNode(Ljava/lang/Object;)Ljava/util/HashMap$Node; @ 63 c2
Event: 2.115 Thread 0x0000018ab2086640 DEOPT PACKING pc=0x0000018aa1291b50 sp=0x0000006da60fda70
Event: 2.115 Thread 0x0000018ab2086640 DEOPT UNPACKING pc=0x0000018a997bd72e sp=0x0000006da60fd9e8 mode 2
Event: 2.168 Thread 0x0000018ab2086640 Uncommon trap: trap_request=0xffffff45 fr.pc=0x0000018aa12b86dc relative=0x000000000000103c
Event: 2.169 Thread 0x0000018ab2086640 Uncommon trap: reason=unstable_if action=reinterpret pc=0x0000018aa12b86dc method=java.util.concurrent.ConcurrentHashMap.putVal(Ljava/lang/Object;Ljava/lang/Object;Z)Ljava/lang/Object; @ 148 c2
Event: 2.169 Thread 0x0000018ab2086640 DEOPT PACKING pc=0x0000018aa12b86dc sp=0x0000006da60fd8c0
Event: 2.169 Thread 0x0000018ab2086640 DEOPT UNPACKING pc=0x0000018a997bd72e sp=0x0000006da60fd840 mode 2

Classes unloaded (0 events):
No events

Classes redefined (0 events):
No events

Internal exceptions (20 events):
Event: 1.833 Thread 0x0000018ab2086640 Exception <a 'java/lang/NoSuchMethodError'{0x000000008833f540}: 'void java.lang.invoke.DirectMethodHandle$Holder.invokeStatic(java.lang.Object, java.lang.Object, java.lang.Object, java.lang.Object)'> (0x000000008833f540) 
thrown [t:\workspace\open\src\hotspot\share\interpreter\linkResolver.cpp, line 790]
Event: 1.836 Thread 0x0000018ab2086640 Exception <a 'java/lang/NoSuchMethodError'{0x000000008835fcd8}: 'java.lang.Object java.lang.invoke.Invokers$Holder.invokeExact_MT(java.lang.Object, java.lang.Object, java.lang.Object, java.lang.Object, java.lang.Object, java.lang.Object)'> (0x000000008835fcd8) 
thrown [t:\workspace\open\src\hotspot\share\interpreter\linkResolver.cpp, line 790]
Event: 1.839 Thread 0x0000018ab2086640 Exception <a 'java/lang/NoSuchMethodError'{0x00000000883758b0}: 'java.lang.Object java.lang.invoke.DirectMethodHandle$Holder.invokeInterface(java.lang.Object, java.lang.Object, java.lang.Object)'> (0x00000000883758b0) 
thrown [t:\workspace\open\src\hotspot\share\interpreter\linkResolver.cpp, line 790]
Event: 1.840 Thread 0x0000018ab2086640 Exception <a 'java/lang/IncompatibleClassChangeError'{0x0000000088379148}: Found class java.lang.Object, but interface was expected> (0x0000000088379148) 
thrown [t:\workspace\open\src\hotspot\share\interpreter\linkResolver.cpp, line 857]
Event: 1.876 Thread 0x0000018ab2086640 Exception <a 'java/lang/NoSuchMethodError'{0x000000008828d6a8}: 'int java.lang.invoke.DirectMethodHandle$Holder.invokeSpecial(java.lang.Object, java.lang.Object, java.lang.Object, java.lang.Object)'> (0x000000008828d6a8) 
thrown [t:\workspace\open\src\hotspot\share\interpreter\linkResolver.cpp, line 790]
Event: 1.928 Thread 0x0000018ab2086640 Exception <a 'java/lang/NoSuchMethodError'{0x0000000088014228}: 'java.lang.Object java.lang.invoke.DirectMethodHandle$Holder.newInvokeSpecial(java.lang.Object, java.lang.Object, java.lang.Object, java.lang.Object, java.lang.Object, java.lang.Object)'> (0x0000000088014228) 
thrown [t:\workspace\open\src\hotspot\share\interpreter\linkResolver.cpp, line 790]
Event: 1.954 Thread 0x0000018ab2086640 Exception <a 'java/lang/NoSuchMethodError'{0x00000000880b8280}: 'java.lang.Object java.lang.invoke.DirectMethodHandle$Holder.invokeSpecial(java.lang.Object, java.lang.Object, java.lang.Object, java.lang.Object, java.lang.Object, java.lang.Object, int)'> (0x00000000880b8280) 
thrown [t:\workspace\open\src\hotspot\share\interpreter\linkResolver.cpp, line 790]
Event: 1.955 Thread 0x0000018ab2086640 Exception <a 'java/lang/NoSuchMethodError'{0x00000000880c33d8}: 'java.lang.Object java.lang.invoke.DirectMethodHandle$Holder.newInvokeSpecial(java.lang.Object, java.lang.Object, java.lang.Object, java.lang.Object, java.lang.Object, java.lang.Object, int)'> (0x00000000880c33d8) 
thrown [t:\workspace\open\src\hotspot\share\interpreter\linkResolver.cpp, line 790]
Event: 1.956 Thread 0x0000018ab2086640 Exception <a 'java/lang/NoSuchMethodError'{0x00000000880c8530}: 'java.lang.Object java.lang.invoke.DirectMethodHandle$Holder.invokeSpecial(java.lang.Object, java.lang.Object, java.lang.Object, java.lang.Object, java.lang.Object, java.lang.Object, java.lang.Object, int)'> (0x00000000880c8530) 
thrown [t:\workspace\open\src\hotspot\share\interpreter\linkResolver.cpp, line 790]
Event: 2.000 Thread 0x0000018ab2086640 Exception <a 'java/lang/NoSuchMethodError'{0x0000000087fe7b08}: 'int java.lang.invoke.DirectMethodHandle$Holder.invokeInterface(java.lang.Object, java.lang.Object)'> (0x0000000087fe7b08) 
thrown [t:\workspace\open\src\hotspot\share\interpreter\linkResolver.cpp, line 790]
Event: 2.053 Thread 0x0000018ab2086640 Exception <a 'java/lang/NoSuchMethodError'{0x0000000087ef1d80}: 'java.lang.Object java.lang.invoke.DirectMethodHandle$Holder.invokeSpecial(java.lang.Object, java.lang.Object, java.lang.Object, int, java.lang.Object)'> (0x0000000087ef1d80) 
thrown [t:\workspace\open\src\hotspot\share\interpreter\linkResolver.cpp, line 790]
Event: 2.054 Thread 0x0000018ab2086640 Exception <a 'java/lang/NoSuchMethodError'{0x0000000087efaab8}: 'java.lang.Object java.lang.invoke.DirectMethodHandle$Holder.newInvokeSpecial(java.lang.Object, java.lang.Object, java.lang.Object, int, java.lang.Object)'> (0x0000000087efaab8) 
thrown [t:\workspace\open\src\hotspot\share\interpreter\linkResolver.cpp, line 790]
Event: 2.056 Thread 0x0000018ab2086640 Exception <a 'java/lang/NoSuchMethodError'{0x0000000087d12720}: 'java.lang.Object java.lang.invoke.DirectMethodHandle$Holder.newInvokeSpecial(java.lang.Object, int, java.lang.Object)'> (0x0000000087d12720) 
thrown [t:\workspace\open\src\hotspot\share\interpreter\linkResolver.cpp, line 790]
Event: 2.057 Thread 0x0000018ab2086640 Exception <a 'java/lang/NoSuchMethodError'{0x0000000087d17520}: 'int java.lang.invoke.DirectMethodHandle$Holder.invokeSpecialIFC(java.lang.Object, java.lang.Object, java.lang.Object, java.lang.Object)'> (0x0000000087d17520) 
thrown [t:\workspace\open\src\hotspot\share\interpreter\linkResolver.cpp, line 790]
Event: 2.091 Thread 0x0000018ab2086640 Exception <a 'java/lang/NoSuchMethodError'{0x0000000087de5520}: 'void java.lang.invoke.DirectMethodHandle$Holder.invokeInterface(java.lang.Object, java.lang.Object, java.lang.Object)'> (0x0000000087de5520) 
thrown [t:\workspace\open\src\hotspot\share\interpreter\linkResolver.cpp, line 790]
Event: 2.127 Thread 0x0000018ab2086640 Exception <a 'java/lang/NoSuchMethodError'{0x0000000087c90570}: 'java.lang.Object java.lang.invoke.DirectMethodHandle$Holder.invokeStatic(java.lang.Object, java.lang.Object, int)'> (0x0000000087c90570) 
thrown [t:\workspace\open\src\hotspot\share\interpreter\linkResolver.cpp, line 790]
Event: 2.128 Thread 0x0000018ab2086640 Exception <a 'java/lang/NoSuchMethodError'{0x0000000087c9c398}: 'void java.lang.invoke.DelegatingMethodHandle$Holder.delegate(java.lang.Object, java.lang.Object, int, java.lang.Object)'> (0x0000000087c9c398) 
thrown [t:\workspace\open\src\hotspot\share\interpreter\linkResolver.cpp, line 790]
Event: 2.146 Thread 0x0000018ab2086640 Exception <a 'java/lang/NoSuchMethodError'{0x0000000087b075a8}: 'void java.lang.invoke.DirectMethodHandle$Holder.invokeStatic(java.lang.Object, java.lang.Object)'> (0x0000000087b075a8) 
thrown [t:\workspace\open\src\hotspot\share\interpreter\linkResolver.cpp, line 790]
Event: 2.146 Thread 0x0000018ab2086640 Exception <a 'java/lang/NoSuchMethodError'{0x0000000087b0afb0}: 'void java.lang.invoke.DirectMethodHandle$Holder.invokeStaticInit(java.lang.Object, java.lang.Object)'> (0x0000000087b0afb0) 
thrown [t:\workspace\open\src\hotspot\share\interpreter\linkResolver.cpp, line 790]
Event: 2.150 Thread 0x0000018ab2086640 Exception <a 'java/lang/NoSuchMethodError'{0x0000000087b181a8}: 'void java.lang.invoke.DirectMethodHandle$Holder.invokeStaticInit(java.lang.Object, java.lang.Object, java.lang.Object)'> (0x0000000087b181a8) 
thrown [t:\workspace\open\src\hotspot\share\interpreter\linkResolver.cpp, line 790]

Events (20 events):
Event: 2.170 loading class java/net/Inet6Address$Inet6AddressHolder
Event: 2.170 loading class java/net/Inet6Address$Inet6AddressHolder done
Event: 2.176 loading class sun/net/InetAddressCachePolicy
Event: 2.176 loading class sun/net/InetAddressCachePolicy done
Event: 2.176 loading class sun/net/InetAddressCachePolicy$1
Event: 2.176 loading class sun/net/InetAddressCachePolicy$1 done
Event: 2.176 loading class sun/net/InetAddressCachePolicy$2
Event: 2.176 loading class sun/net/InetAddressCachePolicy$2 done
Event: 2.176 loading class java/net/InetAddress$CachedAddresses
Event: 2.176 loading class java/net/InetAddress$CachedAddresses done
Event: 2.176 loading class java/util/concurrent/ThreadLocalRandom
Event: 2.177 loading class java/util/concurrent/ThreadLocalRandom done
Event: 2.178 loading class java/lang/invoke/VarHandleLongs$FieldInstanceReadWrite
Event: 2.178 loading class java/lang/invoke/VarHandleLongs$FieldInstanceReadOnly
Event: 2.178 loading class java/lang/invoke/VarHandleLongs$FieldInstanceReadOnly done
Event: 2.178 loading class java/lang/invoke/VarHandleLongs$FieldInstanceReadWrite done
Event: 2.179 loading class java/util/concurrent/atomic/Striped64$1
Event: 2.179 loading class java/util/concurrent/atomic/Striped64$1 done
Event: 2.179 loading class java/net/InetAddress$CachedLocalHost
Event: 2.180 loading class java/net/InetAddress$CachedLocalHost done


Dynamic libraries:
0x00007ff6c2a50000 - 0x00007ff6c2a5e000 	C:\eclipse\plugins\org.eclipse.justj.openjdk.hotspot.jre.full.win32.x86_64_16.0.1.v20210528-1205\jre\bin\javaw.exe
0x00007ffb65470000 - 0x00007ffb65665000 	C:\Windows\SYSTEM32\ntdll.dll
0x00007ffb647c0000 - 0x00007ffb6487e000 	C:\Windows\System32\KERNEL32.DLL
0x00007ffb62f90000 - 0x00007ffb63259000 	C:\Windows\System32\KERNELBASE.dll
0x00007ffb62b90000 - 0x00007ffb62c90000 	C:\Windows\System32\ucrtbase.dll
0x00007ffb47ea0000 - 0x00007ffb47eb8000 	C:\eclipse\plugins\org.eclipse.justj.openjdk.hotspot.jre.full.win32.x86_64_16.0.1.v20210528-1205\jre\bin\jli.dll
0x00007ffb63fd0000 - 0x00007ffb64171000 	C:\Windows\System32\USER32.dll
0x00007ffb62f30000 - 0x00007ffb62f52000 	C:\Windows\System32\win32u.dll
0x00007ffb64180000 - 0x00007ffb641ab000 	C:\Windows\System32\GDI32.dll
0x00007ffb63260000 - 0x00007ffb6336b000 	C:\Windows\System32\gdi32full.dll
0x00007ffb63370000 - 0x00007ffb6340d000 	C:\Windows\System32\msvcp_win.dll
0x00007ffb3ef40000 - 0x00007ffb3ef59000 	C:\eclipse\plugins\org.eclipse.justj.openjdk.hotspot.jre.full.win32.x86_64_16.0.1.v20210528-1205\jre\bin\VCRUNTIME140.dll
0x00007ffb51270000 - 0x00007ffb5150a000 	C:\Windows\WinSxS\amd64_microsoft.windows.common-controls_6595b64144ccf1df_6.0.19041.1110_none_60b5254171f9507e\COMCTL32.dll
0x00007ffb64a00000 - 0x00007ffb64a9e000 	C:\Windows\System32\msvcrt.dll
0x00007ffb649d0000 - 0x00007ffb64a00000 	C:\Windows\System32\IMM32.DLL
0x00007ffb53770000 - 0x00007ffb5377c000 	C:\eclipse\plugins\org.eclipse.justj.openjdk.hotspot.jre.full.win32.x86_64_16.0.1.v20210528-1205\jre\bin\vcruntime140_1.dll
0x00007ffb2cc90000 - 0x00007ffb2cd21000 	C:\eclipse\plugins\org.eclipse.justj.openjdk.hotspot.jre.full.win32.x86_64_16.0.1.v20210528-1205\jre\bin\msvcp140.dll
0x00007ffb27380000 - 0x00007ffb27f2b000 	C:\eclipse\plugins\org.eclipse.justj.openjdk.hotspot.jre.full.win32.x86_64_16.0.1.v20210528-1205\jre\bin\server\jvm.dll
0x00007ffb634c0000 - 0x00007ffb6356c000 	C:\Windows\System32\ADVAPI32.dll
0x00007ffb63a00000 - 0x00007ffb63a9b000 	C:\Windows\System32\sechost.dll
0x00007ffb644d0000 - 0x00007ffb645fa000 	C:\Windows\System32\RPCRT4.dll
0x00007ffb647b0000 - 0x00007ffb647b8000 	C:\Windows\System32\PSAPI.DLL
0x00007ffb4c270000 - 0x00007ffb4c279000 	C:\Windows\SYSTEM32\WSOCK32.dll
0x00007ffb64900000 - 0x00007ffb6496b000 	C:\Windows\System32\WS2_32.dll
0x00007ffb4f3f0000 - 0x00007ffb4f417000 	C:\Windows\SYSTEM32\WINMM.dll
0x00007ffb5cf60000 - 0x00007ffb5cf6a000 	C:\Windows\SYSTEM32\VERSION.dll
0x00007ffb61440000 - 0x00007ffb61452000 	C:\Windows\SYSTEM32\kernel.appcore.dll
0x00007ffb5edb0000 - 0x00007ffb5edba000 	C:\eclipse\plugins\org.eclipse.justj.openjdk.hotspot.jre.full.win32.x86_64_16.0.1.v20210528-1205\jre\bin\jimage.dll
0x00007ffb60980000 - 0x00007ffb60b64000 	C:\Windows\SYSTEM32\DBGHELP.DLL
0x00007ffb4b060000 - 0x00007ffb4b08c000 	C:\Windows\SYSTEM32\dbgcore.DLL
0x00007ffb62c90000 - 0x00007ffb62d13000 	C:\Windows\System32\bcryptPrimitives.dll
0x00007ffb51b20000 - 0x00007ffb51b45000 	C:\eclipse\plugins\org.eclipse.justj.openjdk.hotspot.jre.full.win32.x86_64_16.0.1.v20210528-1205\jre\bin\java.dll
0x00007ffb5d640000 - 0x00007ffb5d658000 	C:\eclipse\plugins\org.eclipse.justj.openjdk.hotspot.jre.full.win32.x86_64_16.0.1.v20210528-1205\jre\bin\zip.dll
0x00007ffb64aa0000 - 0x00007ffb651df000 	C:\Windows\System32\SHELL32.dll
0x00007ffb60b90000 - 0x00007ffb61320000 	C:\Windows\SYSTEM32\windows.storage.dll
0x00007ffb63be0000 - 0x00007ffb63f35000 	C:\Windows\System32\combase.dll
0x00007ffb62510000 - 0x00007ffb6253c000 	C:\Windows\SYSTEM32\Wldp.dll
0x00007ffb651e0000 - 0x00007ffb6528e000 	C:\Windows\System32\SHCORE.dll
0x00007ffb64880000 - 0x00007ffb648d5000 	C:\Windows\System32\shlwapi.dll
0x00007ffb62ad0000 - 0x00007ffb62aef000 	C:\Windows\SYSTEM32\profapi.dll
0x00007ffb5d5a0000 - 0x00007ffb5d5b9000 	C:\eclipse\plugins\org.eclipse.justj.openjdk.hotspot.jre.full.win32.x86_64_16.0.1.v20210528-1205\jre\bin\net.dll
0x00007ffb50b00000 - 0x00007ffb50c08000 	C:\Windows\SYSTEM32\WINHTTP.dll
0x00007ffb62270000 - 0x00007ffb622da000 	C:\Windows\system32\mswsock.dll
0x00007ffb5a250000 - 0x00007ffb5a263000 	C:\eclipse\plugins\org.eclipse.justj.openjdk.hotspot.jre.full.win32.x86_64_16.0.1.v20210528-1205\jre\bin\nio.dll
0x00007ffb5e2c0000 - 0x00007ffb5e2d0000 	C:\eclipse\plugins\org.eclipse.justj.openjdk.hotspot.jre.full.win32.x86_64_16.0.1.v20210528-1205\jre\bin\verify.dll
0x00007ffb5d070000 - 0x00007ffb5d079000 	C:\eclipse\plugins\org.eclipse.justj.openjdk.hotspot.jre.full.win32.x86_64_16.0.1.v20210528-1205\jre\bin\management.dll
0x00007ffb53c10000 - 0x00007ffb53c1b000 	C:\eclipse\plugins\org.eclipse.justj.openjdk.hotspot.jre.full.win32.x86_64_16.0.1.v20210528-1205\jre\bin\management_ext.dll
0x00007ffb3e7a0000 - 0x00007ffb3e7b7000 	C:\Windows\system32\napinsp.dll
0x00007ffb3e780000 - 0x00007ffb3e79b000 	C:\Windows\system32\pnrpnsp.dll
0x00007ffb3e730000 - 0x00007ffb3e745000 	C:\Windows\system32\wshbth.dll
0x00007ffb5e180000 - 0x00007ffb5e19d000 	C:\Windows\system32\NLAapi.dll
0x00007ffb61f60000 - 0x00007ffb61f9b000 	C:\Windows\SYSTEM32\IPHLPAPI.DLL
0x00007ffb61fa0000 - 0x00007ffb6206c000 	C:\Windows\SYSTEM32\DNSAPI.dll
0x00007ffb63570000 - 0x00007ffb63578000 	C:\Windows\System32\NSI.dll
0x00007ffb3e710000 - 0x00007ffb3e722000 	C:\Windows\System32\winrnr.dll
0x00007ffb50650000 - 0x00007ffb5065a000 	C:\Windows\System32\rasadhlp.dll
0x00007ffb50690000 - 0x00007ffb5070f000 	C:\Windows\System32\fwpuclnt.dll
0x00007ffb62f60000 - 0x00007ffb62f87000 	C:\Windows\System32\bcrypt.dll

dbghelp: loaded successfully - version: 4.0.5 - missing functions: none
symbol engine: initialized successfully - sym options: 0x614 - pdb path: .;C:\eclipse\plugins\org.eclipse.justj.openjdk.hotspot.jre.full.win32.x86_64_16.0.1.v20210528-1205\jre\bin;C:\Windows\SYSTEM32;C:\Windows\WinSxS\amd64_microsoft.windows.common-controls_6595b64144ccf1df_6.0.19041.1110_none_60b5254171f9507e;C:\eclipse\plugins\org.eclipse.justj.openjdk.hotspot.jre.full.win32.x86_64_16.0.1.v20210528-1205\jre\bin\server

VM Arguments:
jvm_args: -Dfile.encoding=UTF-8 -XX:+ShowCodeDetailsInExceptionMessages 
java_command: org.genration.blogPessoal.BlogPessoalApplication
java_class_path (initial): C:\Users\usuario\Desktop\Blog-Pessoal\blogPessoal\target\classes;C:\Users\usuario\.m2\repository\io\springfox\springfox-boot-starter\3.0.0\springfox-boot-starter-3.0.0.jar;C:\Users\usuario\.m2\repository\io\springfox\springfox-oas\3.0.0\springfox-oas-3.0.0.jar;C:\Users\usuario\.m2\repository\io\swagger\core\v3\swagger-annotations\2.1.2\swagger-annotations-2.1.2.jar;C:\Users\usuario\.m2\repository\io\swagger\core\v3\swagger-models\2.1.2\swagger-models-2.1.2.jar;C:\Users\usuario\.m2\repository\com\fasterxml\jackson\core\jackson-annotations\2.12.5\jackson-annotations-2.12.5.jar;C:\Users\usuario\.m2\repository\io\springfox\springfox-spi\3.0.0\springfox-spi-3.0.0.jar;C:\Users\usuario\.m2\repository\io\springfox\springfox-schema\3.0.0\springfox-schema-3.0.0.jar;C:\Users\usuario\.m2\repository\io\springfox\springfox-core\3.0.0\springfox-core-3.0.0.jar;C:\Users\usuario\.m2\repository\io\springfox\springfox-spring-web\3.0.0\springfox-spring-web-3.0.0.jar;C:\Users\usuario\.m2\repository\io\github\classgraph\classgraph\4.8.83\classgraph-4.8.83.jar;C:\Users\usuario\.m2\repository\io\springfox\springfox-spring-webmvc\3.0.0\springfox-spring-webmvc-3.0.0.jar;C:\Users\usuario\.m2\repository\io\springfox\springfox-spring-webflux\3.0.0\springfox-spring-webflux-3.0.0.jar;C:\Users\usuario\.m2\repository\io\springfox\springfox-swagger-common\3.0.0\springfox-swagger-common-3.0.0.jar;C:\Users\usuario\.m2\repository\org\mapstruct\mapstruct\1.3.1.Final\mapstruct-1.3.1.Final.jar;C:\Users\usuario\.m2\repository\io\springfox\springfox-data-rest\3.0.0\springfox-data-rest-3.0.0.jar;C:\Users\usuario\.m2\repository\io\springfox\springfox-bean-validators\3.0.0\springfox-bean-validators-3.0.0.jar;C:\Users\usuario\.m2\repository\io\springfox\springfox-swagger2\3.0.0\springfox-swagger2-3.0.0.jar;C:\Users\usuario\.m2\repository\io\swagger\swagger-annotations\1.5.20\swagger-annotations-1.5.20.jar;C:\Users\usuario\.m2\repository\io\swagger\swagger-models\1.5.20\swagger-models
Launcher Type: SUN_STANDARD

[Global flags]
     intx CICompilerCount                          = 3                                         {product} {ergonomic}
     uint ConcGCThreads                            = 1                                         {product} {ergonomic}
     uint G1ConcRefinementThreads                  = 4                                         {product} {ergonomic}
   size_t G1HeapRegionSize                         = 1048576                                   {product} {ergonomic}
    uintx GCDrainStackTargetSize                   = 64                                        {product} {ergonomic}
   size_t InitialHeapSize                          = 134217728                                 {product} {ergonomic}
   size_t MarkStackSize                            = 4194304                                   {product} {ergonomic}
   size_t MaxHeapSize                              = 2118123520                                {product} {ergonomic}
   size_t MaxNewSize                               = 1270874112                                {product} {ergonomic}
   size_t MinHeapDeltaBytes                        = 1048576                                   {product} {ergonomic}
   size_t MinHeapSize                              = 8388608                                   {product} {ergonomic}
    uintx NonNMethodCodeHeapSize                   = 5832780                                {pd product} {ergonomic}
    uintx NonProfiledCodeHeapSize                  = 122912730                              {pd product} {ergonomic}
    uintx ProfiledCodeHeapSize                     = 122912730                              {pd product} {ergonomic}
    uintx ReservedCodeCacheSize                    = 251658240                              {pd product} {ergonomic}
     bool SegmentedCodeCache                       = true                                      {product} {ergonomic}
     bool ShowCodeDetailsInExceptionMessages       = true                                   {manageable} {command line}
   size_t SoftMaxHeapSize                          = 2118123520                             {manageable} {ergonomic}
     bool UseCompressedClassPointers               = true                           {product lp64_product} {ergonomic}
     bool UseCompressedOops                        = true                           {product lp64_product} {ergonomic}
     bool UseG1GC                                  = true                                      {product} {ergonomic}
     bool UseLargePagesIndividualAllocation        = false                                  {pd product} {ergonomic}

Logging:
Log output configuration:
 #0: stdout all=warning uptime,level,tags
 #1: stderr all=off uptime,level,tags

Environment Variables:
JAVA_HOME=C:\Program Files\Java\zulu11.50.19-ca-jdk11.0.12-win_x64
PATH=C:/eclipse//plugins/org.eclipse.justj.openjdk.hotspot.jre.full.win32.x86_64_16.0.1.v20210528-1205/jre/bin/server;C:/eclipse//plugins/org.eclipse.justj.openjdk.hotspot.jre.full.win32.x86_64_16.0.1.v20210528-1205/jre/bin;C:\Program Files\Java\zulu11.50.19-ca-jdk11.0.12-win_x64\bin;C:\Program Files\Common Files\Oracle\Java\javapath;C:\Windows\system32;C:\Windows;C:\Windows\System32\Wbem;C:\Windows\System32\WindowsPowerShell\v1.0\;C:\Windows\System32\OpenSSH\;C:\Program Files (x86)\Intel\Intel(R) Management Engine Components\DAL;C:\Program Files\Intel\Intel(R) Management Engine Components\DAL;C:\Program Files\Git\cmd;C:\ProgramData\UNIVALI\Portugol Studio;C:\Users\usuario\AppData\Local\Microsoft\WindowsApps;;C:\Users\usuario\AppData\Local\Programs\Microsoft VS Code\bin;C:\eclipse;
USERNAME=usuario
OS=Windows_NT
PROCESSOR_IDENTIFIER=Intel64 Family 6 Model 142 Stepping 9, GenuineIntel



---------------  S Y S T E M  ---------------

OS:
 Windows 10 , 64 bit Build 19041 (10.0.19041.1202)
OS uptime: 15 days 3:52 hours

CPU: total 4 (initial active 4) (2 cores per cpu, 2 threads per core) family 6 model 142 stepping 9 microcode 0xea, cx8, cmov, fxsr, ht, mmx, 3dnowpref, sse, sse2, sse3, ssse3, sse4.1, sse4.2, popcnt, lzcnt, tsc, tscinvbit, avx, avx2, aes, erms, clmul, bmi1, bmi2, adx, fma, vzeroupper, clflush, clflushopt

Memory: 4k page, system-wide physical 8073M (1306M free)
TotalPageFile size 12169M (AvailPageFile size 5M)
current process WorkingSet (physical memory assigned to process): 101M, peak: 101M
current process commit charge ("private bytes"): 222M, peak: 223M

vm_info: OpenJDK 64-Bit Server VM (16.0.1+9-24) for windows-amd64 JRE (16.0.1+9-24), built on Mar 26 2021 19:30:07 by "mach5one" with MS VC++ 16.7 (VS2019)

END.
