#
# There is insufficient memory for the Java Runtime Environment to continue.
# Native memory allocation (malloc) failed to allocate 2122896 bytes for Chunk::new
# Possible reasons:
#   The system is out of physical RAM or swap space
#   The process is running with CompressedOops enabled, and the Java Heap may be blocking the growth of the native heap
# Possible solutions:
#   Reduce memory load on the system
#   Increase physical memory or swap space
#   Check if swap backing store is full
#   Decrease Java heap size (-Xmx/-Xms)
#   Decrease number of Java threads
#   Decrease Java thread stack sizes (-Xss)
#   Set larger code cache with -XX:ReservedCodeCacheSize=
#   JVM is running with Unscaled Compressed Oops mode in which the Java heap is
#     placed in the first 4GB address space. The Java Heap base address is the
#     maximum limit for the native heap growth. Please use -XX:HeapBaseMinAddress
#     to set the Java Heap base and to place the Java Heap above 4GB virtual address.
# This output file may be truncated or incomplete.
#
#  Out of Memory Error (arena.cpp:195), pid=3108, tid=4716
#
# JRE version: OpenJDK Runtime Environment (16.0.1+9) (build 16.0.1+9-24)
# Java VM: OpenJDK 64-Bit Server VM (16.0.1+9-24, mixed mode, tiered, compressed oops, compressed class ptrs, g1 gc, windows-amd64)
# No core dump will be written. Minidumps are not enabled by default on client versions of Windows
#

---------------  S U M M A R Y ------------

Command Line: -Dfile.encoding=UTF-8 -XX:+ShowCodeDetailsInExceptionMessages org.genration.blogPessoal.BlogPessoalApplication

Host: Intel(R) Core(TM) i5-7200U CPU @ 2.50GHz, 4 cores, 7G,  Windows 10 , 64 bit Build 19041 (10.0.19041.1202)
Time: Thu Oct 14 13:04:59 2021 Hora oficial do Brasil elapsed time: 1430.528123 seconds (0d 0h 23m 50s)

---------------  T H R E A D  ---------------

Current thread (0x000001d77e595fe0):  JavaThread "C2 CompilerThread0" daemon [_thread_in_native, id=4716, stack(0x0000007e28400000,0x0000007e28500000)]


Current CompileTask:
C2:1430528 9657       4       java.lang.Class::annotationData (44 bytes)

Stack: [0x0000007e28400000,0x0000007e28500000]
Native frames: (J=compiled Java code, j=interpreted, Vv=VM code, C=native code)
V  [jvm.dll+0x6687ca]
V  [jvm.dll+0x7ca3c9]
V  [jvm.dll+0x7cbb53]
V  [jvm.dll+0x7cc1b3]
V  [jvm.dll+0x242ea5]
V  [jvm.dll+0xadeca]
V  [jvm.dll+0xae5ac]
V  [jvm.dll+0x35aed2]
V  [jvm.dll+0x3253d1]
V  [jvm.dll+0x32487a]
V  [jvm.dll+0x215f3c]
V  [jvm.dll+0x215350]
V  [jvm.dll+0x1a1d9b]
V  [jvm.dll+0x2253a8]
V  [jvm.dll+0x2233ec]
V  [jvm.dll+0x780002]
V  [jvm.dll+0x779b4a]
V  [jvm.dll+0x667666]
C  [ucrtbase.dll+0x21bb2]
C  [KERNEL32.DLL+0x17034]
C  [ntdll.dll+0x52651]


---------------  P R O C E S S  ---------------

Threads class SMR info:
_java_thread_list=0x000001d71978e0f0, length=17, elements={
0x000001d77e5766b0, 0x000001d77e577d90, 0x000001d77e5c92a0, 0x000001d77e5928f0,
0x000001d77e5935b0, 0x000001d77e594660, 0x000001d77e595fe0, 0x000001d77f01b460,
0x000001d77f026160, 0x000001d77f16c270, 0x000001d77f17d3e0, 0x000001d7176775a0,
0x000001d717676b00, 0x000001d717676060, 0x000001d71d7e7510, 0x000001d715769820,
0x000001d71d7e8fa0
}

Java Threads: ( => current thread )
  0x000001d77e5766b0 JavaThread "Reference Handler" daemon [_thread_blocked, id=10932, stack(0x0000007e27e00000,0x0000007e27f00000)]
  0x000001d77e577d90 JavaThread "Finalizer" daemon [_thread_blocked, id=13804, stack(0x0000007e27f00000,0x0000007e28000000)]
  0x000001d77e5c92a0 JavaThread "Signal Dispatcher" daemon [_thread_blocked, id=14080, stack(0x0000007e28000000,0x0000007e28100000)]
  0x000001d77e5928f0 JavaThread "Attach Listener" daemon [_thread_blocked, id=2732, stack(0x0000007e28100000,0x0000007e28200000)]
  0x000001d77e5935b0 JavaThread "Service Thread" daemon [_thread_blocked, id=7276, stack(0x0000007e28200000,0x0000007e28300000)]
  0x000001d77e594660 JavaThread "Monitor Deflation Thread" daemon [_thread_blocked, id=12504, stack(0x0000007e28300000,0x0000007e28400000)]
=>0x000001d77e595fe0 JavaThread "C2 CompilerThread0" daemon [_thread_in_native, id=4716, stack(0x0000007e28400000,0x0000007e28500000)]
  0x000001d77f01b460 JavaThread "C1 CompilerThread0" daemon [_thread_blocked, id=10456, stack(0x0000007e28500000,0x0000007e28600000)]
  0x000001d77f026160 JavaThread "Sweeper thread" daemon [_thread_blocked, id=10580, stack(0x0000007e28600000,0x0000007e28700000)]
  0x000001d77f16c270 JavaThread "Notification Thread" daemon [_thread_blocked, id=5172, stack(0x0000007e28700000,0x0000007e28800000)]
  0x000001d77f17d3e0 JavaThread "Common-Cleaner" daemon [_thread_blocked, id=13744, stack(0x0000007e28900000,0x0000007e28a00000)]
  0x000001d7176775a0 JavaThread "mysql-cj-abandoned-connection-cleanup" daemon [_thread_blocked, id=3068, stack(0x0000007e29400000,0x0000007e29500000)]
  0x000001d717676b00 JavaThread "Live Reload Server" daemon [_thread_in_native, id=8420, stack(0x0000007e29900000,0x0000007e29a00000)]
  0x000001d717676060 JavaThread "DestroyJavaVM" [_thread_blocked, id=2476, stack(0x0000007e27700000,0x0000007e27800000)]
  0x000001d71d7e7510 JavaThread "Thread-11" [_thread_blocked, id=7336, stack(0x0000007e28f00000,0x0000007e29000000)]
  0x000001d715769820 JavaThread "C2 CompilerThread1" daemon [_thread_in_native, id=5760, stack(0x0000007e29100000,0x0000007e29200000)]
  0x000001d71d7e8fa0 JavaThread "restartedMain" [_thread_in_Java, id=7308, stack(0x0000007e29200000,0x0000007e29300000)]

Other Threads:
  0x000001d77e5732a0 VMThread "VM Thread" [stack: 0x0000007e27d00000,0x0000007e27e00000] [id=9376]
  0x000001d77f1717b0 WatcherThread [stack: 0x0000007e28800000,0x0000007e28900000] [id=13760]
  0x000001d779f78d70 GCTaskThread "GC Thread#0" [stack: 0x0000007e27800000,0x0000007e27900000] [id=9528]
  0x000001d71515f020 GCTaskThread "GC Thread#1" [stack: 0x0000007e28b00000,0x0000007e28c00000] [id=5436]
  0x000001d71515f330 GCTaskThread "GC Thread#2" [stack: 0x0000007e28c00000,0x0000007e28d00000] [id=13620]
  0x000001d77f799050 GCTaskThread "GC Thread#3" [stack: 0x0000007e28d00000,0x0000007e28e00000] [id=10784]
  0x000001d779f8a9c0 ConcurrentGCThread "G1 Main Marker" [stack: 0x0000007e27900000,0x0000007e27a00000] [id=12012]
  0x000001d779f8bc10 ConcurrentGCThread "G1 Conc#0" [stack: 0x0000007e27a00000,0x0000007e27b00000] [id=11408]
  0x000001d77a0060f0 ConcurrentGCThread "G1 Refine#0" [stack: 0x0000007e27b00000,0x0000007e27c00000] [id=2708]
  0x000001d71515f640 ConcurrentGCThread "G1 Refine#1" [stack: 0x0000007e28e00000,0x0000007e28f00000] [id=11952]
  0x000001d77a006a70 ConcurrentGCThread "G1 Service" [stack: 0x0000007e27c00000,0x0000007e27d00000] [id=9988]

Threads with active compile tasks:
C2 CompilerThread0  1430556 9657       4       java.lang.Class::annotationData (44 bytes)
C2 CompilerThread1  1430556 9617       4       org.springframework.boot.context.properties.source.SpringIterableConfigurationPropertySource::containsDescendantOf (102 bytes)

VM state: not at safepoint (normal execution)

VM Mutex/Monitor currently owned by a thread: None

Heap address: 0x0000000081c00000, size: 2020 MB, Compressed Oops mode: 32-bit

CDS disabled.
Compressed class space mapped at: 0x0000000100000000-0x0000000140000000, reserved size: 1073741824
Narrow klass base: 0x0000000000000000, Narrow klass shift: 3, Narrow klass range: 0x140000000

GC Precious Log:
 CPUs: 4 total, 4 available
 Memory: 8073M
 Large Page Support: Disabled
 NUMA Support: Disabled
 Compressed Oops: Enabled (32-bit)
 Heap Region Size: 1M
 Heap Min Capacity: 8M
 Heap Initial Capacity: 128M
 Heap Max Capacity: 2020M
 Pre-touch: Disabled
 Parallel Workers: 4
 Concurrent Workers: 1
 Concurrent Refinement Workers: 4
 Periodic GC: Disabled

Heap:
 garbage-first heap   total 96256K, used 61878K [0x0000000081c00000, 0x0000000100000000)
  region size 1024K, 34 young (34816K), 0 survivors (0K)
 Metaspace       used 82293K, committed 82816K, reserved 1122304K
  class space    used 10305K, committed 10560K, reserved 1048576K

Heap Regions: E=young(eden), S=young(survivor), O=old, HS=humongous(starts), HC=humongous(continues), CS=collection set, F=free, OA=open archive, CA=closed archive, TAMS=top-at-mark-start (previous, next)
|   0|0x0000000081c00000, 0x0000000081d00000, 0x0000000081d00000|100%|HS|  |TAMS 0x0000000081d00000, 0x0000000081c00000| Untracked 
|   1|0x0000000081d00000, 0x0000000081dff500, 0x0000000081e00000| 99%| O|  |TAMS 0x0000000081d00000, 0x0000000081d00000| Untracked 
|   2|0x0000000081e00000, 0x0000000081efffd0, 0x0000000081f00000| 99%| O|  |TAMS 0x0000000081e00000, 0x0000000081e00000| Untracked 
|   3|0x0000000081f00000, 0x0000000082000000, 0x0000000082000000|100%| O|  |TAMS 0x0000000081f00000, 0x0000000081f00000| Untracked 
|   4|0x0000000082000000, 0x00000000820fffe0, 0x0000000082100000| 99%| O|  |TAMS 0x0000000082000000, 0x0000000082000000| Untracked 
|   5|0x0000000082100000, 0x00000000821f9a80, 0x0000000082200000| 97%| O|  |TAMS 0x0000000082100000, 0x0000000082100000| Untracked 
|   6|0x0000000082200000, 0x00000000822fff40, 0x0000000082300000| 99%| O|  |TAMS 0x0000000082200000, 0x0000000082200000| Untracked 
|   7|0x0000000082300000, 0x00000000823ffe98, 0x0000000082400000| 99%| O|  |TAMS 0x0000000082300000, 0x0000000082300000| Untracked 
|   8|0x0000000082400000, 0x00000000824fff98, 0x0000000082500000| 99%| O|  |TAMS 0x0000000082400000, 0x0000000082400000| Untracked 
|   9|0x0000000082500000, 0x0000000082600000, 0x0000000082600000|100%| O|  |TAMS 0x0000000082500000, 0x0000000082500000| Untracked 
|  10|0x0000000082600000, 0x00000000826ffff8, 0x0000000082700000| 99%| O|  |TAMS 0x0000000082600000, 0x0000000082600000| Untracked 
|  11|0x0000000082700000, 0x0000000082800000, 0x0000000082800000|100%| O|  |TAMS 0x0000000082700000, 0x0000000082700000| Untracked 
|  12|0x0000000082800000, 0x00000000828fe928, 0x0000000082900000| 99%| O|  |TAMS 0x0000000082800000, 0x0000000082800000| Untracked 
|  13|0x0000000082900000, 0x00000000829ffbb0, 0x0000000082a00000| 99%| O|  |TAMS 0x0000000082900000, 0x0000000082900000| Untracked 
|  14|0x0000000082a00000, 0x0000000082afffb0, 0x0000000082b00000| 99%| O|  |TAMS 0x0000000082a00000, 0x0000000082a00000| Untracked 
|  15|0x0000000082b00000, 0x0000000082bfffb8, 0x0000000082c00000| 99%| O|  |TAMS 0x0000000082b00000, 0x0000000082b00000| Untracked 
|  16|0x0000000082c00000, 0x0000000082d00000, 0x0000000082d00000|100%| O|  |TAMS 0x0000000082c00000, 0x0000000082c00000| Untracked 
|  17|0x0000000082d00000, 0x0000000082dffff8, 0x0000000082e00000| 99%| O|  |TAMS 0x0000000082d00000, 0x0000000082d00000| Untracked 
|  18|0x0000000082e00000, 0x0000000082efffe8, 0x0000000082f00000| 99%| O|  |TAMS 0x0000000082e00000, 0x0000000082e00000| Untracked 
|  19|0x0000000082f00000, 0x0000000083000000, 0x0000000083000000|100%| O|  |TAMS 0x0000000082f00000, 0x0000000082f00000| Untracked 
|  20|0x0000000083000000, 0x00000000830ffff8, 0x0000000083100000| 99%| O|  |TAMS 0x0000000083000000, 0x0000000083000000| Untracked 
|  21|0x0000000083100000, 0x00000000831fffe8, 0x0000000083200000| 99%| O|  |TAMS 0x0000000083100000, 0x0000000083100000| Untracked 
|  22|0x0000000083200000, 0x00000000832ffff8, 0x0000000083300000| 99%| O|  |TAMS 0x0000000083200000, 0x0000000083200000| Untracked 
|  23|0x0000000083300000, 0x00000000833fffe8, 0x0000000083400000| 99%| O|  |TAMS 0x0000000083300000, 0x0000000083300000| Untracked 
|  24|0x0000000083400000, 0x00000000834fffd8, 0x0000000083500000| 99%| O|  |TAMS 0x0000000083400000, 0x0000000083400000| Untracked 
|  25|0x0000000083500000, 0x00000000835dbcf0, 0x0000000083600000| 85%| O|  |TAMS 0x0000000083500000, 0x0000000083500000| Untracked 
|  26|0x0000000083600000, 0x0000000083600000, 0x0000000083700000|  0%| F|  |TAMS 0x0000000083600000, 0x0000000083600000| Untracked 
|  27|0x0000000083700000, 0x00000000837ffe68, 0x0000000083800000| 99%| O|  |TAMS 0x0000000083700000, 0x0000000083700000| Untracked 
|  28|0x0000000083800000, 0x0000000083829da0, 0x0000000083900000| 16%| O|  |TAMS 0x0000000083800000, 0x0000000083800000| Untracked 
|  29|0x0000000083900000, 0x0000000083900000, 0x0000000083a00000|  0%| F|  |TAMS 0x0000000083900000, 0x0000000083900000| Untracked 
|  30|0x0000000083a00000, 0x0000000083a711b0, 0x0000000083b00000| 44%| O|  |TAMS 0x0000000083a00000, 0x0000000083a00000| Untracked 
|  31|0x0000000083b00000, 0x0000000083b00000, 0x0000000083c00000|  0%| F|  |TAMS 0x0000000083b00000, 0x0000000083b00000| Untracked 
|  32|0x0000000083c00000, 0x0000000083c00000, 0x0000000083d00000|  0%| F|  |TAMS 0x0000000083c00000, 0x0000000083c00000| Untracked 
|  33|0x0000000083d00000, 0x0000000083d00000, 0x0000000083e00000|  0%| F|  |TAMS 0x0000000083d00000, 0x0000000083d00000| Untracked 
|  34|0x0000000083e00000, 0x0000000083e00000, 0x0000000083f00000|  0%| F|  |TAMS 0x0000000083e00000, 0x0000000083e00000| Untracked 
|  35|0x0000000083f00000, 0x0000000083f00000, 0x0000000084000000|  0%| F|  |TAMS 0x0000000083f00000, 0x0000000083f00000| Untracked 
|  36|0x0000000084000000, 0x0000000084000000, 0x0000000084100000|  0%| F|  |TAMS 0x0000000084000000, 0x0000000084000000| Untracked 
|  37|0x0000000084100000, 0x0000000084100000, 0x0000000084200000|  0%| F|  |TAMS 0x0000000084100000, 0x0000000084100000| Untracked 
|  38|0x0000000084200000, 0x0000000084200000, 0x0000000084300000|  0%| F|  |TAMS 0x0000000084200000, 0x0000000084200000| Untracked 
|  39|0x0000000084300000, 0x0000000084300000, 0x0000000084400000|  0%| F|  |TAMS 0x0000000084300000, 0x0000000084300000| Untracked 
|  40|0x0000000084400000, 0x0000000084400000, 0x0000000084500000|  0%| F|  |TAMS 0x0000000084400000, 0x0000000084400000| Untracked 
|  41|0x0000000084500000, 0x0000000084500000, 0x0000000084600000|  0%| F|  |TAMS 0x0000000084500000, 0x0000000084500000| Untracked 
|  42|0x0000000084600000, 0x0000000084600000, 0x0000000084700000|  0%| F|  |TAMS 0x0000000084600000, 0x0000000084600000| Untracked 
|  43|0x0000000084700000, 0x0000000084700000, 0x0000000084800000|  0%| F|  |TAMS 0x0000000084700000, 0x0000000084700000| Untracked 
|  44|0x0000000084800000, 0x0000000084800000, 0x0000000084900000|  0%| F|  |TAMS 0x0000000084800000, 0x0000000084800000| Untracked 
|  45|0x0000000084900000, 0x0000000084900000, 0x0000000084a00000|  0%| F|  |TAMS 0x0000000084900000, 0x0000000084900000| Untracked 
|  46|0x0000000084a00000, 0x0000000084a00000, 0x0000000084b00000|  0%| F|  |TAMS 0x0000000084a00000, 0x0000000084a00000| Untracked 
|  47|0x0000000084b00000, 0x0000000084b00000, 0x0000000084c00000|  0%| F|  |TAMS 0x0000000084b00000, 0x0000000084b00000| Untracked 
|  48|0x0000000084c00000, 0x0000000084c00000, 0x0000000084d00000|  0%| F|  |TAMS 0x0000000084c00000, 0x0000000084c00000| Untracked 
|  49|0x0000000084d00000, 0x0000000084d00000, 0x0000000084e00000|  0%| F|  |TAMS 0x0000000084d00000, 0x0000000084d00000| Untracked 
|  50|0x0000000084e00000, 0x0000000084e00000, 0x0000000084f00000|  0%| F|  |TAMS 0x0000000084e00000, 0x0000000084e00000| Untracked 
|  51|0x0000000084f00000, 0x0000000084f00000, 0x0000000085000000|  0%| F|  |TAMS 0x0000000084f00000, 0x0000000084f00000| Untracked 
|  52|0x0000000085000000, 0x0000000085000000, 0x0000000085100000|  0%| F|  |TAMS 0x0000000085000000, 0x0000000085000000| Untracked 
|  53|0x0000000085100000, 0x0000000085100000, 0x0000000085200000|  0%| F|  |TAMS 0x0000000085100000, 0x0000000085100000| Untracked 
|  54|0x0000000085200000, 0x0000000085200000, 0x0000000085300000|  0%| F|  |TAMS 0x0000000085200000, 0x0000000085200000| Untracked 
|  55|0x0000000085300000, 0x0000000085300000, 0x0000000085400000|  0%| F|  |TAMS 0x0000000085300000, 0x0000000085300000| Untracked 
|  56|0x0000000085400000, 0x0000000085400000, 0x0000000085500000|  0%| F|  |TAMS 0x0000000085400000, 0x0000000085400000| Untracked 
|  57|0x0000000085500000, 0x0000000085500000, 0x0000000085600000|  0%| F|  |TAMS 0x0000000085500000, 0x0000000085500000| Untracked 
|  58|0x0000000085600000, 0x0000000085600000, 0x0000000085700000|  0%| F|  |TAMS 0x0000000085600000, 0x0000000085600000| Untracked 
|  59|0x0000000085700000, 0x0000000085700000, 0x0000000085800000|  0%| F|  |TAMS 0x0000000085700000, 0x0000000085700000| Untracked 
|  60|0x0000000085800000, 0x00000000858bbf50, 0x0000000085900000| 73%| E|  |TAMS 0x0000000085800000, 0x0000000085800000| Complete 
|  61|0x0000000085900000, 0x0000000085a00000, 0x0000000085a00000|100%| E|CS|TAMS 0x0000000085900000, 0x0000000085900000| Complete 
|  62|0x0000000085a00000, 0x0000000085b00000, 0x0000000085b00000|100%| E|CS|TAMS 0x0000000085a00000, 0x0000000085a00000| Complete 
|  63|0x0000000085b00000, 0x0000000085c00000, 0x0000000085c00000|100%| E|CS|TAMS 0x0000000085b00000, 0x0000000085b00000| Complete 
|  64|0x0000000085c00000, 0x0000000085d00000, 0x0000000085d00000|100%| E|CS|TAMS 0x0000000085c00000, 0x0000000085c00000| Complete 
|  65|0x0000000085d00000, 0x0000000085e00000, 0x0000000085e00000|100%| E|CS|TAMS 0x0000000085d00000, 0x0000000085d00000| Complete 
|  66|0x0000000085e00000, 0x0000000085f00000, 0x0000000085f00000|100%| E|CS|TAMS 0x0000000085e00000, 0x0000000085e00000| Complete 
|  67|0x0000000085f00000, 0x0000000086000000, 0x0000000086000000|100%| E|CS|TAMS 0x0000000085f00000, 0x0000000085f00000| Complete 
|  68|0x0000000086000000, 0x0000000086100000, 0x0000000086100000|100%| E|CS|TAMS 0x0000000086000000, 0x0000000086000000| Complete 
|  69|0x0000000086100000, 0x0000000086200000, 0x0000000086200000|100%| E|CS|TAMS 0x0000000086100000, 0x0000000086100000| Complete 
|  70|0x0000000086200000, 0x0000000086300000, 0x0000000086300000|100%| E|CS|TAMS 0x0000000086200000, 0x0000000086200000| Complete 
|  71|0x0000000086300000, 0x0000000086400000, 0x0000000086400000|100%| E|CS|TAMS 0x0000000086300000, 0x0000000086300000| Complete 
|  72|0x0000000086400000, 0x0000000086500000, 0x0000000086500000|100%| E|CS|TAMS 0x0000000086400000, 0x0000000086400000| Complete 
|  73|0x0000000086500000, 0x0000000086600000, 0x0000000086600000|100%| E|CS|TAMS 0x0000000086500000, 0x0000000086500000| Complete 
|  74|0x0000000086600000, 0x0000000086700000, 0x0000000086700000|100%| E|CS|TAMS 0x0000000086600000, 0x0000000086600000| Complete 
|  75|0x0000000086700000, 0x0000000086800000, 0x0000000086800000|100%| E|CS|TAMS 0x0000000086700000, 0x0000000086700000| Complete 
|  76|0x0000000086800000, 0x0000000086900000, 0x0000000086900000|100%| E|CS|TAMS 0x0000000086800000, 0x0000000086800000| Complete 
|  77|0x0000000086900000, 0x0000000086a00000, 0x0000000086a00000|100%| E|CS|TAMS 0x0000000086900000, 0x0000000086900000| Complete 
|  78|0x0000000086a00000, 0x0000000086b00000, 0x0000000086b00000|100%| E|CS|TAMS 0x0000000086a00000, 0x0000000086a00000| Complete 
|  79|0x0000000086b00000, 0x0000000086c00000, 0x0000000086c00000|100%| E|CS|TAMS 0x0000000086b00000, 0x0000000086b00000| Complete 
|  80|0x0000000086c00000, 0x0000000086d00000, 0x0000000086d00000|100%| E|CS|TAMS 0x0000000086c00000, 0x0000000086c00000| Complete 
|  81|0x0000000086d00000, 0x0000000086e00000, 0x0000000086e00000|100%| E|CS|TAMS 0x0000000086d00000, 0x0000000086d00000| Complete 
|  82|0x0000000086e00000, 0x0000000086f00000, 0x0000000086f00000|100%| E|CS|TAMS 0x0000000086e00000, 0x0000000086e00000| Complete 
|  83|0x0000000086f00000, 0x0000000087000000, 0x0000000087000000|100%| E|CS|TAMS 0x0000000086f00000, 0x0000000086f00000| Complete 
|  84|0x0000000087000000, 0x0000000087100000, 0x0000000087100000|100%| E|CS|TAMS 0x0000000087000000, 0x0000000087000000| Complete 
|  85|0x0000000087100000, 0x0000000087200000, 0x0000000087200000|100%| E|CS|TAMS 0x0000000087100000, 0x0000000087100000| Complete 
|  86|0x0000000087200000, 0x0000000087300000, 0x0000000087300000|100%| E|CS|TAMS 0x0000000087200000, 0x0000000087200000| Complete 
|  87|0x0000000087300000, 0x0000000087400000, 0x0000000087400000|100%| E|CS|TAMS 0x0000000087300000, 0x0000000087300000| Complete 
|  88|0x0000000087400000, 0x0000000087500000, 0x0000000087500000|100%| E|CS|TAMS 0x0000000087400000, 0x0000000087400000| Complete 
|  89|0x0000000087500000, 0x0000000087600000, 0x0000000087600000|100%| E|CS|TAMS 0x0000000087500000, 0x0000000087500000| Complete 
|  90|0x0000000087600000, 0x0000000087700000, 0x0000000087700000|100%| E|CS|TAMS 0x0000000087600000, 0x0000000087600000| Complete 
|  91|0x0000000087700000, 0x0000000087800000, 0x0000000087800000|100%| E|CS|TAMS 0x0000000087700000, 0x0000000087700000| Complete 
| 118|0x0000000089200000, 0x0000000089300000, 0x0000000089300000|100%| E|CS|TAMS 0x0000000089200000, 0x0000000089200000| Complete 
| 127|0x0000000089b00000, 0x0000000089c00000, 0x0000000089c00000|100%| E|CS|TAMS 0x0000000089b00000, 0x0000000089b00000| Complete 

Card table byte_map: [0x000001d77d8a0000,0x000001d77dca0000] _byte_map_base: 0x000001d77d492000

Marking Bits (Prev, Next): (CMBitMap*) 0x000001d779f79360, (CMBitMap*) 0x000001d779f793a0
 Prev Bits: [0x000001d70f000000, 0x000001d710f90000)
 Next Bits: [0x000001d710f90000, 0x000001d712f20000)

Polling page: 0x000001d779710000

Metaspace:

Usage:
  Non-class:     70.30 MB used.
      Class:     10.06 MB used.
       Both:     80.36 MB used.

Virtual space:
  Non-class space:       72.00 MB reserved,      70.56 MB ( 98%) committed,  9 nodes.
      Class space:        1.00 GB reserved,      10.31 MB (  1%) committed,  1 nodes.
              Both:        1.07 GB reserved,      80.88 MB (  7%) committed. 

Chunk freelists:
   Non-Class:  1.41 MB
       Class:  1.53 MB
        Both:  2.94 MB

MaxMetaspaceSize: 17179869184.00 GB
CompressedClassSpaceSize: 1.00 GB
 - commit_granule_bytes: 65536.
 - commit_granule_words: 8192.
 - virtual_space_node_default_size: 1048576.
 - enlarge_chunks_in_place: 1.
 - new_chunks_are_fully_committed: 0.
 - uncommit_free_chunks: 1.
 - use_allocation_guard: 0.
 - handle_deallocations: 1.


Internal statistics:

num_allocs_failed_limit: 9.
num_arena_births: 698.
num_arena_deaths: 4.
num_vsnodes_births: 10.
num_vsnodes_deaths: 0.
num_space_committed: 1294.
num_space_uncommitted: 0.
num_chunks_returned_to_freelist: 14.
num_chunks_taken_from_freelist: 3430.
num_chunk_merges: 3.
num_chunk_splits: 2331.
num_chunks_enlarged: 1733.
num_purges: 6.

CodeHeap 'non-profiled nmethods': size=120000Kb used=4970Kb max_used=5615Kb free=115029Kb
 bounds [0x000001d707ad0000, 0x000001d708050000, 0x000001d70f000000]
CodeHeap 'profiled nmethods': size=120000Kb used=14897Kb max_used=16047Kb free=105102Kb
 bounds [0x000001d7005a0000, 0x000001d701550000, 0x000001d707ad0000]
CodeHeap 'non-nmethods': size=5760Kb used=1349Kb max_used=1445Kb free=4410Kb
 bounds [0x000001d700000000, 0x000001d700270000, 0x000001d7005a0000]
 total_blobs=8808 nmethods=8135 adapters=584
 compilation: enabled
              stopped_count=0, restarted_count=0
 full_count=0

Compilation events (20 events):
Event: 1430.293 Thread 0x000001d77f01b460 9668       2       org.springframework.core.annotation.AnnotationTypeMapping$$Lambda$235/0x0000000100251000::extract (6 bytes)
Event: 1430.293 Thread 0x000001d77f01b460 nmethod 9668 0x000001d700951e90 code [0x000001d700952080, 0x000001d700952398]
Event: 1430.335 Thread 0x000001d77f01b460 9670       3       org.springframework.asm.ClassReader::accept (1401 bytes)
Event: 1430.347 Thread 0x000001d77f01b460 nmethod 9670 0x000001d700c5a310 code [0x000001d700c5aea0, 0x000001d700c62228]
Event: 1430.357 Thread 0x000001d77f01b460 9671       2       org.springframework.core.type.ClassMetadata::isConcrete (24 bytes)
Event: 1430.358 Thread 0x000001d77f01b460 nmethod 9671 0x000001d700951a90 code [0x000001d700951c40, 0x000001d700951db8]
Event: 1430.358 Thread 0x000001d77f01b460 9672       2       org.springframework.core.type.classreading.SimpleAnnotationMetadata::isAbstract (17 bytes)
Event: 1430.358 Thread 0x000001d77f01b460 nmethod 9672 0x000001d70090ba10 code [0x000001d70090bba0, 0x000001d70090bcb8]
Event: 1430.362 Thread 0x000001d77f01b460 9673       2       org.springframework.context.annotation.AnnotationConfigUtils::processCommonDefinitionAnnotations (11 bytes)
Event: 1430.362 Thread 0x000001d77f01b460 nmethod 9673 0x000001d700951610 code [0x000001d7009517c0, 0x000001d7009518f8]
Event: 1430.362 Thread 0x000001d77f01b460 9674       2       org.springframework.context.annotation.AnnotationBeanNameGenerator::buildDefaultBeanName (31 bytes)
Event: 1430.363 Thread 0x000001d77f01b460 nmethod 9674 0x000001d700a1d310 code [0x000001d700a1d500, 0x000001d700a1d838]
Event: 1430.383 Thread 0x000001d77f01b460 9676       2       org.springframework.context.annotation.ClassPathBeanDefinitionScanner::checkCandidate (113 bytes)
Event: 1430.384 Thread 0x000001d77f01b460 nmethod 9676 0x000001d700b95210 code [0x000001d700b954c0, 0x000001d700b95cc8]
Event: 1430.384 Thread 0x000001d77f01b460 9677       2       org.springframework.context.annotation.ClassPathBeanDefinitionScanner::registerBeanDefinition (6 bytes)
Event: 1430.384 Thread 0x000001d77f01b460 nmethod 9677 0x000001d700a1cf90 code [0x000001d700a1d140, 0x000001d700a1d268]
Event: 1430.449 Thread 0x000001d77f01b460 9678       2       org.springframework.context.annotation.ConfigurationClass::<init> (92 bytes)
Event: 1430.450 Thread 0x000001d77f01b460 nmethod 9678 0x000001d701033f90 code [0x000001d7010341c0, 0x000001d701034a28]
Event: 1430.462 Thread 0x000001d77f01b460 9679       2       java.util.Spliterators$EmptySpliterator$OfRef::forEachRemaining (6 bytes)
Event: 1430.462 Thread 0x000001d77f01b460 nmethod 9679 0x000001d700a1ca10 code [0x000001d700a1cbc0, 0x000001d700a1cd88]

GC Heap History (20 events):
Event: 1245.527 GC heap before
{Heap before GC invocations=23 (full 0):
 garbage-first heap   total 96256K, used 69550K [0x0000000081c00000, 0x0000000100000000)
  region size 1024K, 39 young (39936K), 3 survivors (3072K)
 Metaspace       used 78930K, committed 79360K, reserved 1122304K
  class space    used 9946K, committed 10176K, reserved 1048576K
}
Event: 1245.584 GC heap after
{Heap after GC invocations=24 (full 1):
 garbage-first heap   total 96256K, used 27542K [0x0000000081c00000, 0x0000000100000000)
  region size 1024K, 0 young (0K), 0 survivors (0K)
 Metaspace       used 78930K, committed 79360K, reserved 1122304K
  class space    used 9946K, committed 10176K, reserved 1048576K
}
Event: 1246.791 GC heap before
{Heap before GC invocations=24 (full 1):
 garbage-first heap   total 96256K, used 74646K [0x0000000081c00000, 0x0000000100000000)
  region size 1024K, 47 young (48128K), 0 survivors (0K)
 Metaspace       used 79160K, committed 79616K, reserved 1122304K
  class space    used 9963K, committed 10176K, reserved 1048576K
}
Event: 1246.796 GC heap after
{Heap after GC invocations=25 (full 1):
 garbage-first heap   total 96256K, used 30727K [0x0000000081c00000, 0x0000000100000000)
  region size 1024K, 4 young (4096K), 4 survivors (4096K)
 Metaspace       used 79160K, committed 79616K, reserved 1122304K
  class space    used 9963K, committed 10176K, reserved 1048576K
}
Event: 1246.852 GC heap before
{Heap before GC invocations=25 (full 1):
 garbage-first heap   total 96256K, used 73735K [0x0000000081c00000, 0x0000000100000000)
  region size 1024K, 47 young (48128K), 4 survivors (4096K)
 Metaspace       used 79183K, committed 79680K, reserved 1122304K
  class space    used 9963K, committed 10176K, reserved 1048576K
}
Event: 1246.856 GC heap after
{Heap after GC invocations=26 (full 1):
 garbage-first heap   total 96256K, used 31297K [0x0000000081c00000, 0x0000000100000000)
  region size 1024K, 1 young (1024K), 1 survivors (1024K)
 Metaspace       used 79183K, committed 79680K, reserved 1122304K
  class space    used 9963K, committed 10176K, reserved 1048576K
}
Event: 1247.410 GC heap before
{Heap before GC invocations=26 (full 1):
 garbage-first heap   total 96256K, used 76353K [0x0000000081c00000, 0x0000000100000000)
  region size 1024K, 45 young (46080K), 1 survivors (1024K)
 Metaspace       used 79745K, committed 80256K, reserved 1122304K
  class space    used 9987K, committed 10240K, reserved 1048576K
}
Event: 1247.414 GC heap after
{Heap after GC invocations=27 (full 1):
 garbage-first heap   total 96256K, used 32914K [0x0000000081c00000, 0x0000000100000000)
  region size 1024K, 3 young (3072K), 3 survivors (3072K)
 Metaspace       used 79745K, committed 80256K, reserved 1122304K
  class space    used 9987K, committed 10240K, reserved 1048576K
}
Event: 1349.981 GC heap before
{Heap before GC invocations=27 (full 1):
 garbage-first heap   total 96256K, used 69778K [0x0000000081c00000, 0x0000000100000000)
  region size 1024K, 40 young (40960K), 3 survivors (3072K)
 Metaspace       used 80009K, committed 80448K, reserved 1122304K
  class space    used 10004K, committed 10240K, reserved 1048576K
}
Event: 1350.042 GC heap after
{Heap after GC invocations=28 (full 2):
 garbage-first heap   total 96256K, used 27423K [0x0000000081c00000, 0x0000000100000000)
  region size 1024K, 0 young (0K), 0 survivors (0K)
 Metaspace       used 80006K, committed 80448K, reserved 1122304K
  class space    used 10003K, committed 10240K, reserved 1048576K
}
Event: 1350.688 GC heap before
{Heap before GC invocations=28 (full 2):
 garbage-first heap   total 96256K, used 75551K [0x0000000081c00000, 0x0000000100000000)
  region size 1024K, 48 young (49152K), 0 survivors (0K)
 Metaspace       used 80193K, committed 80704K, reserved 1122304K
  class space    used 10018K, committed 10240K, reserved 1048576K
}
Event: 1350.693 GC heap after
{Heap after GC invocations=29 (full 2):
 garbage-first heap   total 96256K, used 30978K [0x0000000081c00000, 0x0000000100000000)
  region size 1024K, 4 young (4096K), 4 survivors (4096K)
 Metaspace       used 80193K, committed 80704K, reserved 1122304K
  class space    used 10018K, committed 10240K, reserved 1048576K
}
Event: 1350.751 GC heap before
{Heap before GC invocations=29 (full 2):
 garbage-first heap   total 96256K, used 76034K [0x0000000081c00000, 0x0000000100000000)
  region size 1024K, 49 young (50176K), 4 survivors (4096K)
 Metaspace       used 80210K, committed 80704K, reserved 1122304K
  class space    used 10018K, committed 10240K, reserved 1048576K
}
Event: 1350.756 GC heap after
{Heap after GC invocations=30 (full 2):
 garbage-first heap   total 96256K, used 31089K [0x0000000081c00000, 0x0000000100000000)
  region size 1024K, 4 young (4096K), 4 survivors (4096K)
 Metaspace       used 80210K, committed 80704K, reserved 1122304K
  class space    used 10018K, committed 10240K, reserved 1048576K
}
Event: 1351.201 GC heap before
{Heap before GC invocations=30 (full 2):
 garbage-first heap   total 96256K, used 78193K [0x0000000081c00000, 0x0000000100000000)
  region size 1024K, 50 young (51200K), 4 survivors (4096K)
 Metaspace       used 80750K, committed 81280K, reserved 1122304K
  class space    used 10038K, committed 10304K, reserved 1048576K
}
Event: 1351.207 GC heap after
{Heap after GC invocations=31 (full 2):
 garbage-first heap   total 96256K, used 33044K [0x0000000081c00000, 0x0000000100000000)
  region size 1024K, 6 young (6144K), 6 survivors (6144K)
 Metaspace       used 80750K, committed 81280K, reserved 1122304K
  class space    used 10038K, committed 10304K, reserved 1048576K
}
Event: 1352.030 GC heap before
{Heap before GC invocations=31 (full 2):
 garbage-first heap   total 96256K, used 78100K [0x0000000081c00000, 0x0000000100000000)
  region size 1024K, 50 young (51200K), 6 survivors (6144K)
 Metaspace       used 82185K, committed 82688K, reserved 1122304K
  class space    used 10295K, committed 10560K, reserved 1048576K
}
Event: 1352.038 GC heap after
{Heap after GC invocations=32 (full 2):
 garbage-first heap   total 96256K, used 35723K [0x0000000081c00000, 0x0000000100000000)
  region size 1024K, 6 young (6144K), 6 survivors (6144K)
 Metaspace       used 82185K, committed 82688K, reserved 1122304K
  class space    used 10295K, committed 10560K, reserved 1048576K
}
Event: 1429.865 GC heap before
{Heap before GC invocations=32 (full 2):
 garbage-first heap   total 96256K, used 40843K [0x0000000081c00000, 0x0000000100000000)
  region size 1024K, 12 young (12288K), 6 survivors (6144K)
 Metaspace       used 82217K, committed 82752K, reserved 1122304K
  class space    used 10297K, committed 10560K, reserved 1048576K
}
Event: 1429.926 GC heap after
{Heap after GC invocations=33 (full 3):
 garbage-first heap   total 96256K, used 28086K [0x0000000081c00000, 0x0000000100000000)
  region size 1024K, 0 young (0K), 0 survivors (0K)
 Metaspace       used 82214K, committed 82752K, reserved 1122304K
  class space    used 10297K, committed 10560K, reserved 1048576K
}

Deoptimization events (20 events):
Event: 1351.918 Thread 0x000001d71d7ec4c0 DEOPT PACKING pc=0x000001d707df0098 sp=0x0000007e291fd460
Event: 1351.918 Thread 0x000001d71d7ec4c0 DEOPT UNPACKING pc=0x000001d70004d72e sp=0x0000007e291fd370 mode 2
Event: 1351.918 Thread 0x000001d71d7ec4c0 Uncommon trap: trap_request=0xfffffff4 fr.pc=0x000001d707e38258 relative=0x00000000000090d8
Event: 1351.918 Thread 0x000001d71d7ec4c0 Uncommon trap: reason=null_check action=make_not_entrant pc=0x000001d707e38258 method=java.lang.Class.createAnnotationData(I)Ljava/lang/Class$AnnotationData; @ 14 c2
Event: 1351.918 Thread 0x000001d71d7ec4c0 DEOPT PACKING pc=0x000001d707e38258 sp=0x0000007e291fcee0
Event: 1351.918 Thread 0x000001d71d7ec4c0 DEOPT UNPACKING pc=0x000001d70004d72e sp=0x0000007e291fced0 mode 2
Event: 1351.918 Thread 0x000001d71d7ec4c0 Uncommon trap: trap_request=0xfffffff4 fr.pc=0x000001d707f9bb24 relative=0x0000000000008ee4
Event: 1351.918 Thread 0x000001d71d7ec4c0 Uncommon trap: reason=null_check action=make_not_entrant pc=0x000001d707f9bb24 method=org.springframework.core.annotation.AnnotationsScanner.processClassHierarchy(Ljava/lang/Object;[ILjava/lang/Class;Lorg/springframework/core/annotation/AnnotationsProcess
Event: 1351.918 Thread 0x000001d71d7ec4c0 DEOPT PACKING pc=0x000001d707f9bb24 sp=0x0000007e291fd190
Event: 1351.918 Thread 0x000001d71d7ec4c0 DEOPT UNPACKING pc=0x000001d70004d72e sp=0x0000007e291fd1e8 mode 2
Event: 1429.982 Thread 0x000001d71d7e8fa0 DEOPT PACKING pc=0x000001d70151ac01 sp=0x0000007e292fd0e0
Event: 1429.982 Thread 0x000001d71d7e8fa0 DEOPT UNPACKING pc=0x000001d70004dece sp=0x0000007e292fc5b8 mode 0
Event: 1430.054 Thread 0x000001d71d7e8fa0 Uncommon trap: trap_request=0xffffffde fr.pc=0x000001d707f0d02c relative=0x00000000000018ec
Event: 1430.054 Thread 0x000001d71d7e8fa0 Uncommon trap: reason=class_check action=maybe_recompile pc=0x000001d707f0d02c method=org.springframework.core.annotation.MergedAnnotationsCollection.find(Ljava/lang/Object;Ljava/util/function/Predicate;Lorg/springframework/core/annotation/MergedAnnotatio
Event: 1430.054 Thread 0x000001d71d7e8fa0 DEOPT PACKING pc=0x000001d707f0d02c sp=0x0000007e292fd9b0
Event: 1430.054 Thread 0x000001d71d7e8fa0 DEOPT UNPACKING pc=0x000001d70004d72e sp=0x0000007e292fd948 mode 2
Event: 1430.090 Thread 0x000001d71d7e8fa0 DEOPT PACKING pc=0x000001d700f45741 sp=0x0000007e292fddc0
Event: 1430.090 Thread 0x000001d71d7e8fa0 DEOPT UNPACKING pc=0x000001d70004dece sp=0x0000007e292fd278 mode 0
Event: 1430.119 Thread 0x000001d71d7e8fa0 DEOPT PACKING pc=0x000001d700f45741 sp=0x0000007e292fde30
Event: 1430.119 Thread 0x000001d71d7e8fa0 DEOPT UNPACKING pc=0x000001d70004dece sp=0x0000007e292fd2e8 mode 0

Classes unloaded (2 events):
Event: 1350.000 Thread 0x000001d77e5732a0 Unloading class 0x0000000100a10000 'org/apache/catalina/loader/JdbcLeakPrevention'
Event: 1429.885 Thread 0x000001d77e5732a0 Unloading class 0x0000000100a26000 'org/apache/catalina/loader/JdbcLeakPrevention'

Classes redefined (0 events):
No events

Internal exceptions (20 events):
Event: 1429.848 Thread 0x000001d71d7ebf70 Exception <a 'java/io/IOException'{0x00000000875f3038}> (0x00000000875f3038) 
thrown [t:\workspace\open\src\hotspot\share\prims\jni.cpp, line 579]
Event: 1429.850 Thread 0x000001d71d7ebf70 Exception <a 'java/io/IOException'{0x00000000875f4b28}> (0x00000000875f4b28) 
thrown [t:\workspace\open\src\hotspot\share\prims\jni.cpp, line 579]
Event: 1429.850 Thread 0x000001d71d7ebf70 Exception <a 'java/io/IOException'{0x00000000875f5430}> (0x00000000875f5430) 
thrown [t:\workspace\open\src\hotspot\share\prims\jni.cpp, line 579]
Event: 1429.850 Thread 0x000001d71d7ebf70 Exception <a 'java/io/IOException'{0x00000000875f6f20}> (0x00000000875f6f20) 
thrown [t:\workspace\open\src\hotspot\share\prims\jni.cpp, line 579]
Event: 1429.850 Thread 0x000001d71d7ebf70 Exception <a 'java/io/IOException'{0x00000000875f7828}> (0x00000000875f7828) 
thrown [t:\workspace\open\src\hotspot\share\prims\jni.cpp, line 579]
Event: 1429.851 Thread 0x000001d71d7ebf70 Exception <a 'java/io/IOException'{0x00000000875f9318}> (0x00000000875f9318) 
thrown [t:\workspace\open\src\hotspot\share\prims\jni.cpp, line 579]
Event: 1429.851 Thread 0x000001d71d7ebf70 Exception <a 'java/io/IOException'{0x00000000875f9c20}> (0x00000000875f9c20) 
thrown [t:\workspace\open\src\hotspot\share\prims\jni.cpp, line 579]
Event: 1429.853 Thread 0x000001d71d7ebf70 Exception <a 'java/io/IOException'{0x00000000875fb710}> (0x00000000875fb710) 
thrown [t:\workspace\open\src\hotspot\share\prims\jni.cpp, line 579]
Event: 1429.853 Thread 0x000001d71d7ebf70 Exception <a 'java/io/IOException'{0x00000000875fc018}> (0x00000000875fc018) 
thrown [t:\workspace\open\src\hotspot\share\prims\jni.cpp, line 579]
Event: 1429.854 Thread 0x000001d71d7ebf70 Exception <a 'java/io/IOException'{0x00000000875fdb08}> (0x00000000875fdb08) 
thrown [t:\workspace\open\src\hotspot\share\prims\jni.cpp, line 579]
Event: 1429.854 Thread 0x000001d71d7ebf70 Exception <a 'java/io/IOException'{0x00000000875fe410}> (0x00000000875fe410) 
thrown [t:\workspace\open\src\hotspot\share\prims\jni.cpp, line 579]
Event: 1429.855 Thread 0x000001d71d7ebf70 Exception <a 'java/io/IOException'{0x0000000087400160}> (0x0000000087400160) 
thrown [t:\workspace\open\src\hotspot\share\prims\jni.cpp, line 579]
Event: 1429.855 Thread 0x000001d71d7ebf70 Exception <a 'java/io/IOException'{0x0000000087400d08}> (0x0000000087400d08) 
thrown [t:\workspace\open\src\hotspot\share\prims\jni.cpp, line 579]
Event: 1429.858 Thread 0x000001d71d7ebf70 Exception <a 'java/io/IOException'{0x00000000874027f8}> (0x00000000874027f8) 
thrown [t:\workspace\open\src\hotspot\share\prims\jni.cpp, line 579]
Event: 1429.858 Thread 0x000001d71d7ebf70 Exception <a 'java/io/IOException'{0x0000000087403100}> (0x0000000087403100) 
thrown [t:\workspace\open\src\hotspot\share\prims\jni.cpp, line 579]
Event: 1429.861 Thread 0x000001d71d7ebf70 Exception <a 'java/io/IOException'{0x0000000087404dc0}> (0x0000000087404dc0) 
thrown [t:\workspace\open\src\hotspot\share\prims\jni.cpp, line 579]
Event: 1429.861 Thread 0x000001d71d7ebf70 Exception <a 'java/io/IOException'{0x00000000874056c8}> (0x00000000874056c8) 
thrown [t:\workspace\open\src\hotspot\share\prims\jni.cpp, line 579]
Event: 1429.862 Thread 0x000001d71d7ebf70 Exception <a 'java/io/IOException'{0x00000000874071b8}> (0x00000000874071b8) 
thrown [t:\workspace\open\src\hotspot\share\prims\jni.cpp, line 579]
Event: 1429.862 Thread 0x000001d71d7ebf70 Exception <a 'java/io/IOException'{0x0000000087407ac0}> (0x0000000087407ac0) 
thrown [t:\workspace\open\src\hotspot\share\prims\jni.cpp, line 579]
Event: 1429.952 Thread 0x000001d71d7e8fa0 Exception <a 'java/io/FileNotFoundException'{0x0000000089bc3f18}> (0x0000000089bc3f18) 
thrown [t:\workspace\open\src\hotspot\share\prims\jni.cpp, line 579]

Events (20 events):
Event: 1429.808 Executing  VM operation: Cleanup
Event: 1429.808 Executing  VM operation: Cleanup done
Event: 1429.830 Thread 0x000001d71d7e9a40 Thread exited: 0x000001d71d7e9a40
Event: 1429.838 Thread 0x000001d71d7e9f90 Thread exited: 0x000001d71d7e9f90
Event: 1429.838 Thread 0x000001d71d7e5fd0 Thread exited: 0x000001d71d7e5fd0
Event: 1429.839 Thread 0x000001d71d7ea4e0 Thread exited: 0x000001d71d7ea4e0
Event: 1429.839 Thread 0x000001d71d7e5530 Thread exited: 0x000001d71d7e5530
Event: 1429.846 Thread 0x000001d71d7ebf70 Thread added: 0x000001d71d7ebf70
Event: 1429.846 Thread 0x000001d71d7e6a70 Thread exited: 0x000001d71d7e6a70
Event: 1429.851 Thread 0x000001d715769820 Thread added: 0x000001d715769820
Event: 1429.865 Thread 0x000001d71d7ebf70 Thread exited: 0x000001d71d7ebf70
Event: 1429.865 Executing  VM operation: G1CollectFull
Event: 1429.926 Executing  VM operation: G1CollectFull done
Event: 1429.927 Thread 0x000001d71d7e7a60 Thread added: 0x000001d71d7e7a60
Event: 1429.928 Thread 0x000001d71d7e8fa0 Thread added: 0x000001d71d7e8fa0
Event: 1429.928 Thread 0x000001d71d7e7a60 Thread exited: 0x000001d71d7e7a60
Event: 1430.058 Executing  VM operation: ICBufferFull
Event: 1430.059 Executing  VM operation: ICBufferFull done
Event: 1430.092 Thread 0x000001d71d7ec4c0 Thread added: 0x000001d71d7ec4c0
Event: 1430.117 Thread 0x000001d71d7ec4c0 Thread exited: 0x000001d71d7ec4c0


Dynamic libraries:
0x00007ff6c2a50000 - 0x00007ff6c2a5e000 	C:\eclipse\plugins\org.eclipse.justj.openjdk.hotspot.jre.full.win32.x86_64_16.0.1.v20210528-1205\jre\bin\javaw.exe
0x00007ffb65470000 - 0x00007ffb65665000 	C:\Windows\SYSTEM32\ntdll.dll
0x00007ffb647c0000 - 0x00007ffb6487e000 	C:\Windows\System32\KERNEL32.DLL
0x00007ffb62f90000 - 0x00007ffb63259000 	C:\Windows\System32\KERNELBASE.dll
0x00007ffb62b90000 - 0x00007ffb62c90000 	C:\Windows\System32\ucrtbase.dll
0x00007ffb47ea0000 - 0x00007ffb47eb8000 	C:\eclipse\plugins\org.eclipse.justj.openjdk.hotspot.jre.full.win32.x86_64_16.0.1.v20210528-1205\jre\bin\jli.dll
0x00007ffb63fd0000 - 0x00007ffb64171000 	C:\Windows\System32\USER32.dll
0x00007ffb62f30000 - 0x00007ffb62f52000 	C:\Windows\System32\win32u.dll
0x00007ffb64180000 - 0x00007ffb641ab000 	C:\Windows\System32\GDI32.dll
0x00007ffb63260000 - 0x00007ffb6336b000 	C:\Windows\System32\gdi32full.dll
0x00007ffb63370000 - 0x00007ffb6340d000 	C:\Windows\System32\msvcp_win.dll
0x00007ffb3ef40000 - 0x00007ffb3ef59000 	C:\eclipse\plugins\org.eclipse.justj.openjdk.hotspot.jre.full.win32.x86_64_16.0.1.v20210528-1205\jre\bin\VCRUNTIME140.dll
0x00007ffb51270000 - 0x00007ffb5150a000 	C:\Windows\WinSxS\amd64_microsoft.windows.common-controls_6595b64144ccf1df_6.0.19041.1110_none_60b5254171f9507e\COMCTL32.dll
0x00007ffb64a00000 - 0x00007ffb64a9e000 	C:\Windows\System32\msvcrt.dll
0x00007ffb649d0000 - 0x00007ffb64a00000 	C:\Windows\System32\IMM32.DLL
0x00007ffb53770000 - 0x00007ffb5377c000 	C:\eclipse\plugins\org.eclipse.justj.openjdk.hotspot.jre.full.win32.x86_64_16.0.1.v20210528-1205\jre\bin\vcruntime140_1.dll
0x00007ffb2cc90000 - 0x00007ffb2cd21000 	C:\eclipse\plugins\org.eclipse.justj.openjdk.hotspot.jre.full.win32.x86_64_16.0.1.v20210528-1205\jre\bin\msvcp140.dll
0x00007ffb27380000 - 0x00007ffb27f2b000 	C:\eclipse\plugins\org.eclipse.justj.openjdk.hotspot.jre.full.win32.x86_64_16.0.1.v20210528-1205\jre\bin\server\jvm.dll
0x00007ffb634c0000 - 0x00007ffb6356c000 	C:\Windows\System32\ADVAPI32.dll
0x00007ffb63a00000 - 0x00007ffb63a9b000 	C:\Windows\System32\sechost.dll
0x00007ffb644d0000 - 0x00007ffb645fa000 	C:\Windows\System32\RPCRT4.dll
0x00007ffb647b0000 - 0x00007ffb647b8000 	C:\Windows\System32\PSAPI.DLL
0x00007ffb4c270000 - 0x00007ffb4c279000 	C:\Windows\SYSTEM32\WSOCK32.dll
0x00007ffb64900000 - 0x00007ffb6496b000 	C:\Windows\System32\WS2_32.dll
0x00007ffb4f3f0000 - 0x00007ffb4f417000 	C:\Windows\SYSTEM32\WINMM.dll
0x00007ffb5cf60000 - 0x00007ffb5cf6a000 	C:\Windows\SYSTEM32\VERSION.dll
0x00007ffb61440000 - 0x00007ffb61452000 	C:\Windows\SYSTEM32\kernel.appcore.dll
0x00007ffb5edb0000 - 0x00007ffb5edba000 	C:\eclipse\plugins\org.eclipse.justj.openjdk.hotspot.jre.full.win32.x86_64_16.0.1.v20210528-1205\jre\bin\jimage.dll
0x00007ffb60980000 - 0x00007ffb60b64000 	C:\Windows\SYSTEM32\DBGHELP.DLL
0x00007ffb4b060000 - 0x00007ffb4b08c000 	C:\Windows\SYSTEM32\dbgcore.DLL
0x00007ffb62c90000 - 0x00007ffb62d13000 	C:\Windows\System32\bcryptPrimitives.dll
0x00007ffb51b20000 - 0x00007ffb51b45000 	C:\eclipse\plugins\org.eclipse.justj.openjdk.hotspot.jre.full.win32.x86_64_16.0.1.v20210528-1205\jre\bin\java.dll
0x00007ffb5d640000 - 0x00007ffb5d658000 	C:\eclipse\plugins\org.eclipse.justj.openjdk.hotspot.jre.full.win32.x86_64_16.0.1.v20210528-1205\jre\bin\zip.dll
0x00007ffb64aa0000 - 0x00007ffb651df000 	C:\Windows\System32\SHELL32.dll
0x00007ffb60b90000 - 0x00007ffb61320000 	C:\Windows\SYSTEM32\windows.storage.dll
0x00007ffb63be0000 - 0x00007ffb63f35000 	C:\Windows\System32\combase.dll
0x00007ffb62510000 - 0x00007ffb6253c000 	C:\Windows\SYSTEM32\Wldp.dll
0x00007ffb651e0000 - 0x00007ffb6528e000 	C:\Windows\System32\SHCORE.dll
0x00007ffb64880000 - 0x00007ffb648d5000 	C:\Windows\System32\shlwapi.dll
0x00007ffb62ad0000 - 0x00007ffb62aef000 	C:\Windows\SYSTEM32\profapi.dll
0x00007ffb5d5a0000 - 0x00007ffb5d5b9000 	C:\eclipse\plugins\org.eclipse.justj.openjdk.hotspot.jre.full.win32.x86_64_16.0.1.v20210528-1205\jre\bin\net.dll
0x00007ffb50b00000 - 0x00007ffb50c08000 	C:\Windows\SYSTEM32\WINHTTP.dll
0x00007ffb62270000 - 0x00007ffb622da000 	C:\Windows\system32\mswsock.dll
0x00007ffb5a250000 - 0x00007ffb5a263000 	C:\eclipse\plugins\org.eclipse.justj.openjdk.hotspot.jre.full.win32.x86_64_16.0.1.v20210528-1205\jre\bin\nio.dll
0x00007ffb5e2c0000 - 0x00007ffb5e2d0000 	C:\eclipse\plugins\org.eclipse.justj.openjdk.hotspot.jre.full.win32.x86_64_16.0.1.v20210528-1205\jre\bin\verify.dll
0x00007ffb5d070000 - 0x00007ffb5d079000 	C:\eclipse\plugins\org.eclipse.justj.openjdk.hotspot.jre.full.win32.x86_64_16.0.1.v20210528-1205\jre\bin\management.dll
0x00007ffb53c10000 - 0x00007ffb53c1b000 	C:\eclipse\plugins\org.eclipse.justj.openjdk.hotspot.jre.full.win32.x86_64_16.0.1.v20210528-1205\jre\bin\management_ext.dll
0x00007ffb3e7a0000 - 0x00007ffb3e7b7000 	C:\Windows\system32\napinsp.dll
0x00007ffb3e780000 - 0x00007ffb3e79b000 	C:\Windows\system32\pnrpnsp.dll
0x00007ffb3e730000 - 0x00007ffb3e745000 	C:\Windows\system32\wshbth.dll
0x00007ffb5e180000 - 0x00007ffb5e19d000 	C:\Windows\system32\NLAapi.dll
0x00007ffb61f60000 - 0x00007ffb61f9b000 	C:\Windows\SYSTEM32\IPHLPAPI.DLL
0x00007ffb61fa0000 - 0x00007ffb6206c000 	C:\Windows\SYSTEM32\DNSAPI.dll
0x00007ffb63570000 - 0x00007ffb63578000 	C:\Windows\System32\NSI.dll
0x00007ffb3e710000 - 0x00007ffb3e722000 	C:\Windows\System32\winrnr.dll
0x00007ffb50650000 - 0x00007ffb5065a000 	C:\Windows\System32\rasadhlp.dll
0x00007ffb50690000 - 0x00007ffb5070f000 	C:\Windows\System32\fwpuclnt.dll
0x00007ffb62f60000 - 0x00007ffb62f87000 	C:\Windows\System32\bcrypt.dll
0x00007ffb62460000 - 0x00007ffb62478000 	C:\Windows\SYSTEM32\CRYPTSP.dll
0x00007ffb61bf0000 - 0x00007ffb61c24000 	C:\Windows\system32\rsaenh.dll
0x00007ffb62a50000 - 0x00007ffb62a7e000 	C:\Windows\SYSTEM32\USERENV.dll
0x00007ffb62480000 - 0x00007ffb6248c000 	C:\Windows\SYSTEM32\CRYPTBASE.dll
0x00007ffb5a5f0000 - 0x00007ffb5a607000 	C:\Windows\SYSTEM32\dhcpcsvc6.DLL
0x00007ffb5a780000 - 0x00007ffb5a79d000 	C:\Windows\SYSTEM32\dhcpcsvc.DLL
0x00007ffb5dd60000 - 0x00007ffb5dd6e000 	C:\eclipse\plugins\org.eclipse.justj.openjdk.hotspot.jre.full.win32.x86_64_16.0.1.v20210528-1205\jre\bin\sunmscapi.dll
0x00007ffb62d20000 - 0x00007ffb62e76000 	C:\Windows\System32\CRYPT32.dll
0x00007ffb62580000 - 0x00007ffb625a7000 	C:\Windows\SYSTEM32\ncrypt.dll
0x00007ffb62540000 - 0x00007ffb6257b000 	C:\Windows\SYSTEM32\NTASN1.dll
0x00007ffb5e260000 - 0x00007ffb5e267000 	C:\Windows\system32\wshunix.dll

dbghelp: loaded successfully - version: 4.0.5 - missing functions: none
symbol engine: initialized successfully - sym options: 0x614 - pdb path: .;C:\eclipse\plugins\org.eclipse.justj.openjdk.hotspot.jre.full.win32.x86_64_16.0.1.v20210528-1205\jre\bin;C:\Windows\SYSTEM32;C:\Windows\WinSxS\amd64_microsoft.windows.common-controls_6595b64144ccf1df_6.0.19041.1110_none_60b5254171f9507e;C:\eclipse\plugins\org.eclipse.justj.openjdk.hotspot.jre.full.win32.x86_64_16.0.1.v20210528-1205\jre\bin\server

VM Arguments:
jvm_args: -Dfile.encoding=UTF-8 -XX:+ShowCodeDetailsInExceptionMessages 
java_command: org.genration.blogPessoal.BlogPessoalApplication
java_class_path (initial): C:\Users\usuario\Desktop\Blog-Pessoal\blogPessoal\target\classes;C:\Users\usuario\.m2\repository\io\springfox\springfox-boot-starter\3.0.0\springfox-boot-starter-3.0.0.jar;C:\Users\usuario\.m2\repository\io\springfox\springfox-oas\3.0.0\springfox-oas-3.0.0.jar;C:\Users\usuario\.m2\repository\io\swagger\core\v3\swagger-annotations\2.1.2\swagger-annotations-2.1.2.jar;C:\Users\usuario\.m2\repository\io\swagger\core\v3\swagger-models\2.1.2\swagger-models-2.1.2.jar;C:\Users\usuario\.m2\repository\com\fasterxml\jackson\core\jackson-annotations\2.12.5\jackson-annotations-2.12.5.jar;C:\Users\usuario\.m2\repository\io\springfox\springfox-spi\3.0.0\springfox-spi-3.0.0.jar;C:\Users\usuario\.m2\repository\io\springfox\springfox-schema\3.0.0\springfox-schema-3.0.0.jar;C:\Users\usuario\.m2\repository\io\springfox\springfox-core\3.0.0\springfox-core-3.0.0.jar;C:\Users\usuario\.m2\repository\io\springfox\springfox-spring-web\3.0.0\springfox-spring-web-3.0.0.jar;C:\Users\usuario\.m2\repository\io\github\classgraph\classgraph\4.8.83\classgraph-4.8.83.jar;C:\Users\usuario\.m2\repository\io\springfox\springfox-spring-webmvc\3.0.0\springfox-spring-webmvc-3.0.0.jar;C:\Users\usuario\.m2\repository\io\springfox\springfox-spring-webflux\3.0.0\springfox-spring-webflux-3.0.0.jar;C:\Users\usuario\.m2\repository\io\springfox\springfox-swagger-common\3.0.0\springfox-swagger-common-3.0.0.jar;C:\Users\usuario\.m2\repository\org\mapstruct\mapstruct\1.3.1.Final\mapstruct-1.3.1.Final.jar;C:\Users\usuario\.m2\repository\io\springfox\springfox-data-rest\3.0.0\springfox-data-rest-3.0.0.jar;C:\Users\usuario\.m2\repository\io\springfox\springfox-bean-validators\3.0.0\springfox-bean-validators-3.0.0.jar;C:\Users\usuario\.m2\repository\io\springfox\springfox-swagger2\3.0.0\springfox-swagger2-3.0.0.jar;C:\Users\usuario\.m2\repository\io\swagger\swagger-annotations\1.5.20\swagger-annotations-1.5.20.jar;C:\Users\usuario\.m2\repository\io\swagger\swagger-models\1.5.20\swagger-models
Launcher Type: SUN_STANDARD

[Global flags]
     intx CICompilerCount                          = 3                                         {product} {ergonomic}
     uint ConcGCThreads                            = 1                                         {product} {ergonomic}
     uint G1ConcRefinementThreads                  = 4                                         {product} {ergonomic}
   size_t G1HeapRegionSize                         = 1048576                                   {product} {ergonomic}
    uintx GCDrainStackTargetSize                   = 64                                        {product} {ergonomic}
   size_t InitialHeapSize                          = 134217728                                 {product} {ergonomic}
   size_t MarkStackSize                            = 4194304                                   {product} {ergonomic}
   size_t MaxHeapSize                              = 2118123520                                {product} {ergonomic}
   size_t MaxNewSize                               = 1270874112                                {product} {ergonomic}
   size_t MinHeapDeltaBytes                        = 1048576                                   {product} {ergonomic}
   size_t MinHeapSize                              = 8388608                                   {product} {ergonomic}
    uintx NonNMethodCodeHeapSize                   = 5832780                                {pd product} {ergonomic}
    uintx NonProfiledCodeHeapSize                  = 122912730                              {pd product} {ergonomic}
    uintx ProfiledCodeHeapSize                     = 122912730                              {pd product} {ergonomic}
    uintx ReservedCodeCacheSize                    = 251658240                              {pd product} {ergonomic}
     bool SegmentedCodeCache                       = true                                      {product} {ergonomic}
     bool ShowCodeDetailsInExceptionMessages       = true                                   {manageable} {command line}
   size_t SoftMaxHeapSize                          = 2118123520                             {manageable} {ergonomic}
     bool UseCompressedClassPointers               = true                           {product lp64_product} {ergonomic}
     bool UseCompressedOops                        = true                           {product lp64_product} {ergonomic}
     bool UseG1GC                                  = true                                      {product} {ergonomic}
     bool UseLargePagesIndividualAllocation        = false                                  {pd product} {ergonomic}

Logging:
Log output configuration:
 #0: stdout all=warning uptime,level,tags
 #1: stderr all=off uptime,level,tags

Environment Variables:
JAVA_HOME=C:\Program Files\Java\zulu11.50.19-ca-jdk11.0.12-win_x64
PATH=C:/eclipse//plugins/org.eclipse.justj.openjdk.hotspot.jre.full.win32.x86_64_16.0.1.v20210528-1205/jre/bin/server;C:/eclipse//plugins/org.eclipse.justj.openjdk.hotspot.jre.full.win32.x86_64_16.0.1.v20210528-1205/jre/bin;C:\Program Files\Java\zulu11.50.19-ca-jdk11.0.12-win_x64\bin;C:\Program Files\Common Files\Oracle\Java\javapath;C:\Windows\system32;C:\Windows;C:\Windows\System32\Wbem;C:\Windows\System32\WindowsPowerShell\v1.0\;C:\Windows\System32\OpenSSH\;C:\Program Files (x86)\Intel\Intel(R) Management Engine Components\DAL;C:\Program Files\Intel\Intel(R) Management Engine Components\DAL;C:\Program Files\Git\cmd;C:\ProgramData\UNIVALI\Portugol Studio;C:\Users\usuario\AppData\Local\Microsoft\WindowsApps;;C:\Users\usuario\AppData\Local\Programs\Microsoft VS Code\bin;C:\eclipse;
USERNAME=usuario
OS=Windows_NT
PROCESSOR_IDENTIFIER=Intel64 Family 6 Model 142 Stepping 9, GenuineIntel



---------------  S Y S T E M  ---------------

OS:
 Windows 10 , 64 bit Build 19041 (10.0.19041.1202)
OS uptime: 15 days 4:35 hours

CPU: total 4 (initial active 4) (2 cores per cpu, 2 threads per core) family 6 model 142 stepping 9 microcode 0xea, cx8, cmov, fxsr, ht, mmx, 3dnowpref, sse, sse2, sse3, ssse3, sse4.1, sse4.2, popcnt, lzcnt, tsc, tscinvbit, avx, avx2, aes, erms, clmul, bmi1, bmi2, adx, fma, vzeroupper, clflush, clflushopt

Memory: 4k page, system-wide physical 8073M (1038M free)
TotalPageFile size 12169M (AvailPageFile size 36M)
current process WorkingSet (physical memory assigned to process): 314M, peak: 338M
current process commit charge ("private bytes"): 339M, peak: 360M

vm_info: OpenJDK 64-Bit Server VM (16.0.1+9-24) for windows-amd64 JRE (16.0.1+9-24), built on Mar 26 2021 19:30:07 by "mach5one" with MS VC++ 16.7 (VS2019)

END.
