#
# There is insufficient memory for the Java Runtime Environment to continue.
# Native memory allocation (malloc) failed to allocate 32744 bytes for ChunkPool::allocate
# Possible reasons:
#   The system is out of physical RAM or swap space
#   The process is running with CompressedOops enabled, and the Java Heap may be blocking the growth of the native heap
# Possible solutions:
#   Reduce memory load on the system
#   Increase physical memory or swap space
#   Check if swap backing store is full
#   Decrease Java heap size (-Xmx/-Xms)
#   Decrease number of Java threads
#   Decrease Java thread stack sizes (-Xss)
#   Set larger code cache with -XX:ReservedCodeCacheSize=
#   JVM is running with Unscaled Compressed Oops mode in which the Java heap is
#     placed in the first 4GB address space. The Java Heap base address is the
#     maximum limit for the native heap growth. Please use -XX:HeapBaseMinAddress
#     to set the Java Heap base and to place the Java Heap above 4GB virtual address.
# This output file may be truncated or incomplete.
#
#  Out of Memory Error (arena.cpp:79), pid=10200, tid=8444
#
# JRE version: OpenJDK Runtime Environment (16.0.1+9) (build 16.0.1+9-24)
# Java VM: OpenJDK 64-Bit Server VM (16.0.1+9-24, mixed mode, tiered, compressed oops, compressed class ptrs, g1 gc, windows-amd64)
# No core dump will be written. Minidumps are not enabled by default on client versions of Windows
#

---------------  S U M M A R Y ------------

Command Line: -Dfile.encoding=UTF-8 -XX:+ShowCodeDetailsInExceptionMessages org.genration.blogPessoal.BlogPessoalApplication

Host: Intel(R) Core(TM) i5-7200U CPU @ 2.50GHz, 4 cores, 7G,  Windows 10 , 64 bit Build 19041 (10.0.19041.1202)
Time: Thu Oct 14 12:21:06 2021 Hora oficial do Brasil elapsed time: 0.838584 seconds (0d 0h 0m 0s)

---------------  T H R E A D  ---------------

Current thread (0x0000025e199390d0):  JavaThread "C2 CompilerThread0" daemon [_thread_in_native, id=8444, stack(0x000000b7e4800000,0x000000b7e4900000)]


Current CompileTask:
C2:    838  574       4       java.util.jar.JarFile::getEntry (35 bytes)

Stack: [0x000000b7e4800000,0x000000b7e4900000]
Native frames: (J=compiled Java code, j=interpreted, Vv=VM code, C=native code)
V  [jvm.dll+0x6687ca]
V  [jvm.dll+0x7ca3c9]
V  [jvm.dll+0x7cbb53]
V  [jvm.dll+0x7cc1b3]
V  [jvm.dll+0x242ea5]
V  [jvm.dll+0xae25f]
V  [jvm.dll+0xae5ac]
V  [jvm.dll+0x5f49bf]
V  [jvm.dll+0x5f4b5f]
V  [jvm.dll+0x5faa77]
V  [jvm.dll+0x5fb90a]
V  [jvm.dll+0x5f9ecc]
V  [jvm.dll+0x215da8]
V  [jvm.dll+0x215350]
V  [jvm.dll+0x1a1d9b]
V  [jvm.dll+0x2253a8]
V  [jvm.dll+0x2233ec]
V  [jvm.dll+0x780002]
V  [jvm.dll+0x779b4a]
V  [jvm.dll+0x667666]
C  [ucrtbase.dll+0x21bb2]
C  [KERNEL32.DLL+0x17034]
C  [ntdll.dll+0x52651]


---------------  P R O C E S S  ---------------

Threads class SMR info:
_java_thread_list=0x0000025e1a480210, length=13, elements={
0x0000025e7f9298c0, 0x0000025e18f88fe0, 0x0000025e18f89500, 0x0000025e18fbc1d0,
0x0000025e18fbe710, 0x0000025e18fbec30, 0x0000025e19938880, 0x0000025e199390d0,
0x0000025e19939630, 0x0000025e19949b70, 0x0000025e19a97150, 0x0000025e19ab5950,
0x0000025e1a4efc00
}

Java Threads: ( => current thread )
  0x0000025e7f9298c0 JavaThread "main" [_thread_in_vm, id=13332, stack(0x000000b7e3b00000,0x000000b7e3c00000)]
  0x0000025e18f88fe0 JavaThread "Reference Handler" daemon [_thread_blocked, id=9576, stack(0x000000b7e4200000,0x000000b7e4300000)]
  0x0000025e18f89500 JavaThread "Finalizer" daemon [_thread_blocked, id=936, stack(0x000000b7e4300000,0x000000b7e4400000)]
  0x0000025e18fbc1d0 JavaThread "Signal Dispatcher" daemon [_thread_blocked, id=1916, stack(0x000000b7e4400000,0x000000b7e4500000)]
  0x0000025e18fbe710 JavaThread "Attach Listener" daemon [_thread_blocked, id=11644, stack(0x000000b7e4500000,0x000000b7e4600000)]
  0x0000025e18fbec30 JavaThread "Service Thread" daemon [_thread_blocked, id=13440, stack(0x000000b7e4600000,0x000000b7e4700000)]
  0x0000025e19938880 JavaThread "Monitor Deflation Thread" daemon [_thread_blocked, id=9412, stack(0x000000b7e4700000,0x000000b7e4800000)]
=>0x0000025e199390d0 JavaThread "C2 CompilerThread0" daemon [_thread_in_native, id=8444, stack(0x000000b7e4800000,0x000000b7e4900000)]
  0x0000025e19939630 JavaThread "C1 CompilerThread0" daemon [_thread_blocked, id=4888, stack(0x000000b7e4900000,0x000000b7e4a00000)]
  0x0000025e19949b70 JavaThread "Sweeper thread" daemon [_thread_blocked, id=14076, stack(0x000000b7e4a00000,0x000000b7e4b00000)]
  0x0000025e19a97150 JavaThread "Notification Thread" daemon [_thread_blocked, id=6372, stack(0x000000b7e4b00000,0x000000b7e4c00000)]
  0x0000025e19ab5950 JavaThread "Common-Cleaner" daemon [_thread_blocked, id=11032, stack(0x000000b7e4d00000,0x000000b7e4e00000)]
  0x0000025e1a4efc00 JavaThread "C2 CompilerThread1" daemon [_thread_in_native, id=13620, stack(0x000000b7e4e00000,0x000000b7e4f00000)]

Other Threads:
  0x0000025e18f66710 VMThread "VM Thread" [stack: 0x000000b7e4100000,0x000000b7e4200000] [id=3028]
  0x0000025e19a98680 WatcherThread [stack: 0x000000b7e4c00000,0x000000b7e4d00000] [id=3868]
  0x0000025e7f968e80 GCTaskThread "GC Thread#0" [stack: 0x000000b7e3c00000,0x000000b7e3d00000] [id=6060]
  0x0000025e1b0d5410 GCTaskThread "GC Thread#1" [stack: 0x000000b7e4f00000,0x000000b7e5000000] [id=9664]
  0x0000025e1a50f480 GCTaskThread "GC Thread#2" [stack: 0x000000b7e5000000,0x000000b7e5100000] [id=11952]
  0x0000025e1b043c50 GCTaskThread "GC Thread#3" [stack: 0x000000b7e5100000,0x000000b7e5200000] [id=13260]
  0x0000025e7f97b270 ConcurrentGCThread "G1 Main Marker" [stack: 0x000000b7e3d00000,0x000000b7e3e00000] [id=12104]
  0x0000025e7f97bbe0 ConcurrentGCThread "G1 Conc#0" [stack: 0x000000b7e3e00000,0x000000b7e3f00000] [id=3152]
  0x0000025e7f9f92d0 ConcurrentGCThread "G1 Refine#0" [stack: 0x000000b7e3f00000,0x000000b7e4000000] [id=14032]
  0x0000025e1a50f790 ConcurrentGCThread "G1 Refine#1" [stack: 0x000000b7e5200000,0x000000b7e5300000] [id=3704]
  0x0000025e7f9fc720 ConcurrentGCThread "G1 Service" [stack: 0x000000b7e4000000,0x000000b7e4100000] [id=7988]

Threads with active compile tasks:
C2 CompilerThread0      867  574       4       java.util.jar.JarFile::getEntry (35 bytes)
C2 CompilerThread1      867  620   !   4       jdk.internal.loader.URLClassPath$JarLoader::getResource (65 bytes)

VM state: not at safepoint (normal execution)

VM Mutex/Monitor currently owned by a thread:  ([mutex/lock_event])
[0x0000025e7f924380] MetaspaceExpand_lock - owner thread: 0x0000025e7f9298c0

Heap address: 0x0000000081c00000, size: 2020 MB, Compressed Oops mode: 32-bit

CDS disabled.
Compressed class space mapped at: 0x0000000100000000-0x0000000140000000, reserved size: 1073741824
Narrow klass base: 0x0000000000000000, Narrow klass shift: 3, Narrow klass range: 0x140000000

GC Precious Log:
 CPUs: 4 total, 4 available
 Memory: 8073M
 Large Page Support: Disabled
 NUMA Support: Disabled
 Compressed Oops: Enabled (32-bit)
 Heap Region Size: 1M
 Heap Min Capacity: 8M
 Heap Initial Capacity: 128M
 Heap Max Capacity: 2020M
 Pre-touch: Disabled
 Parallel Workers: 4
 Concurrent Workers: 1
 Concurrent Refinement Workers: 4
 Periodic GC: Disabled

Heap:
 garbage-first heap   total 131072K, used 6460K [0x0000000081c00000, 0x0000000100000000)
  region size 1024K, 3 young (3072K), 2 survivors (2048K)
 Metaspace       used 9962K, committed 10048K, reserved 1064960K
  class space    used 882K, committed 960K, reserved 1048576K

Heap Regions: E=young(eden), S=young(survivor), O=old, HS=humongous(starts), HC=humongous(continues), CS=collection set, F=free, OA=open archive, CA=closed archive, TAMS=top-at-mark-start (previous, next)
|   0|0x0000000081c00000, 0x0000000081d00000, 0x0000000081d00000|100%|HS|  |TAMS 0x0000000081c00000, 0x0000000081c00000| Complete 
|   1|0x0000000081d00000, 0x0000000081e00000, 0x0000000081e00000|100%| O|  |TAMS 0x0000000081d00000, 0x0000000081d00000| Untracked 
|   2|0x0000000081e00000, 0x0000000081f00000, 0x0000000081f00000|100%| O|  |TAMS 0x0000000081e00000, 0x0000000081e00000| Untracked 
|   3|0x0000000081f00000, 0x0000000082000000, 0x0000000082000000|100%| O|  |TAMS 0x0000000081f00000, 0x0000000081f00000| Untracked 
|   4|0x0000000082000000, 0x000000008204f000, 0x0000000082100000| 30%| O|  |TAMS 0x0000000082000000, 0x0000000082000000| Untracked 
|   5|0x0000000082100000, 0x0000000082100000, 0x0000000082200000|  0%| F|  |TAMS 0x0000000082100000, 0x0000000082100000| Untracked 
|   6|0x0000000082200000, 0x0000000082200000, 0x0000000082300000|  0%| F|  |TAMS 0x0000000082200000, 0x0000000082200000| Untracked 
|   7|0x0000000082300000, 0x0000000082300000, 0x0000000082400000|  0%| F|  |TAMS 0x0000000082300000, 0x0000000082300000| Untracked 
|   8|0x0000000082400000, 0x0000000082400000, 0x0000000082500000|  0%| F|  |TAMS 0x0000000082400000, 0x0000000082400000| Untracked 
|   9|0x0000000082500000, 0x0000000082500000, 0x0000000082600000|  0%| F|  |TAMS 0x0000000082500000, 0x0000000082500000| Untracked 
|  10|0x0000000082600000, 0x0000000082600000, 0x0000000082700000|  0%| F|  |TAMS 0x0000000082600000, 0x0000000082600000| Untracked 
|  11|0x0000000082700000, 0x0000000082700000, 0x0000000082800000|  0%| F|  |TAMS 0x0000000082700000, 0x0000000082700000| Untracked 
|  12|0x0000000082800000, 0x0000000082800000, 0x0000000082900000|  0%| F|  |TAMS 0x0000000082800000, 0x0000000082800000| Untracked 
|  13|0x0000000082900000, 0x0000000082900000, 0x0000000082a00000|  0%| F|  |TAMS 0x0000000082900000, 0x0000000082900000| Untracked 
|  14|0x0000000082a00000, 0x0000000082a00000, 0x0000000082b00000|  0%| F|  |TAMS 0x0000000082a00000, 0x0000000082a00000| Untracked 
|  15|0x0000000082b00000, 0x0000000082b00000, 0x0000000082c00000|  0%| F|  |TAMS 0x0000000082b00000, 0x0000000082b00000| Untracked 
|  16|0x0000000082c00000, 0x0000000082c00000, 0x0000000082d00000|  0%| F|  |TAMS 0x0000000082c00000, 0x0000000082c00000| Untracked 
|  17|0x0000000082d00000, 0x0000000082d00000, 0x0000000082e00000|  0%| F|  |TAMS 0x0000000082d00000, 0x0000000082d00000| Untracked 
|  18|0x0000000082e00000, 0x0000000082e00000, 0x0000000082f00000|  0%| F|  |TAMS 0x0000000082e00000, 0x0000000082e00000| Untracked 
|  19|0x0000000082f00000, 0x0000000082f00000, 0x0000000083000000|  0%| F|  |TAMS 0x0000000082f00000, 0x0000000082f00000| Untracked 
|  20|0x0000000083000000, 0x0000000083000000, 0x0000000083100000|  0%| F|  |TAMS 0x0000000083000000, 0x0000000083000000| Untracked 
|  21|0x0000000083100000, 0x0000000083100000, 0x0000000083200000|  0%| F|  |TAMS 0x0000000083100000, 0x0000000083100000| Untracked 
|  22|0x0000000083200000, 0x0000000083200000, 0x0000000083300000|  0%| F|  |TAMS 0x0000000083200000, 0x0000000083200000| Untracked 
|  23|0x0000000083300000, 0x0000000083300000, 0x0000000083400000|  0%| F|  |TAMS 0x0000000083300000, 0x0000000083300000| Untracked 
|  24|0x0000000083400000, 0x0000000083400000, 0x0000000083500000|  0%| F|  |TAMS 0x0000000083400000, 0x0000000083400000| Untracked 
|  25|0x0000000083500000, 0x0000000083500000, 0x0000000083600000|  0%| F|  |TAMS 0x0000000083500000, 0x0000000083500000| Untracked 
|  26|0x0000000083600000, 0x0000000083600000, 0x0000000083700000|  0%| F|  |TAMS 0x0000000083600000, 0x0000000083600000| Untracked 
|  27|0x0000000083700000, 0x0000000083700000, 0x0000000083800000|  0%| F|  |TAMS 0x0000000083700000, 0x0000000083700000| Untracked 
|  28|0x0000000083800000, 0x0000000083800000, 0x0000000083900000|  0%| F|  |TAMS 0x0000000083800000, 0x0000000083800000| Untracked 
|  29|0x0000000083900000, 0x0000000083900000, 0x0000000083a00000|  0%| F|  |TAMS 0x0000000083900000, 0x0000000083900000| Untracked 
|  30|0x0000000083a00000, 0x0000000083a00000, 0x0000000083b00000|  0%| F|  |TAMS 0x0000000083a00000, 0x0000000083a00000| Untracked 
|  31|0x0000000083b00000, 0x0000000083b00000, 0x0000000083c00000|  0%| F|  |TAMS 0x0000000083b00000, 0x0000000083b00000| Untracked 
|  32|0x0000000083c00000, 0x0000000083c00000, 0x0000000083d00000|  0%| F|  |TAMS 0x0000000083c00000, 0x0000000083c00000| Untracked 
|  33|0x0000000083d00000, 0x0000000083d00000, 0x0000000083e00000|  0%| F|  |TAMS 0x0000000083d00000, 0x0000000083d00000| Untracked 
|  34|0x0000000083e00000, 0x0000000083e00000, 0x0000000083f00000|  0%| F|  |TAMS 0x0000000083e00000, 0x0000000083e00000| Untracked 
|  35|0x0000000083f00000, 0x0000000083f00000, 0x0000000084000000|  0%| F|  |TAMS 0x0000000083f00000, 0x0000000083f00000| Untracked 
|  36|0x0000000084000000, 0x0000000084000000, 0x0000000084100000|  0%| F|  |TAMS 0x0000000084000000, 0x0000000084000000| Untracked 
|  37|0x0000000084100000, 0x0000000084100000, 0x0000000084200000|  0%| F|  |TAMS 0x0000000084100000, 0x0000000084100000| Untracked 
|  38|0x0000000084200000, 0x0000000084200000, 0x0000000084300000|  0%| F|  |TAMS 0x0000000084200000, 0x0000000084200000| Untracked 
|  39|0x0000000084300000, 0x0000000084300000, 0x0000000084400000|  0%| F|  |TAMS 0x0000000084300000, 0x0000000084300000| Untracked 
|  40|0x0000000084400000, 0x0000000084400000, 0x0000000084500000|  0%| F|  |TAMS 0x0000000084400000, 0x0000000084400000| Untracked 
|  41|0x0000000084500000, 0x0000000084500000, 0x0000000084600000|  0%| F|  |TAMS 0x0000000084500000, 0x0000000084500000| Untracked 
|  42|0x0000000084600000, 0x0000000084600000, 0x0000000084700000|  0%| F|  |TAMS 0x0000000084600000, 0x0000000084600000| Untracked 
|  43|0x0000000084700000, 0x0000000084700000, 0x0000000084800000|  0%| F|  |TAMS 0x0000000084700000, 0x0000000084700000| Untracked 
|  44|0x0000000084800000, 0x0000000084800000, 0x0000000084900000|  0%| F|  |TAMS 0x0000000084800000, 0x0000000084800000| Untracked 
|  45|0x0000000084900000, 0x0000000084900000, 0x0000000084a00000|  0%| F|  |TAMS 0x0000000084900000, 0x0000000084900000| Untracked 
|  46|0x0000000084a00000, 0x0000000084a00000, 0x0000000084b00000|  0%| F|  |TAMS 0x0000000084a00000, 0x0000000084a00000| Untracked 
|  47|0x0000000084b00000, 0x0000000084b00000, 0x0000000084c00000|  0%| F|  |TAMS 0x0000000084b00000, 0x0000000084b00000| Untracked 
|  48|0x0000000084c00000, 0x0000000084c00000, 0x0000000084d00000|  0%| F|  |TAMS 0x0000000084c00000, 0x0000000084c00000| Untracked 
|  49|0x0000000084d00000, 0x0000000084d00000, 0x0000000084e00000|  0%| F|  |TAMS 0x0000000084d00000, 0x0000000084d00000| Untracked 
|  50|0x0000000084e00000, 0x0000000084e00000, 0x0000000084f00000|  0%| F|  |TAMS 0x0000000084e00000, 0x0000000084e00000| Untracked 
|  51|0x0000000084f00000, 0x0000000084f00000, 0x0000000085000000|  0%| F|  |TAMS 0x0000000084f00000, 0x0000000084f00000| Untracked 
|  52|0x0000000085000000, 0x0000000085000000, 0x0000000085100000|  0%| F|  |TAMS 0x0000000085000000, 0x0000000085000000| Untracked 
|  53|0x0000000085100000, 0x0000000085100000, 0x0000000085200000|  0%| F|  |TAMS 0x0000000085100000, 0x0000000085100000| Untracked 
|  54|0x0000000085200000, 0x0000000085200000, 0x0000000085300000|  0%| F|  |TAMS 0x0000000085200000, 0x0000000085200000| Untracked 
|  55|0x0000000085300000, 0x0000000085300000, 0x0000000085400000|  0%| F|  |TAMS 0x0000000085300000, 0x0000000085300000| Untracked 
|  56|0x0000000085400000, 0x0000000085400000, 0x0000000085500000|  0%| F|  |TAMS 0x0000000085400000, 0x0000000085400000| Untracked 
|  57|0x0000000085500000, 0x0000000085500000, 0x0000000085600000|  0%| F|  |TAMS 0x0000000085500000, 0x0000000085500000| Untracked 
|  58|0x0000000085600000, 0x0000000085600000, 0x0000000085700000|  0%| F|  |TAMS 0x0000000085600000, 0x0000000085600000| Untracked 
|  59|0x0000000085700000, 0x0000000085700000, 0x0000000085800000|  0%| F|  |TAMS 0x0000000085700000, 0x0000000085700000| Untracked 
|  60|0x0000000085800000, 0x0000000085800000, 0x0000000085900000|  0%| F|  |TAMS 0x0000000085800000, 0x0000000085800000| Untracked 
|  61|0x0000000085900000, 0x0000000085900000, 0x0000000085a00000|  0%| F|  |TAMS 0x0000000085900000, 0x0000000085900000| Untracked 
|  62|0x0000000085a00000, 0x0000000085a00000, 0x0000000085b00000|  0%| F|  |TAMS 0x0000000085a00000, 0x0000000085a00000| Untracked 
|  63|0x0000000085b00000, 0x0000000085b00000, 0x0000000085c00000|  0%| F|  |TAMS 0x0000000085b00000, 0x0000000085b00000| Untracked 
|  64|0x0000000085c00000, 0x0000000085c00000, 0x0000000085d00000|  0%| F|  |TAMS 0x0000000085c00000, 0x0000000085c00000| Untracked 
|  65|0x0000000085d00000, 0x0000000085d00000, 0x0000000085e00000|  0%| F|  |TAMS 0x0000000085d00000, 0x0000000085d00000| Untracked 
|  66|0x0000000085e00000, 0x0000000085e00000, 0x0000000085f00000|  0%| F|  |TAMS 0x0000000085e00000, 0x0000000085e00000| Untracked 
|  67|0x0000000085f00000, 0x0000000085f00000, 0x0000000086000000|  0%| F|  |TAMS 0x0000000085f00000, 0x0000000085f00000| Untracked 
|  68|0x0000000086000000, 0x0000000086000000, 0x0000000086100000|  0%| F|  |TAMS 0x0000000086000000, 0x0000000086000000| Untracked 
|  69|0x0000000086100000, 0x0000000086100000, 0x0000000086200000|  0%| F|  |TAMS 0x0000000086100000, 0x0000000086100000| Untracked 
|  70|0x0000000086200000, 0x0000000086200000, 0x0000000086300000|  0%| F|  |TAMS 0x0000000086200000, 0x0000000086200000| Untracked 
|  71|0x0000000086300000, 0x0000000086300000, 0x0000000086400000|  0%| F|  |TAMS 0x0000000086300000, 0x0000000086300000| Untracked 
|  72|0x0000000086400000, 0x0000000086400000, 0x0000000086500000|  0%| F|  |TAMS 0x0000000086400000, 0x0000000086400000| Untracked 
|  73|0x0000000086500000, 0x0000000086500000, 0x0000000086600000|  0%| F|  |TAMS 0x0000000086500000, 0x0000000086500000| Untracked 
|  74|0x0000000086600000, 0x0000000086600000, 0x0000000086700000|  0%| F|  |TAMS 0x0000000086600000, 0x0000000086600000| Untracked 
|  75|0x0000000086700000, 0x0000000086700000, 0x0000000086800000|  0%| F|  |TAMS 0x0000000086700000, 0x0000000086700000| Untracked 
|  76|0x0000000086800000, 0x0000000086800000, 0x0000000086900000|  0%| F|  |TAMS 0x0000000086800000, 0x0000000086800000| Untracked 
|  77|0x0000000086900000, 0x0000000086900000, 0x0000000086a00000|  0%| F|  |TAMS 0x0000000086900000, 0x0000000086900000| Untracked 
|  78|0x0000000086a00000, 0x0000000086a00000, 0x0000000086b00000|  0%| F|  |TAMS 0x0000000086a00000, 0x0000000086a00000| Untracked 
|  79|0x0000000086b00000, 0x0000000086b00000, 0x0000000086c00000|  0%| F|  |TAMS 0x0000000086b00000, 0x0000000086b00000| Untracked 
|  80|0x0000000086c00000, 0x0000000086c00000, 0x0000000086d00000|  0%| F|  |TAMS 0x0000000086c00000, 0x0000000086c00000| Untracked 
|  81|0x0000000086d00000, 0x0000000086d00000, 0x0000000086e00000|  0%| F|  |TAMS 0x0000000086d00000, 0x0000000086d00000| Untracked 
|  82|0x0000000086e00000, 0x0000000086e00000, 0x0000000086f00000|  0%| F|  |TAMS 0x0000000086e00000, 0x0000000086e00000| Untracked 
|  83|0x0000000086f00000, 0x0000000086f00000, 0x0000000087000000|  0%| F|  |TAMS 0x0000000086f00000, 0x0000000086f00000| Untracked 
|  84|0x0000000087000000, 0x0000000087000000, 0x0000000087100000|  0%| F|  |TAMS 0x0000000087000000, 0x0000000087000000| Untracked 
|  85|0x0000000087100000, 0x0000000087100000, 0x0000000087200000|  0%| F|  |TAMS 0x0000000087100000, 0x0000000087100000| Untracked 
|  86|0x0000000087200000, 0x0000000087200000, 0x0000000087300000|  0%| F|  |TAMS 0x0000000087200000, 0x0000000087200000| Untracked 
|  87|0x0000000087300000, 0x0000000087300000, 0x0000000087400000|  0%| F|  |TAMS 0x0000000087300000, 0x0000000087300000| Untracked 
|  88|0x0000000087400000, 0x0000000087400000, 0x0000000087500000|  0%| F|  |TAMS 0x0000000087400000, 0x0000000087400000| Untracked 
|  89|0x0000000087500000, 0x0000000087500000, 0x0000000087600000|  0%| F|  |TAMS 0x0000000087500000, 0x0000000087500000| Untracked 
|  90|0x0000000087600000, 0x0000000087600000, 0x0000000087700000|  0%| F|  |TAMS 0x0000000087600000, 0x0000000087600000| Untracked 
|  91|0x0000000087700000, 0x0000000087700000, 0x0000000087800000|  0%| F|  |TAMS 0x0000000087700000, 0x0000000087700000| Untracked 
|  92|0x0000000087800000, 0x0000000087800000, 0x0000000087900000|  0%| F|  |TAMS 0x0000000087800000, 0x0000000087800000| Untracked 
|  93|0x0000000087900000, 0x0000000087900000, 0x0000000087a00000|  0%| F|  |TAMS 0x0000000087900000, 0x0000000087900000| Untracked 
|  94|0x0000000087a00000, 0x0000000087a00000, 0x0000000087b00000|  0%| F|  |TAMS 0x0000000087a00000, 0x0000000087a00000| Untracked 
|  95|0x0000000087b00000, 0x0000000087b00000, 0x0000000087c00000|  0%| F|  |TAMS 0x0000000087b00000, 0x0000000087b00000| Untracked 
|  96|0x0000000087c00000, 0x0000000087c00000, 0x0000000087d00000|  0%| F|  |TAMS 0x0000000087c00000, 0x0000000087c00000| Untracked 
|  97|0x0000000087d00000, 0x0000000087d00000, 0x0000000087e00000|  0%| F|  |TAMS 0x0000000087d00000, 0x0000000087d00000| Untracked 
|  98|0x0000000087e00000, 0x0000000087e00000, 0x0000000087f00000|  0%| F|  |TAMS 0x0000000087e00000, 0x0000000087e00000| Untracked 
|  99|0x0000000087f00000, 0x0000000087f00000, 0x0000000088000000|  0%| F|  |TAMS 0x0000000087f00000, 0x0000000087f00000| Untracked 
| 100|0x0000000088000000, 0x0000000088000000, 0x0000000088100000|  0%| F|  |TAMS 0x0000000088000000, 0x0000000088000000| Untracked 
| 101|0x0000000088100000, 0x0000000088100000, 0x0000000088200000|  0%| F|  |TAMS 0x0000000088100000, 0x0000000088100000| Untracked 
| 102|0x0000000088200000, 0x0000000088200000, 0x0000000088300000|  0%| F|  |TAMS 0x0000000088200000, 0x0000000088200000| Untracked 
| 103|0x0000000088300000, 0x0000000088300000, 0x0000000088400000|  0%| F|  |TAMS 0x0000000088300000, 0x0000000088300000| Untracked 
| 104|0x0000000088400000, 0x0000000088400000, 0x0000000088500000|  0%| F|  |TAMS 0x0000000088400000, 0x0000000088400000| Untracked 
| 105|0x0000000088500000, 0x0000000088500000, 0x0000000088600000|  0%| F|  |TAMS 0x0000000088500000, 0x0000000088500000| Untracked 
| 106|0x0000000088600000, 0x0000000088600000, 0x0000000088700000|  0%| F|  |TAMS 0x0000000088600000, 0x0000000088600000| Untracked 
| 107|0x0000000088700000, 0x0000000088700000, 0x0000000088800000|  0%| F|  |TAMS 0x0000000088700000, 0x0000000088700000| Untracked 
| 108|0x0000000088800000, 0x0000000088800000, 0x0000000088900000|  0%| F|  |TAMS 0x0000000088800000, 0x0000000088800000| Untracked 
| 109|0x0000000088900000, 0x0000000088900000, 0x0000000088a00000|  0%| F|  |TAMS 0x0000000088900000, 0x0000000088900000| Untracked 
| 110|0x0000000088a00000, 0x0000000088a00000, 0x0000000088b00000|  0%| F|  |TAMS 0x0000000088a00000, 0x0000000088a00000| Untracked 
| 111|0x0000000088b00000, 0x0000000088b00000, 0x0000000088c00000|  0%| F|  |TAMS 0x0000000088b00000, 0x0000000088b00000| Untracked 
| 112|0x0000000088c00000, 0x0000000088c00000, 0x0000000088d00000|  0%| F|  |TAMS 0x0000000088c00000, 0x0000000088c00000| Untracked 
| 113|0x0000000088d00000, 0x0000000088e00000, 0x0000000088e00000|100%| S|CS|TAMS 0x0000000088d00000, 0x0000000088d00000| Complete 
| 114|0x0000000088e00000, 0x0000000088f00000, 0x0000000088f00000|100%| S|CS|TAMS 0x0000000088e00000, 0x0000000088e00000| Complete 
| 115|0x0000000088f00000, 0x0000000088f00000, 0x0000000089000000|  0%| F|  |TAMS 0x0000000088f00000, 0x0000000088f00000| Untracked 
| 116|0x0000000089000000, 0x0000000089000000, 0x0000000089100000|  0%| F|  |TAMS 0x0000000089000000, 0x0000000089000000| Untracked 
| 117|0x0000000089100000, 0x0000000089100000, 0x0000000089200000|  0%| F|  |TAMS 0x0000000089100000, 0x0000000089100000| Untracked 
| 118|0x0000000089200000, 0x0000000089200000, 0x0000000089300000|  0%| F|  |TAMS 0x0000000089200000, 0x0000000089200000| Untracked 
| 119|0x0000000089300000, 0x0000000089300000, 0x0000000089400000|  0%| F|  |TAMS 0x0000000089300000, 0x0000000089300000| Untracked 
| 120|0x0000000089400000, 0x0000000089400000, 0x0000000089500000|  0%| F|  |TAMS 0x0000000089400000, 0x0000000089400000| Untracked 
| 121|0x0000000089500000, 0x0000000089500000, 0x0000000089600000|  0%| F|  |TAMS 0x0000000089500000, 0x0000000089500000| Untracked 
| 122|0x0000000089600000, 0x0000000089600000, 0x0000000089700000|  0%| F|  |TAMS 0x0000000089600000, 0x0000000089600000| Untracked 
| 123|0x0000000089700000, 0x0000000089700000, 0x0000000089800000|  0%| F|  |TAMS 0x0000000089700000, 0x0000000089700000| Untracked 
| 124|0x0000000089800000, 0x0000000089800000, 0x0000000089900000|  0%| F|  |TAMS 0x0000000089800000, 0x0000000089800000| Untracked 
| 125|0x0000000089900000, 0x0000000089900000, 0x0000000089a00000|  0%| F|  |TAMS 0x0000000089900000, 0x0000000089900000| Untracked 
| 126|0x0000000089a00000, 0x0000000089a00000, 0x0000000089b00000|  0%| F|  |TAMS 0x0000000089a00000, 0x0000000089a00000| Untracked 
| 127|0x0000000089b00000, 0x0000000089b418a0, 0x0000000089c00000| 25%| E|  |TAMS 0x0000000089b00000, 0x0000000089b00000| Complete 

Card table byte_map: [0x0000025e12490000,0x0000025e12890000] _byte_map_base: 0x0000025e12082000

Marking Bits (Prev, Next): (CMBitMap*) 0x0000025e7f969470, (CMBitMap*) 0x0000025e7f9694b0
 Prev Bits: [0x0000025e12c90000, 0x0000025e14c20000)
 Next Bits: [0x0000025e14c20000, 0x0000025e16bb0000)

Polling page: 0x0000025e7d7e0000

Metaspace:

Usage:
  Non-class:      8.87 MB used.
      Class:    882.54 KB used.
       Both:      9.73 MB used.

Virtual space:
  Non-class space:       16.00 MB reserved,       8.88 MB ( 55%) committed,  2 nodes.
      Class space:        1.00 GB reserved,     960.00 KB ( <1%) committed,  1 nodes.
              Both:        1.02 GB reserved,       9.81 MB ( <1%) committed. 

Chunk freelists:
   Non-Class:  2.55 MB
       Class:  3.03 MB
        Both:  5.58 MB

MaxMetaspaceSize: 17179869184.00 GB
CompressedClassSpaceSize: 1.00 GB
 - commit_granule_bytes: 65536.
 - commit_granule_words: 8192.
 - virtual_space_node_default_size: 1048576.
 - enlarge_chunks_in_place: 1.
 - new_chunks_are_fully_committed: 0.
 - uncommit_free_chunks: 1.
 - use_allocation_guard: 0.
 - handle_deallocations: 1.


Internal statistics:

num_allocs_failed_limit: 0.
num_arena_births: 22.
num_arena_deaths: 0.
num_vsnodes_births: 3.
num_vsnodes_deaths: 0.
num_space_committed: 157.
num_space_uncommitted: 0.
num_chunks_returned_to_freelist: 0.
num_chunks_taken_from_freelist: 90.
num_chunk_merges: 0.
num_chunk_splits: 52.
num_chunks_enlarged: 37.
num_purges: 0.

CodeHeap 'non-profiled nmethods': size=120000Kb used=216Kb max_used=216Kb free=119783Kb
 bounds [0x0000025e0af60000, 0x0000025e0b1d0000, 0x0000025e12490000]
CodeHeap 'profiled nmethods': size=120000Kb used=1200Kb max_used=1200Kb free=118799Kb
 bounds [0x0000025e03a30000, 0x0000025e03ca0000, 0x0000025e0af60000]
CodeHeap 'non-nmethods': size=5760Kb used=1137Kb max_used=1161Kb free=4622Kb
 bounds [0x0000025e03490000, 0x0000025e03700000, 0x0000025e03a30000]
 total_blobs=1088 nmethods=674 adapters=327
 compilation: enabled
              stopped_count=0, restarted_count=0
 full_count=0

Compilation events (20 events):
Event: 0.809 Thread 0x0000025e19939630  657   !   3       java.lang.invoke.MemberName::getMethodType (203 bytes)
Event: 0.811 Thread 0x0000025e19939630 nmethod 657 0x0000025e03b54110 code [0x0000025e03b54400, 0x0000025e03b55938]
Event: 0.812 Thread 0x0000025e19939630  659       3       java.lang.invoke.Invokers$Holder::linkToTargetMethod (8 bytes)
Event: 0.812 Thread 0x0000025e19939630 nmethod 659 0x0000025e03b55f10 code [0x0000025e03b560c0, 0x0000025e03b563b8]
Event: 0.812 Thread 0x0000025e19939630  660       3       java.lang.invoke.LambdaForm$MH/0x00000001000c4400::invoke (8 bytes)
Event: 0.812 Thread 0x0000025e19939630 nmethod 660 0x0000025e03b56490 code [0x0000025e03b56640, 0x0000025e03b56878]
Event: 0.815 Thread 0x0000025e19939630  661       3       java.lang.invoke.MethodType::parameterType (7 bytes)
Event: 0.815 Thread 0x0000025e19939630 nmethod 661 0x0000025e03b56990 code [0x0000025e03b56b20, 0x0000025e03b56c58]
Event: 0.816 Thread 0x0000025e19939630  663       1       sun.invoke.util.Wrapper::basicTypeChar (5 bytes)
Event: 0.816 Thread 0x0000025e19939630 nmethod 663 0x0000025e0af91890 code [0x0000025e0af91a20, 0x0000025e0af91af8]
Event: 0.816 Thread 0x0000025e19939630  665       3       jdk.internal.org.objectweb.asm.ByteVector::put12 (64 bytes)
Event: 0.817 Thread 0x0000025e19939630 nmethod 665 0x0000025e03b56d10 code [0x0000025e03b56ec0, 0x0000025e03b570e8]
Event: 0.818 Thread 0x0000025e19939630  668       3       java.lang.invoke.MemberName::initResolved (53 bytes)
Event: 0.818 Thread 0x0000025e19939630 nmethod 668 0x0000025e03b57290 code [0x0000025e03b57440, 0x0000025e03b575f8]
Event: 0.822 Thread 0x0000025e1a4efc00 nmethod 630 0x0000025e0af92890 code [0x0000025e0af92ae0, 0x0000025e0af936c0]
Event: 0.822 Thread 0x0000025e1a4efc00  670   !   4       java.util.zip.ZipFile::getEntry (59 bytes)
Event: 0.824 Thread 0x0000025e19939630  672       1       java.lang.invoke.MethodTypeForm::erasedType (5 bytes)
Event: 0.824 Thread 0x0000025e19939630 nmethod 672 0x0000025e0af93f90 code [0x0000025e0af94120, 0x0000025e0af941f8]
Event: 0.828 Thread 0x0000025e19939630  673       3       java.lang.StringLatin1::getChars (12 bytes)
Event: 0.828 Thread 0x0000025e19939630 nmethod 673 0x0000025e03b57690 code [0x0000025e03b57840, 0x0000025e03b57968]

GC Heap History (1 events):
Event: 0.832 GC heap before
{Heap before GC invocations=0 (full 0):
 garbage-first heap   total 131072K, used 13312K [0x0000000081c00000, 0x0000000100000000)
  region size 1024K, 13 young (13312K), 0 survivors (0K)
 Metaspace       used 9907K, committed 10048K, reserved 1064960K
  class space    used 874K, committed 960K, reserved 1048576K
}

Deoptimization events (20 events):
Event: 0.563 Thread 0x0000025e7f9298c0 Uncommon trap: trap_request=0xffffff45 fr.pc=0x0000025e0af77368 relative=0x0000000000000248
Event: 0.563 Thread 0x0000025e7f9298c0 Uncommon trap: reason=unstable_if action=reinterpret pc=0x0000025e0af77368 method=java.io.BufferedReader.read()I @ 19 c2
Event: 0.563 Thread 0x0000025e7f9298c0 DEOPT PACKING pc=0x0000025e0af77368 sp=0x000000b7e3bfc1f0
Event: 0.563 Thread 0x0000025e7f9298c0 DEOPT UNPACKING pc=0x0000025e034dd72e sp=0x000000b7e3bfc130 mode 2
Event: 0.612 Thread 0x0000025e7f9298c0 DEOPT PACKING pc=0x0000025e03a48265 sp=0x000000b7e3bfc690
Event: 0.612 Thread 0x0000025e7f9298c0 DEOPT UNPACKING pc=0x0000025e034ddece sp=0x000000b7e3bfbae0 mode 0
Event: 0.687 Thread 0x0000025e7f9298c0 Uncommon trap: trap_request=0xffffff45 fr.pc=0x0000025e0af690c8 relative=0x0000000000000408
Event: 0.687 Thread 0x0000025e7f9298c0 Uncommon trap: reason=unstable_if action=reinterpret pc=0x0000025e0af690c8 method=java.lang.StringLatin1.canEncode(I)Z @ 4 c2
Event: 0.687 Thread 0x0000025e7f9298c0 DEOPT PACKING pc=0x0000025e0af690c8 sp=0x000000b7e3bfd420
Event: 0.687 Thread 0x0000025e7f9298c0 DEOPT UNPACKING pc=0x0000025e034dd72e sp=0x000000b7e3bfd348 mode 2
Event: 0.687 Thread 0x0000025e7f9298c0 Uncommon trap: trap_request=0xffffff45 fr.pc=0x0000025e0af6ff2c relative=0x00000000000003ec
Event: 0.687 Thread 0x0000025e7f9298c0 Uncommon trap: reason=unstable_if action=reinterpret pc=0x0000025e0af6ff2c method=java.lang.AbstractStringBuilder.isLatin1()Z @ 10 c2
Event: 0.687 Thread 0x0000025e7f9298c0 DEOPT PACKING pc=0x0000025e0af6ff2c sp=0x000000b7e3bfd430
Event: 0.687 Thread 0x0000025e7f9298c0 DEOPT UNPACKING pc=0x0000025e034dd72e sp=0x000000b7e3bfd3b0 mode 2
Event: 0.755 Thread 0x0000025e7f9298c0 DEOPT PACKING pc=0x0000025e03a9aa48 sp=0x000000b7e3bfdcc0
Event: 0.755 Thread 0x0000025e7f9298c0 DEOPT UNPACKING pc=0x0000025e034ddece sp=0x000000b7e3bfd120 mode 0
Event: 0.777 Thread 0x0000025e7f9298c0 Uncommon trap: trap_request=0xffffff45 fr.pc=0x0000025e0af69b04 relative=0x0000000000000064
Event: 0.777 Thread 0x0000025e7f9298c0 Uncommon trap: reason=unstable_if action=reinterpret pc=0x0000025e0af69b04 method=java.io.WinNTFileSystem.isSlash(C)Z @ 9 c2
Event: 0.777 Thread 0x0000025e7f9298c0 DEOPT PACKING pc=0x0000025e0af69b04 sp=0x000000b7e3bfe880
Event: 0.777 Thread 0x0000025e7f9298c0 DEOPT UNPACKING pc=0x0000025e034dd72e sp=0x000000b7e3bfe808 mode 2

Classes unloaded (0 events):
No events

Classes redefined (0 events):
No events

Internal exceptions (5 events):
Event: 0.562 Thread 0x0000025e7f9298c0 Exception <a 'java/lang/ClassNotFoundException'{0x000000008948f9d0}: javax/smartcardio/CardPermission> (0x000000008948f9d0) 
thrown [t:\workspace\open\src\hotspot\share\classfile\systemDictionary.cpp, line 256]
Event: 0.565 Thread 0x0000025e7f9298c0 Exception <a 'java/io/FileNotFoundException'{0x000000008949df60}> (0x000000008949df60) 
thrown [t:\workspace\open\src\hotspot\share\prims\jni.cpp, line 579]
Event: 0.590 Thread 0x0000025e7f9298c0 Exception <a 'java/lang/NoSuchMethodError'{0x0000000089300298}: 'void java.lang.invoke.DirectMethodHandle$Holder.invokeSpecial(java.lang.Object, java.lang.Object, java.lang.Object)'> (0x0000000089300298) 
thrown [t:\workspace\open\src\hotspot\share\interpreter\linkResolver.cpp, line 790]
Event: 0.806 Thread 0x0000025e7f9298c0 Exception <a 'java/lang/NoSuchMethodError'{0x0000000088f8a4a0}: 'java.lang.Object java.lang.invoke.DirectMethodHandle$Holder.invokeSpecialIFC(java.lang.Object, java.lang.Object, java.lang.Object, java.lang.Object)'> (0x0000000088f8a4a0) 
thrown [t:\workspace\open\src\hotspot\share\interpreter\linkResolver.cpp, line 790]
Event: 0.824 Thread 0x0000025e7f9298c0 Exception <a 'java/lang/NoSuchMethodError'{0x0000000088fc9cc0}: 'int java.lang.invoke.DirectMethodHandle$Holder.invokeVirtual(java.lang.Object, java.lang.Object, java.lang.Object)'> (0x0000000088fc9cc0) 
thrown [t:\workspace\open\src\hotspot\share\interpreter\linkResolver.cpp, line 790]

Events (20 events):
Event: 0.821 loading class java/util/LinkedHashMap$LinkedKeySet done
Event: 0.821 loading class java/util/LinkedHashMap$LinkedKeyIterator
Event: 0.821 loading class java/util/LinkedHashMap$LinkedHashIterator
Event: 0.821 loading class java/util/LinkedHashMap$LinkedHashIterator done
Event: 0.821 loading class java/util/LinkedHashMap$LinkedKeyIterator done
Event: 0.824 loading class java/util/stream/ReferencePipeline$3
Event: 0.824 loading class java/util/stream/ReferencePipeline$StatelessOp
Event: 0.824 loading class java/util/stream/ReferencePipeline$StatelessOp done
Event: 0.824 loading class java/util/stream/ReferencePipeline$3 done
Event: 0.825 loading class java/util/stream/ForEachOps
Event: 0.825 loading class java/util/stream/ForEachOps done
Event: 0.825 loading class java/util/stream/ForEachOps$ForEachOp$OfRef
Event: 0.825 loading class java/util/stream/ForEachOps$ForEachOp
Event: 0.825 loading class java/util/stream/ForEachOps$ForEachOp done
Event: 0.825 loading class java/util/stream/ForEachOps$ForEachOp$OfRef done
Event: 0.825 loading class java/util/stream/ReferencePipeline$3$1
Event: 0.825 loading class java/util/stream/ReferencePipeline$3$1 done
Event: 0.831 loading class java/lang/reflect/InvocationTargetException
Event: 0.831 loading class java/lang/reflect/InvocationTargetException done
Event: 0.832 Executing  VM operation: G1CollectForAllocation


Dynamic libraries:
0x00007ff6c2a50000 - 0x00007ff6c2a5e000 	C:\eclipse\plugins\org.eclipse.justj.openjdk.hotspot.jre.full.win32.x86_64_16.0.1.v20210528-1205\jre\bin\javaw.exe
0x00007ffb65470000 - 0x00007ffb65665000 	C:\Windows\SYSTEM32\ntdll.dll
0x00007ffb647c0000 - 0x00007ffb6487e000 	C:\Windows\System32\KERNEL32.DLL
0x00007ffb62f90000 - 0x00007ffb63259000 	C:\Windows\System32\KERNELBASE.dll
0x00007ffb62b90000 - 0x00007ffb62c90000 	C:\Windows\System32\ucrtbase.dll
0x00007ffb47ea0000 - 0x00007ffb47eb8000 	C:\eclipse\plugins\org.eclipse.justj.openjdk.hotspot.jre.full.win32.x86_64_16.0.1.v20210528-1205\jre\bin\jli.dll
0x00007ffb63fd0000 - 0x00007ffb64171000 	C:\Windows\System32\USER32.dll
0x00007ffb62f30000 - 0x00007ffb62f52000 	C:\Windows\System32\win32u.dll
0x00007ffb64180000 - 0x00007ffb641ab000 	C:\Windows\System32\GDI32.dll
0x00007ffb63260000 - 0x00007ffb6336b000 	C:\Windows\System32\gdi32full.dll
0x00007ffb63370000 - 0x00007ffb6340d000 	C:\Windows\System32\msvcp_win.dll
0x00007ffb3ef40000 - 0x00007ffb3ef59000 	C:\eclipse\plugins\org.eclipse.justj.openjdk.hotspot.jre.full.win32.x86_64_16.0.1.v20210528-1205\jre\bin\VCRUNTIME140.dll
0x00007ffb51270000 - 0x00007ffb5150a000 	C:\Windows\WinSxS\amd64_microsoft.windows.common-controls_6595b64144ccf1df_6.0.19041.1110_none_60b5254171f9507e\COMCTL32.dll
0x00007ffb64a00000 - 0x00007ffb64a9e000 	C:\Windows\System32\msvcrt.dll
0x00007ffb649d0000 - 0x00007ffb64a00000 	C:\Windows\System32\IMM32.DLL
0x00007ffb53770000 - 0x00007ffb5377c000 	C:\eclipse\plugins\org.eclipse.justj.openjdk.hotspot.jre.full.win32.x86_64_16.0.1.v20210528-1205\jre\bin\vcruntime140_1.dll
0x00007ffb2cc90000 - 0x00007ffb2cd21000 	C:\eclipse\plugins\org.eclipse.justj.openjdk.hotspot.jre.full.win32.x86_64_16.0.1.v20210528-1205\jre\bin\msvcp140.dll
0x00007ffb27380000 - 0x00007ffb27f2b000 	C:\eclipse\plugins\org.eclipse.justj.openjdk.hotspot.jre.full.win32.x86_64_16.0.1.v20210528-1205\jre\bin\server\jvm.dll
0x00007ffb634c0000 - 0x00007ffb6356c000 	C:\Windows\System32\ADVAPI32.dll
0x00007ffb63a00000 - 0x00007ffb63a9b000 	C:\Windows\System32\sechost.dll
0x00007ffb644d0000 - 0x00007ffb645fa000 	C:\Windows\System32\RPCRT4.dll
0x00007ffb647b0000 - 0x00007ffb647b8000 	C:\Windows\System32\PSAPI.DLL
0x00007ffb4c270000 - 0x00007ffb4c279000 	C:\Windows\SYSTEM32\WSOCK32.dll
0x00007ffb64900000 - 0x00007ffb6496b000 	C:\Windows\System32\WS2_32.dll
0x00007ffb4f3f0000 - 0x00007ffb4f417000 	C:\Windows\SYSTEM32\WINMM.dll
0x00007ffb5cf60000 - 0x00007ffb5cf6a000 	C:\Windows\SYSTEM32\VERSION.dll
0x00007ffb61440000 - 0x00007ffb61452000 	C:\Windows\SYSTEM32\kernel.appcore.dll
0x00007ffb5edb0000 - 0x00007ffb5edba000 	C:\eclipse\plugins\org.eclipse.justj.openjdk.hotspot.jre.full.win32.x86_64_16.0.1.v20210528-1205\jre\bin\jimage.dll
0x00007ffb60980000 - 0x00007ffb60b64000 	C:\Windows\SYSTEM32\DBGHELP.DLL
0x00007ffb4b060000 - 0x00007ffb4b08c000 	C:\Windows\SYSTEM32\dbgcore.DLL
0x00007ffb62c90000 - 0x00007ffb62d13000 	C:\Windows\System32\bcryptPrimitives.dll
0x00007ffb51b20000 - 0x00007ffb51b45000 	C:\eclipse\plugins\org.eclipse.justj.openjdk.hotspot.jre.full.win32.x86_64_16.0.1.v20210528-1205\jre\bin\java.dll
0x00007ffb5d640000 - 0x00007ffb5d658000 	C:\eclipse\plugins\org.eclipse.justj.openjdk.hotspot.jre.full.win32.x86_64_16.0.1.v20210528-1205\jre\bin\zip.dll
0x00007ffb64aa0000 - 0x00007ffb651df000 	C:\Windows\System32\SHELL32.dll
0x00007ffb60b90000 - 0x00007ffb61320000 	C:\Windows\SYSTEM32\windows.storage.dll
0x00007ffb63be0000 - 0x00007ffb63f35000 	C:\Windows\System32\combase.dll
0x00007ffb62510000 - 0x00007ffb6253c000 	C:\Windows\SYSTEM32\Wldp.dll
0x00007ffb651e0000 - 0x00007ffb6528e000 	C:\Windows\System32\SHCORE.dll
0x00007ffb64880000 - 0x00007ffb648d5000 	C:\Windows\System32\shlwapi.dll
0x00007ffb62ad0000 - 0x00007ffb62aef000 	C:\Windows\SYSTEM32\profapi.dll
0x00007ffb5d5a0000 - 0x00007ffb5d5b9000 	C:\eclipse\plugins\org.eclipse.justj.openjdk.hotspot.jre.full.win32.x86_64_16.0.1.v20210528-1205\jre\bin\net.dll
0x00007ffb50b00000 - 0x00007ffb50c08000 	C:\Windows\SYSTEM32\WINHTTP.dll
0x00007ffb62270000 - 0x00007ffb622da000 	C:\Windows\system32\mswsock.dll
0x00007ffb5a250000 - 0x00007ffb5a263000 	C:\eclipse\plugins\org.eclipse.justj.openjdk.hotspot.jre.full.win32.x86_64_16.0.1.v20210528-1205\jre\bin\nio.dll
0x00007ffb5e2c0000 - 0x00007ffb5e2d0000 	C:\eclipse\plugins\org.eclipse.justj.openjdk.hotspot.jre.full.win32.x86_64_16.0.1.v20210528-1205\jre\bin\verify.dll

dbghelp: loaded successfully - version: 4.0.5 - missing functions: none
symbol engine: initialized successfully - sym options: 0x614 - pdb path: .;C:\eclipse\plugins\org.eclipse.justj.openjdk.hotspot.jre.full.win32.x86_64_16.0.1.v20210528-1205\jre\bin;C:\Windows\SYSTEM32;C:\Windows\WinSxS\amd64_microsoft.windows.common-controls_6595b64144ccf1df_6.0.19041.1110_none_60b5254171f9507e;C:\eclipse\plugins\org.eclipse.justj.openjdk.hotspot.jre.full.win32.x86_64_16.0.1.v20210528-1205\jre\bin\server

VM Arguments:
jvm_args: -Dfile.encoding=UTF-8 -XX:+ShowCodeDetailsInExceptionMessages 
java_command: org.genration.blogPessoal.BlogPessoalApplication
java_class_path (initial): C:\Users\usuario\Desktop\Blog-Pessoal\blogPessoal\target\classes;C:\Users\usuario\.m2\repository\io\springfox\springfox-boot-starter\3.0.0\springfox-boot-starter-3.0.0.jar;C:\Users\usuario\.m2\repository\io\springfox\springfox-oas\3.0.0\springfox-oas-3.0.0.jar;C:\Users\usuario\.m2\repository\io\swagger\core\v3\swagger-annotations\2.1.2\swagger-annotations-2.1.2.jar;C:\Users\usuario\.m2\repository\io\swagger\core\v3\swagger-models\2.1.2\swagger-models-2.1.2.jar;C:\Users\usuario\.m2\repository\com\fasterxml\jackson\core\jackson-annotations\2.12.5\jackson-annotations-2.12.5.jar;C:\Users\usuario\.m2\repository\io\springfox\springfox-spi\3.0.0\springfox-spi-3.0.0.jar;C:\Users\usuario\.m2\repository\io\springfox\springfox-schema\3.0.0\springfox-schema-3.0.0.jar;C:\Users\usuario\.m2\repository\io\springfox\springfox-core\3.0.0\springfox-core-3.0.0.jar;C:\Users\usuario\.m2\repository\io\springfox\springfox-spring-web\3.0.0\springfox-spring-web-3.0.0.jar;C:\Users\usuario\.m2\repository\io\github\classgraph\classgraph\4.8.83\classgraph-4.8.83.jar;C:\Users\usuario\.m2\repository\io\springfox\springfox-spring-webmvc\3.0.0\springfox-spring-webmvc-3.0.0.jar;C:\Users\usuario\.m2\repository\io\springfox\springfox-spring-webflux\3.0.0\springfox-spring-webflux-3.0.0.jar;C:\Users\usuario\.m2\repository\io\springfox\springfox-swagger-common\3.0.0\springfox-swagger-common-3.0.0.jar;C:\Users\usuario\.m2\repository\org\mapstruct\mapstruct\1.3.1.Final\mapstruct-1.3.1.Final.jar;C:\Users\usuario\.m2\repository\io\springfox\springfox-data-rest\3.0.0\springfox-data-rest-3.0.0.jar;C:\Users\usuario\.m2\repository\io\springfox\springfox-bean-validators\3.0.0\springfox-bean-validators-3.0.0.jar;C:\Users\usuario\.m2\repository\io\springfox\springfox-swagger2\3.0.0\springfox-swagger2-3.0.0.jar;C:\Users\usuario\.m2\repository\io\swagger\swagger-annotations\1.5.20\swagger-annotations-1.5.20.jar;C:\Users\usuario\.m2\repository\io\swagger\swagger-models\1.5.20\swagger-models
Launcher Type: SUN_STANDARD

[Global flags]
     intx CICompilerCount                          = 3                                         {product} {ergonomic}
     uint ConcGCThreads                            = 1                                         {product} {ergonomic}
     uint G1ConcRefinementThreads                  = 4                                         {product} {ergonomic}
   size_t G1HeapRegionSize                         = 1048576                                   {product} {ergonomic}
    uintx GCDrainStackTargetSize                   = 64                                        {product} {ergonomic}
   size_t InitialHeapSize                          = 134217728                                 {product} {ergonomic}
   size_t MarkStackSize                            = 4194304                                   {product} {ergonomic}
   size_t MaxHeapSize                              = 2118123520                                {product} {ergonomic}
   size_t MaxNewSize                               = 1270874112                                {product} {ergonomic}
   size_t MinHeapDeltaBytes                        = 1048576                                   {product} {ergonomic}
   size_t MinHeapSize                              = 8388608                                   {product} {ergonomic}
    uintx NonNMethodCodeHeapSize                   = 5832780                                {pd product} {ergonomic}
    uintx NonProfiledCodeHeapSize                  = 122912730                              {pd product} {ergonomic}
    uintx ProfiledCodeHeapSize                     = 122912730                              {pd product} {ergonomic}
    uintx ReservedCodeCacheSize                    = 251658240                              {pd product} {ergonomic}
     bool SegmentedCodeCache                       = true                                      {product} {ergonomic}
     bool ShowCodeDetailsInExceptionMessages       = true                                   {manageable} {command line}
   size_t SoftMaxHeapSize                          = 2118123520                             {manageable} {ergonomic}
     bool UseCompressedClassPointers               = true                           {product lp64_product} {ergonomic}
     bool UseCompressedOops                        = true                           {product lp64_product} {ergonomic}
     bool UseG1GC                                  = true                                      {product} {ergonomic}
     bool UseLargePagesIndividualAllocation        = false                                  {pd product} {ergonomic}

Logging:
Log output configuration:
 #0: stdout all=warning uptime,level,tags
 #1: stderr all=off uptime,level,tags

Environment Variables:
JAVA_HOME=C:\Program Files\Java\zulu11.50.19-ca-jdk11.0.12-win_x64
PATH=C:/eclipse//plugins/org.eclipse.justj.openjdk.hotspot.jre.full.win32.x86_64_16.0.1.v20210528-1205/jre/bin/server;C:/eclipse//plugins/org.eclipse.justj.openjdk.hotspot.jre.full.win32.x86_64_16.0.1.v20210528-1205/jre/bin;C:\Program Files\Java\zulu11.50.19-ca-jdk11.0.12-win_x64\bin;C:\Program Files\Common Files\Oracle\Java\javapath;C:\Windows\system32;C:\Windows;C:\Windows\System32\Wbem;C:\Windows\System32\WindowsPowerShell\v1.0\;C:\Windows\System32\OpenSSH\;C:\Program Files (x86)\Intel\Intel(R) Management Engine Components\DAL;C:\Program Files\Intel\Intel(R) Management Engine Components\DAL;C:\Program Files\Git\cmd;C:\ProgramData\UNIVALI\Portugol Studio;C:\Users\usuario\AppData\Local\Microsoft\WindowsApps;;C:\Users\usuario\AppData\Local\Programs\Microsoft VS Code\bin;C:\eclipse;
USERNAME=usuario
OS=Windows_NT
PROCESSOR_IDENTIFIER=Intel64 Family 6 Model 142 Stepping 9, GenuineIntel



---------------  S Y S T E M  ---------------

OS:
 Windows 10 , 64 bit Build 19041 (10.0.19041.1202)
OS uptime: 15 days 3:51 hours

CPU: total 4 (initial active 4) (2 cores per cpu, 2 threads per core) family 6 model 142 stepping 9 microcode 0xea, cx8, cmov, fxsr, ht, mmx, 3dnowpref, sse, sse2, sse3, ssse3, sse4.1, sse4.2, popcnt, lzcnt, tsc, tscinvbit, avx, avx2, aes, erms, clmul, bmi1, bmi2, adx, fma, vzeroupper, clflush, clflushopt

Memory: 4k page, system-wide physical 8073M (1338M free)
TotalPageFile size 12169M (AvailPageFile size 5M)
current process WorkingSet (physical memory assigned to process): 67M, peak: 67M
current process commit charge ("private bytes"): 213M, peak: 213M

vm_info: OpenJDK 64-Bit Server VM (16.0.1+9-24) for windows-amd64 JRE (16.0.1+9-24), built on Mar 26 2021 19:30:07 by "mach5one" with MS VC++ 16.7 (VS2019)

END.
